# Logfile created on 2026-07-01 16:43:54 +0200 by logger.rb/v1.5.3
2026-07-01 16:43:54 +0200: Memory Usage (442824K) : Starting running SG13CMOS5L Klayout LVS runset on /foss/designs/ihp_INI_project/INI_Block/neuron_sg13cmos5l.klay.gds
2026-07-01 16:43:54 +0200: Memory Usage (442824K) : Ruby Version for klayout: 3.2.3
2026-07-01 16:43:54 +0200: Memory Usage (444360K) : Loading database to memory is complete.
2026-07-01 16:43:54 +0200: Memory Usage (444360K) : SG13CMOS5L Klayout LVS runset output at: /foss/designs/ihp_INI_project/INI_Block/lvs_run_neuron_2026_07_01_16_43_52/neuron_sg13cmos5l.lvsdb
2026-07-01 16:43:54 +0200: Memory Usage (444360K) : Evaluate switches.
2026-07-01 16:43:54 +0200: Memory Usage (444360K) : Extracted netlist with net names: true
2026-07-01 16:43:54 +0200: Memory Usage (444360K) : Extracted netlist with comments in details: false
2026-07-01 16:43:54 +0200: Memory Usage (444360K) : Selected NET_ONLY option: false
2026-07-01 16:43:54 +0200: Memory Usage (444360K) : Selected LAYOUT_NETLIST option: (none)
2026-07-01 16:43:54 +0200: Memory Usage (444360K) : Selected IGNORE_TOP_PORTS_MISMATCH option: 
2026-07-01 16:43:54 +0200: Memory Usage (444360K) : Selected IMPLICIT_NETS option: (none)
2026-07-01 16:43:54 +0200: Memory Usage (444360K) : Selected TOP_LVL_PINS option: false
2026-07-01 16:43:54 +0200: Memory Usage (444360K) : Selected COMBINE DEVICES option: false
2026-07-01 16:43:54 +0200: Memory Usage (444360K) : Selected PURGE option: false
2026-07-01 16:43:54 +0200: Memory Usage (444360K) : Selected PURGE_NETS option: false
2026-07-01 16:43:54 +0200: Memory Usage (444360K) : Selected SIMPLIFY option: true
2026-07-01 16:43:54 +0200: Memory Usage (444360K) : Selected SERIES_RES option: true
2026-07-01 16:43:54 +0200: Memory Usage (444360K) : Selected PARALLEL_RES option: true
2026-07-01 16:43:54 +0200: Memory Usage (444360K) : flat  mode is enabled.
2026-07-01 16:43:54 +0200: Memory Usage (445384K) : Netlist file: /foss/designs/ihp_INI_project/INI_Block/neuron.spice
2026-07-01 16:43:54 +0200: Memory Usage (445384K) : LVS extracted netlist at: /foss/designs/ihp_INI_project/INI_Block/lvs_run_neuron_2026_07_01_16_43_52/neuron_sg13cmos5l_extracted.cir
2026-07-01 16:43:54 +0200: Memory Usage (445384K) : Applying SRAM integration support.
2026-07-01 16:43:54 +0200: Memory Usage (445384K) : Starting SG13CMOS5L LVS runset
2026-07-01 16:43:54 +0200: Memory Usage (445384K) : Read in polygons from layers.
2026-07-01 16:43:54 +0200: Memory Usage (446536K) : activ_drw has 92 polygons
2026-07-01 16:43:54 +0200: Memory Usage (446536K) : activ_filler has 0 polygons
2026-07-01 16:43:54 +0200: Memory Usage (446536K) : activ has 92 polygons
2026-07-01 16:43:54 +0200: Memory Usage (446664K) : activ_pin has 0 polygons
2026-07-01 16:43:54 +0200: Memory Usage (446664K) : activ_mask has 0 polygons
2026-07-01 16:43:54 +0200: Memory Usage (446664K) : activ_nofill has 0 polygons
2026-07-01 16:43:54 +0200: Memory Usage (446792K) : activ_OPC has 0 polygons
2026-07-01 16:43:54 +0200: Memory Usage (446920K) : activ_iOPC has 0 polygons
2026-07-01 16:43:54 +0200: Memory Usage (447048K) : activ_noqrc has 0 polygons
2026-07-01 16:43:54 +0200: Memory Usage (447176K) : biwind_drw has 0 polygons
2026-07-01 16:43:54 +0200: Memory Usage (447560K) : biwind_OPC has 0 polygons
2026-07-01 16:43:55 +0200: Memory Usage (447688K) : gatpoly_drw has 282 polygons
2026-07-01 16:43:55 +0200: Memory Usage (447688K) : gatpoly_filler has 0 polygons
2026-07-01 16:43:55 +0200: Memory Usage (447688K) : gatpoly has 282 polygons
2026-07-01 16:43:55 +0200: Memory Usage (447816K) : gatpoly_pin has 196 polygons
2026-07-01 16:43:55 +0200: Memory Usage (448072K) : gatpoly_nofill has 0 polygons
2026-07-01 16:43:55 +0200: Memory Usage (448200K) : gatpoly_OPC has 0 polygons
2026-07-01 16:43:55 +0200: Memory Usage (448328K) : gatpoly_iOPC has 0 polygons
2026-07-01 16:43:55 +0200: Memory Usage (448456K) : gatpoly_noqrc has 0 polygons
2026-07-01 16:43:55 +0200: Memory Usage (451144K) : cont_drw has 8476 polygons
2026-07-01 16:43:55 +0200: Memory Usage (451144K) : cont_OPC has 0 polygons
2026-07-01 16:43:55 +0200: Memory Usage (451144K) : nsd_drw has 0 polygons
2026-07-01 16:43:55 +0200: Memory Usage (451144K) : nsd_block has 0 polygons
2026-07-01 16:43:55 +0200: Memory Usage (451656K) : metal1_drw has 183 polygons
2026-07-01 16:43:55 +0200: Memory Usage (451656K) : metal1_filler has 0 polygons
2026-07-01 16:43:55 +0200: Memory Usage (451656K) : metal1_slit has 0 polygons
2026-07-01 16:43:55 +0200: Memory Usage (451656K) : metal1 has 183 polygons
2026-07-01 16:43:55 +0200: Memory Usage (451656K) : metal1_pin has 388 polygons
2026-07-01 16:43:55 +0200: Memory Usage (451656K) : metal1_mask has 0 polygons
2026-07-01 16:43:55 +0200: Memory Usage (451656K) : metal1_nofill has 0 polygons
2026-07-01 16:43:55 +0200: Memory Usage (451784K) : metal1_text has 0 polygons
2026-07-01 16:43:55 +0200: Memory Usage (451784K) : metal1_OPC has 0 polygons
2026-07-01 16:43:55 +0200: Memory Usage (451784K) : metal1_noqrc has 0 polygons
2026-07-01 16:43:55 +0200: Memory Usage (451784K) : metal1_res has 0 polygons
2026-07-01 16:43:55 +0200: Memory Usage (451912K) : metal1_iprobe has 0 polygons
2026-07-01 16:43:55 +0200: Memory Usage (452040K) : metal1_diffprb has 0 polygons
2026-07-01 16:43:55 +0200: Memory Usage (452168K) : passiv_drw has 0 polygons
2026-07-01 16:43:55 +0200: Memory Usage (452424K) : passiv_pin has 0 polygons
2026-07-01 16:43:55 +0200: Memory Usage (452552K) : passiv_sbump has 0 polygons
2026-07-01 16:43:55 +0200: Memory Usage (452680K) : passiv_pillar has 0 polygons
2026-07-01 16:43:55 +0200: Memory Usage (452808K) : passiv_pdl has 0 polygons
2026-07-01 16:43:55 +0200: Memory Usage (452936K) : metal2_drw has 216 polygons
2026-07-01 16:43:55 +0200: Memory Usage (453064K) : metal2_filler has 0 polygons
2026-07-01 16:43:55 +0200: Memory Usage (453192K) : metal2_slit has 0 polygons
2026-07-01 16:43:55 +0200: Memory Usage (453320K) : metal2 has 216 polygons
2026-07-01 16:43:55 +0200: Memory Usage (453448K) : metal2_pin has 0 polygons
2026-07-01 16:43:55 +0200: Memory Usage (453704K) : metal2_mask has 0 polygons
2026-07-01 16:43:55 +0200: Memory Usage (453832K) : metal2_nofill has 0 polygons
2026-07-01 16:43:55 +0200: Memory Usage (453832K) : metal2_text has 0 polygons
2026-07-01 16:43:55 +0200: Memory Usage (453960K) : metal2_OPC has 0 polygons
2026-07-01 16:43:55 +0200: Memory Usage (454216K) : metal2_noqrc has 0 polygons
2026-07-01 16:43:55 +0200: Memory Usage (454344K) : metal2_res has 0 polygons
2026-07-01 16:43:55 +0200: Memory Usage (454600K) : metal2_iprobe has 0 polygons
2026-07-01 16:43:55 +0200: Memory Usage (454728K) : metal2_diffprb has 0 polygons
2026-07-01 16:43:55 +0200: Memory Usage (454856K) : baspoly_drw has 0 polygons
2026-07-01 16:43:55 +0200: Memory Usage (454984K) : baspoly_pin has 0 polygons
2026-07-01 16:43:55 +0200: Memory Usage (455112K) : psd_drw has 19 polygons
2026-07-01 16:43:55 +0200: Memory Usage (455240K) : nldb_drw has 0 polygons
2026-07-01 16:43:55 +0200: Memory Usage (455368K) : digibnd_drw has 0 polygons
2026-07-01 16:43:55 +0200: Memory Usage (455368K) : via1_drw has 1181 polygons
2026-07-01 16:43:55 +0200: Memory Usage (455752K) : backmetal1_drw has 0 polygons
2026-07-01 16:43:55 +0200: Memory Usage (455752K) : backmetal1_pin has 0 polygons
2026-07-01 16:43:55 +0200: Memory Usage (455752K) : backmetal1_mask has 0 polygons
2026-07-01 16:43:55 +0200: Memory Usage (455880K) : backmetal1_filler has 0 polygons
2026-07-01 16:43:55 +0200: Memory Usage (456008K) : backmetal1_nofill has 0 polygons
2026-07-01 16:43:55 +0200: Memory Usage (456008K) : backmetal1_slit has 0 polygons
2026-07-01 16:43:55 +0200: Memory Usage (456136K) : backmetal1_text has 0 polygons
2026-07-01 16:43:55 +0200: Memory Usage (456136K) : backmetal1_OPC has 0 polygons
2026-07-01 16:43:55 +0200: Memory Usage (456264K) : backmetal1_noqrc has 0 polygons
2026-07-01 16:43:55 +0200: Memory Usage (456392K) : backmetal1_res has 0 polygons
2026-07-01 16:43:55 +0200: Memory Usage (456520K) : backmetal1_iprobe has 0 polygons
2026-07-01 16:43:55 +0200: Memory Usage (456648K) : backmetal1_diffprb has 0 polygons
2026-07-01 16:43:55 +0200: Memory Usage (456776K) : backpassiv_drw has 0 polygons
2026-07-01 16:43:55 +0200: Memory Usage (456904K) : res_drw has 0 polygons
2026-07-01 16:43:55 +0200: Memory Usage (457032K) : sram_drw has 0 polygons
2026-07-01 16:43:55 +0200: Memory Usage (457160K) : trans_drw has 0 polygons
2026-07-01 16:43:55 +0200: Memory Usage (457416K) : ind_drw has 0 polygons
2026-07-01 16:43:55 +0200: Memory Usage (457544K) : ind_pin has 0 polygons
2026-07-01 16:43:55 +0200: Memory Usage (457544K) : ind_text has 0 polygons
2026-07-01 16:43:55 +0200: Memory Usage (457672K) : salblock_drw has 0 polygons
2026-07-01 16:43:55 +0200: Memory Usage (457800K) : via2_drw has 673 polygons
2026-07-01 16:43:55 +0200: Memory Usage (458056K) : metal3_drw has 40 polygons
2026-07-01 16:43:55 +0200: Memory Usage (458184K) : metal3_filler has 0 polygons
2026-07-01 16:43:55 +0200: Memory Usage (458312K) : metal3_slit has 0 polygons
2026-07-01 16:43:55 +0200: Memory Usage (458312K) : metal3 has 40 polygons
2026-07-01 16:43:55 +0200: Memory Usage (458440K) : metal3_pin has 40 polygons
2026-07-01 16:43:55 +0200: Memory Usage (458568K) : metal3_mask has 0 polygons
2026-07-01 16:43:55 +0200: Memory Usage (458568K) : metal3_nofill has 0 polygons
2026-07-01 16:43:55 +0200: Memory Usage (458696K) : metal3_text has 44 polygons
2026-07-01 16:43:55 +0200: Memory Usage (458824K) : metal3_OPC has 0 polygons
2026-07-01 16:43:55 +0200: Memory Usage (458952K) : metal3_noqrc has 0 polygons
2026-07-01 16:43:55 +0200: Memory Usage (459080K) : metal3_res has 0 polygons
2026-07-01 16:43:55 +0200: Memory Usage (459208K) : metal3_iprobe has 0 polygons
2026-07-01 16:43:55 +0200: Memory Usage (459336K) : metal3_diffprb has 0 polygons
2026-07-01 16:43:55 +0200: Memory Usage (459464K) : nwell_drw has 13 polygons
2026-07-01 16:43:55 +0200: Memory Usage (459720K) : nwell_pin has 13 polygons
2026-07-01 16:43:55 +0200: Memory Usage (459720K) : nwell_text has 0 polygons
2026-07-01 16:43:55 +0200: Memory Usage (459848K) : nbulay_drw has 0 polygons
2026-07-01 16:43:55 +0200: Memory Usage (459976K) : nbulay_pin has 0 polygons
2026-07-01 16:43:55 +0200: Memory Usage (460104K) : nbulay_block has 0 polygons
2026-07-01 16:43:55 +0200: Memory Usage (460232K) : emwind_drw has 0 polygons
2026-07-01 16:43:55 +0200: Memory Usage (460488K) : emwind_OPC has 0 polygons
2026-07-01 16:43:55 +0200: Memory Usage (460616K) : deepco_drw has 0 polygons
2026-07-01 16:43:55 +0200: Memory Usage (460744K) : mim_drw has 0 polygons
2026-07-01 16:43:55 +0200: Memory Usage (460872K) : edgeseal_drw has 0 polygons
2026-07-01 16:43:55 +0200: Memory Usage (461000K) : substrate_drw has 114 polygons
2026-07-01 16:43:55 +0200: Memory Usage (461000K) : substrate_text has 0 polygons
2026-07-01 16:43:55 +0200: Memory Usage (461000K) : dfpad_drw has 0 polygons
2026-07-01 16:43:55 +0200: Memory Usage (461128K) : dfpad_pillar has 0 polygons
2026-07-01 16:43:55 +0200: Memory Usage (461256K) : dfpad_sbump has 0 polygons
2026-07-01 16:43:55 +0200: Memory Usage (461256K) : thickgateox_drw has 1 polygons
2026-07-01 16:43:55 +0200: Memory Usage (461384K) : pldb_drw has 0 polygons
2026-07-01 16:43:55 +0200: Memory Usage (461384K) : pwell_drw has 0 polygons
2026-07-01 16:43:55 +0200: Memory Usage (461640K) : pwell_pin has 0 polygons
2026-07-01 16:43:55 +0200: Memory Usage (461768K) : pwell_block has 0 polygons
2026-07-01 16:43:55 +0200: Memory Usage (461896K) : ic_drw has 0 polygons
2026-07-01 16:43:55 +0200: Memory Usage (462024K) : via3_drw has 28 polygons
2026-07-01 16:43:55 +0200: Memory Usage (462152K) : metal4_drw has 7 polygons
2026-07-01 16:43:55 +0200: Memory Usage (462280K) : metal4_filler has 0 polygons
2026-07-01 16:43:55 +0200: Memory Usage (462408K) : metal4_slit has 0 polygons
2026-07-01 16:43:55 +0200: Memory Usage (462536K) : metal4 has 7 polygons
2026-07-01 16:43:55 +0200: Memory Usage (462664K) : metal4_pin has 7 polygons
2026-07-01 16:43:55 +0200: Memory Usage (462792K) : metal4_mask has 0 polygons
2026-07-01 16:43:55 +0200: Memory Usage (462920K) : metal4_nofill has 0 polygons
2026-07-01 16:43:55 +0200: Memory Usage (463048K) : metal4_text has 7 polygons
2026-07-01 16:43:55 +0200: Memory Usage (463176K) : metal4_OPC has 0 polygons
2026-07-01 16:43:55 +0200: Memory Usage (463304K) : metal4_noqrc has 0 polygons
2026-07-01 16:43:55 +0200: Memory Usage (463432K) : metal4_res has 0 polygons
2026-07-01 16:43:55 +0200: Memory Usage (463560K) : metal4_iprobe has 0 polygons
2026-07-01 16:43:55 +0200: Memory Usage (463816K) : metal4_diffprb has 0 polygons
2026-07-01 16:43:55 +0200: Memory Usage (463944K) : heattrans_drw has 374 polygons
2026-07-01 16:43:55 +0200: Memory Usage (464072K) : heatres_drw has 0 polygons
2026-07-01 16:43:55 +0200: Memory Usage (464200K) : fbe_drw has 0 polygons
2026-07-01 16:43:55 +0200: Memory Usage (464200K) : empoly_drw has 0 polygons
2026-07-01 16:43:55 +0200: Memory Usage (464200K) : digisub_drw has 0 polygons
2026-07-01 16:43:55 +0200: Memory Usage (464328K) : text_drw has 211 polygons
2026-07-01 16:43:55 +0200: Memory Usage (464456K) : via4_drw has 0 polygons
2026-07-01 16:43:55 +0200: Memory Usage (464584K) : metal5_drw has 0 polygons
2026-07-01 16:43:55 +0200: Memory Usage (464712K) : metal5_filler has 0 polygons
2026-07-01 16:43:55 +0200: Memory Usage (464840K) : metal5_slit has 0 polygons
2026-07-01 16:43:55 +0200: Memory Usage (464968K) : metal5 has 0 polygons
2026-07-01 16:43:55 +0200: Memory Usage (465096K) : metal5_pin has 0 polygons
2026-07-01 16:43:55 +0200: Memory Usage (465224K) : metal5_mask has 0 polygons
2026-07-01 16:43:55 +0200: Memory Usage (465352K) : metal5_nofill has 0 polygons
2026-07-01 16:43:55 +0200: Memory Usage (465480K) : metal5_text has 0 polygons
2026-07-01 16:43:55 +0200: Memory Usage (465608K) : metal5_OPC has 0 polygons
2026-07-01 16:43:55 +0200: Memory Usage (465736K) : metal5_noqrc has 0 polygons
2026-07-01 16:43:55 +0200: Memory Usage (465864K) : metal5_res has 0 polygons
2026-07-01 16:43:55 +0200: Memory Usage (465992K) : metal5_iprobe has 0 polygons
2026-07-01 16:43:55 +0200: Memory Usage (466120K) : metal5_diffprb has 0 polygons
2026-07-01 16:43:55 +0200: Memory Usage (466248K) : radhard_drw has 0 polygons
2026-07-01 16:43:55 +0200: Memory Usage (466504K) : memcap_drw has 0 polygons
2026-07-01 16:43:55 +0200: Memory Usage (466632K) : varicap_drw has 0 polygons
2026-07-01 16:43:55 +0200: Memory Usage (466760K) : intbondvia_drw has 0 polygons
2026-07-01 16:43:55 +0200: Memory Usage (466888K) : intbondmet_drw has 0 polygons
2026-07-01 16:43:55 +0200: Memory Usage (467016K) : devbondvia_drw has 0 polygons
2026-07-01 16:43:55 +0200: Memory Usage (467144K) : devbondmet_drw has 0 polygons
2026-07-01 16:43:55 +0200: Memory Usage (467272K) : devtrench_drw has 0 polygons
2026-07-01 16:43:55 +0200: Memory Usage (467400K) : redist_drw has 0 polygons
2026-07-01 16:43:55 +0200: Memory Usage (467528K) : graphbot_drw has 0 polygons
2026-07-01 16:43:55 +0200: Memory Usage (467784K) : graphtop_drw has 0 polygons
2026-07-01 16:43:55 +0200: Memory Usage (467912K) : antvia1_drw has 0 polygons
2026-07-01 16:43:55 +0200: Memory Usage (468040K) : antmetal2_drw has 0 polygons
2026-07-01 16:43:55 +0200: Memory Usage (468168K) : graphcont_drw has 0 polygons
2026-07-01 16:43:55 +0200: Memory Usage (468296K) : siwg_drw has 0 polygons
2026-07-01 16:43:55 +0200: Memory Usage (468424K) : siwg_filler has 0 polygons
2026-07-01 16:43:55 +0200: Memory Usage (468552K) : siwg_nofill has 0 polygons
2026-07-01 16:43:55 +0200: Memory Usage (468680K) : sigrating_drw has 0 polygons
2026-07-01 16:43:55 +0200: Memory Usage (468808K) : singrating_drw has 0 polygons
2026-07-01 16:43:55 +0200: Memory Usage (468936K) : graphpas_drw has 0 polygons
2026-07-01 16:43:55 +0200: Memory Usage (469192K) : emwind3_drw has 0 polygons
2026-07-01 16:43:55 +0200: Memory Usage (469320K) : emwihv3_drw has 0 polygons
2026-07-01 16:43:55 +0200: Memory Usage (469448K) : redbulay_drw has 0 polygons
2026-07-01 16:43:55 +0200: Memory Usage (469576K) : smos_drw has 0 polygons
2026-07-01 16:43:55 +0200: Memory Usage (469704K) : graphpad_drw has 0 polygons
2026-07-01 16:43:55 +0200: Memory Usage (469832K) : polimide_drw has 0 polygons
2026-07-01 16:43:55 +0200: Memory Usage (469960K) : polimide_pin has 0 polygons
2026-07-01 16:43:55 +0200: Memory Usage (470088K) : recog_drw has 0 polygons
2026-07-01 16:43:55 +0200: Memory Usage (470216K) : recog_pin has 0 polygons
2026-07-01 16:43:55 +0200: Memory Usage (470472K) : recog_esd has 0 polygons
2026-07-01 16:43:55 +0200: Memory Usage (470600K) : recog_diode has 0 polygons
2026-07-01 16:43:55 +0200: Memory Usage (470728K) : recog_tsv has 0 polygons
2026-07-01 16:43:55 +0200: Memory Usage (470856K) : recog_iprobe has 0 polygons
2026-07-01 16:43:55 +0200: Memory Usage (470984K) : recog_diffprb has 0 polygons
2026-07-01 16:43:55 +0200: Memory Usage (471112K) : recog_pillar has 0 polygons
2026-07-01 16:43:55 +0200: Memory Usage (471240K) : recog_sbump has 0 polygons
2026-07-01 16:43:55 +0200: Memory Usage (471368K) : recog_otp has 0 polygons
2026-07-01 16:43:55 +0200: Memory Usage (471496K) : recog_pdiode has 0 polygons
2026-07-01 16:43:55 +0200: Memory Usage (471624K) : recog_mom has 0 polygons
2026-07-01 16:43:55 +0200: Memory Usage (471880K) : recog_pcm has 0 polygons
2026-07-01 16:43:55 +0200: Memory Usage (471880K) : colopen_drw has 0 polygons
2026-07-01 16:43:55 +0200: Memory Usage (472008K) : graphmetal1_drw has 0 polygons
2026-07-01 16:43:55 +0200: Memory Usage (472264K) : graphmetal1_filler has 0 polygons
2026-07-01 16:43:55 +0200: Memory Usage (472392K) : graphmetal1_nofill has 0 polygons
2026-07-01 16:43:55 +0200: Memory Usage (472520K) : graphmetal1_slit has 0 polygons
2026-07-01 16:43:55 +0200: Memory Usage (472520K) : graphmetal1_OPC has 0 polygons
2026-07-01 16:43:55 +0200: Memory Usage (472520K) : graphmet1l_drw has 0 polygons
2026-07-01 16:43:55 +0200: Memory Usage (472520K) : graphmet1l_filler has 0 polygons
2026-07-01 16:43:55 +0200: Memory Usage (472520K) : graphmet1l_nofill has 0 polygons
2026-07-01 16:43:55 +0200: Memory Usage (472520K) : graphmet1l_slit has 0 polygons
2026-07-01 16:43:55 +0200: Memory Usage (472520K) : graphmet1l_OPC has 0 polygons
2026-07-01 16:43:55 +0200: Memory Usage (472520K) : extblock_drw has 0 polygons
2026-07-01 16:43:55 +0200: Memory Usage (472520K) : nldd_drw has 0 polygons
2026-07-01 16:43:55 +0200: Memory Usage (472520K) : pldd_drw has 0 polygons
2026-07-01 16:43:55 +0200: Memory Usage (472520K) : next_drw has 0 polygons
2026-07-01 16:43:55 +0200: Memory Usage (472648K) : pext_drw has 0 polygons
2026-07-01 16:43:55 +0200: Memory Usage (472648K) : nexthv_drw has 0 polygons
2026-07-01 16:43:55 +0200: Memory Usage (472648K) : pexthv_drw has 0 polygons
2026-07-01 16:43:55 +0200: Memory Usage (472648K) : graphgate_drw has 0 polygons
2026-07-01 16:43:55 +0200: Memory Usage (472648K) : sinwg_drw has 0 polygons
2026-07-01 16:43:55 +0200: Memory Usage (472648K) : sinwg_filler has 0 polygons
2026-07-01 16:43:55 +0200: Memory Usage (472648K) : sinwg_nofill has 0 polygons
2026-07-01 16:43:55 +0200: Memory Usage (472648K) : mempad_drw has 0 polygons
2026-07-01 16:43:55 +0200: Memory Usage (472648K) : topvia1_drw has 0 polygons
2026-07-01 16:43:55 +0200: Memory Usage (472648K) : topmetal1_drw has 0 polygons
2026-07-01 16:43:55 +0200: Memory Usage (472648K) : topmetal1_filler has 0 polygons
2026-07-01 16:43:55 +0200: Memory Usage (472648K) : topmetal1_slit has 0 polygons
2026-07-01 16:43:55 +0200: Memory Usage (472648K) : topmetal1 has 0 polygons
2026-07-01 16:43:55 +0200: Memory Usage (472648K) : topmetal1_pin has 0 polygons
2026-07-01 16:43:55 +0200: Memory Usage (472648K) : topmetal1_mask has 0 polygons
2026-07-01 16:43:55 +0200: Memory Usage (472648K) : topmetal1_nofill has 0 polygons
2026-07-01 16:43:55 +0200: Memory Usage (472648K) : topmetal1_text has 0 polygons
2026-07-01 16:43:55 +0200: Memory Usage (472648K) : topmetal1_noqrc has 0 polygons
2026-07-01 16:43:55 +0200: Memory Usage (472648K) : topmetal1_res has 0 polygons
2026-07-01 16:43:55 +0200: Memory Usage (472648K) : topmetal1_iprobe has 0 polygons
2026-07-01 16:43:55 +0200: Memory Usage (472648K) : topmetal1_diffprb has 0 polygons
2026-07-01 16:43:55 +0200: Memory Usage (472648K) : inldpwl_drw has 0 polygons
2026-07-01 16:43:55 +0200: Memory Usage (472648K) : polyres_drw has 0 polygons
2026-07-01 16:43:55 +0200: Memory Usage (472648K) : polyres_pin has 0 polygons
2026-07-01 16:43:55 +0200: Memory Usage (472648K) : vmim_drw has 0 polygons
2026-07-01 16:43:55 +0200: Memory Usage (472648K) : nbulaycut_drw has 0 polygons
2026-07-01 16:43:55 +0200: Memory Usage (472648K) : antmetal1_drw has 0 polygons
2026-07-01 16:43:55 +0200: Memory Usage (472648K) : topvia2_drw has 0 polygons
2026-07-01 16:43:55 +0200: Memory Usage (472648K) : topmetal2_drw has 0 polygons
2026-07-01 16:43:55 +0200: Memory Usage (472648K) : topmetal2_filler has 0 polygons
2026-07-01 16:43:55 +0200: Memory Usage (472648K) : topmetal2_slit has 0 polygons
2026-07-01 16:43:55 +0200: Memory Usage (472648K) : topmetal2 has 0 polygons
2026-07-01 16:43:55 +0200: Memory Usage (472648K) : topmetal2_pin has 0 polygons
2026-07-01 16:43:55 +0200: Memory Usage (472648K) : topmetal2_mask has 0 polygons
2026-07-01 16:43:55 +0200: Memory Usage (472648K) : topmetal2_nofill has 0 polygons
2026-07-01 16:43:55 +0200: Memory Usage (472648K) : topmetal2_text has 0 polygons
2026-07-01 16:43:55 +0200: Memory Usage (472648K) : topmetal2_noqrc has 0 polygons
2026-07-01 16:43:55 +0200: Memory Usage (472648K) : topmetal2_res has 0 polygons
2026-07-01 16:43:55 +0200: Memory Usage (472648K) : topmetal2_iprobe has 0 polygons
2026-07-01 16:43:55 +0200: Memory Usage (472648K) : topmetal2_diffprb has 0 polygons
2026-07-01 16:43:55 +0200: Memory Usage (472648K) : snsring_drw has 0 polygons
2026-07-01 16:43:55 +0200: Memory Usage (472648K) : sensor_drw has 0 polygons
2026-07-01 16:43:55 +0200: Memory Usage (472648K) : snsarms_drw has 0 polygons
2026-07-01 16:43:55 +0200: Memory Usage (472648K) : snscmosvia_drw has 0 polygons
2026-07-01 16:43:55 +0200: Memory Usage (472648K) : colwind_drw has 0 polygons
2026-07-01 16:43:55 +0200: Memory Usage (472648K) : flm_drw has 0 polygons
2026-07-01 16:43:55 +0200: Memory Usage (472648K) : hafniumox_drw has 0 polygons
2026-07-01 16:43:55 +0200: Memory Usage (472648K) : memvia_drw has 0 polygons
2026-07-01 16:43:55 +0200: Memory Usage (472648K) : thinfilmres_drw has 0 polygons
2026-07-01 16:43:55 +0200: Memory Usage (472648K) : rfmem_drw has 0 polygons
2026-07-01 16:43:55 +0200: Memory Usage (472648K) : norcx_drw has 0 polygons
2026-07-01 16:43:55 +0200: Memory Usage (472648K) : norcx_m2m3 has 0 polygons
2026-07-01 16:43:55 +0200: Memory Usage (472648K) : norcx_m2m4 has 0 polygons
2026-07-01 16:43:55 +0200: Memory Usage (472648K) : norcx_m2m5 has 0 polygons
2026-07-01 16:43:55 +0200: Memory Usage (472648K) : norcx_m2tm1 has 0 polygons
2026-07-01 16:43:55 +0200: Memory Usage (472648K) : norcx_m2tm2 has 0 polygons
2026-07-01 16:43:55 +0200: Memory Usage (472648K) : norcx_m3m4 has 0 polygons
2026-07-01 16:43:55 +0200: Memory Usage (472648K) : norcx_m3m5 has 0 polygons
2026-07-01 16:43:55 +0200: Memory Usage (472648K) : norcx_m3tm1 has 0 polygons
2026-07-01 16:43:55 +0200: Memory Usage (472648K) : norcx_m3tm2 has 0 polygons
2026-07-01 16:43:55 +0200: Memory Usage (472648K) : norcx_m4m5 has 0 polygons
2026-07-01 16:43:55 +0200: Memory Usage (472648K) : norcx_m4tm1 has 0 polygons
2026-07-01 16:43:55 +0200: Memory Usage (472648K) : norcx_m4tm2 has 0 polygons
2026-07-01 16:43:55 +0200: Memory Usage (472648K) : norcx_m5tm1 has 0 polygons
2026-07-01 16:43:55 +0200: Memory Usage (472648K) : norcx_m5tm2 has 0 polygons
2026-07-01 16:43:55 +0200: Memory Usage (472648K) : norcx_tm1tm2 has 0 polygons
2026-07-01 16:43:55 +0200: Memory Usage (472648K) : norcx_m1sub has 0 polygons
2026-07-01 16:43:55 +0200: Memory Usage (472648K) : norcx_m2sub has 0 polygons
2026-07-01 16:43:55 +0200: Memory Usage (472648K) : norcx_m3sub has 0 polygons
2026-07-01 16:43:55 +0200: Memory Usage (472648K) : norcx_m4sub has 0 polygons
2026-07-01 16:43:55 +0200: Memory Usage (472648K) : norcx_m5sub has 0 polygons
2026-07-01 16:43:55 +0200: Memory Usage (472648K) : norcx_tm1sub has 0 polygons
2026-07-01 16:43:55 +0200: Memory Usage (472648K) : norcx_tm2sub has 0 polygons
2026-07-01 16:43:55 +0200: Memory Usage (472648K) : snsbotvia_drw has 0 polygons
2026-07-01 16:43:55 +0200: Memory Usage (472648K) : snstopvia_drw has 0 polygons
2026-07-01 16:43:55 +0200: Memory Usage (472648K) : deepvia_drw has 0 polygons
2026-07-01 16:43:55 +0200: Memory Usage (472648K) : fgetch_drw has 0 polygons
2026-07-01 16:43:55 +0200: Memory Usage (472648K) : ctrgat_drw has 0 polygons
2026-07-01 16:43:55 +0200: Memory Usage (472648K) : fgimp_drw has 0 polygons
2026-07-01 16:43:55 +0200: Memory Usage (472648K) : emwihv_drw has 0 polygons
2026-07-01 16:43:55 +0200: Memory Usage (472648K) : lbe_drw has 0 polygons
2026-07-01 16:43:55 +0200: Memory Usage (472648K) : alcustop_drw has 0 polygons
2026-07-01 16:43:55 +0200: Memory Usage (472648K) : nometfiller_drw has 0 polygons
2026-07-01 16:43:55 +0200: Memory Usage (472648K) : prboundary_drw has 0 polygons
2026-07-01 16:43:55 +0200: Memory Usage (472648K) : exchange0_drw has 0 polygons
2026-07-01 16:43:55 +0200: Memory Usage (472648K) : exchange0_pin has 0 polygons
2026-07-01 16:43:55 +0200: Memory Usage (472648K) : exchange0_text has 0 polygons
2026-07-01 16:43:55 +0200: Memory Usage (472648K) : exchange1_drw has 0 polygons
2026-07-01 16:43:55 +0200: Memory Usage (472648K) : exchange1_pin has 0 polygons
2026-07-01 16:43:55 +0200: Memory Usage (472648K) : exchange1_text has 0 polygons
2026-07-01 16:43:55 +0200: Memory Usage (472648K) : exchange2_drw has 0 polygons
2026-07-01 16:43:55 +0200: Memory Usage (472648K) : exchange2_pin has 0 polygons
2026-07-01 16:43:55 +0200: Memory Usage (472648K) : exchange2_text has 0 polygons
2026-07-01 16:43:55 +0200: Memory Usage (472648K) : exchange3_drw has 0 polygons
2026-07-01 16:43:55 +0200: Memory Usage (472648K) : exchange3_pin has 0 polygons
2026-07-01 16:43:55 +0200: Memory Usage (472648K) : exchange3_text has 0 polygons
2026-07-01 16:43:55 +0200: Memory Usage (472648K) : exchange4_drw has 0 polygons
2026-07-01 16:43:55 +0200: Memory Usage (472648K) : exchange4_pin has 0 polygons
2026-07-01 16:43:55 +0200: Memory Usage (472648K) : exchange4_text has 0 polygons
2026-07-01 16:43:55 +0200: Memory Usage (472648K) : isonwell_drw has 0 polygons
2026-07-01 16:43:55 +0200: Memory Usage (472648K) : Total no. of polygons in the design is 12605
2026-07-01 16:43:55 +0200: Memory Usage (472648K) : Starting CMOS5L Forbidden Layer Check
2026-07-01 16:43:55 +0200: Memory Usage (472648K) : CMOS5L Forbidden Layer Check: PASSED - No forbidden layers found
2026-07-01 16:43:55 +0200: Memory Usage (472648K) : CMOS5L Forbidden Layer Check: PASSED
2026-07-01 16:43:55 +0200: Memory Usage (472648K) : Starting base layers derivations
2026-07-01 16:43:55 +0200: Memory Usage (472648K) : Starting general LVS derivations
2026-07-01 16:43:55 +0200: Memory Usage (473928K) : Starting MOSFET DERIVATIONS
2026-07-01 16:43:55 +0200: Memory Usage (474056K) : Starting NMOS DERIVATIONS
2026-07-01 16:43:55 +0200: Memory Usage (474056K) : Starting PMOS DERIVATIONS
2026-07-01 16:43:55 +0200: Memory Usage (474056K) : Starting RF-MOSFET DERIVATIONS
2026-07-01 16:43:55 +0200: Memory Usage (474056K) : Starting RF-NMOS DERIVATIONS
2026-07-01 16:43:55 +0200: Memory Usage (474056K) : Starting RF-PMOS DERIVATIONS
2026-07-01 16:43:55 +0200: Memory Usage (474056K) : Starting BJT DERIVATIONS
2026-07-01 16:43:55 +0200: Memory Usage (474056K) : Starting NPN-BJT DERIVATIONS
2026-07-01 16:43:55 +0200: Memory Usage (474056K) : Starting PNP-BJT DERIVATIONS
2026-07-01 16:43:55 +0200: Memory Usage (474952K) : Starting DIODE DERIVATIONS
2026-07-01 16:43:55 +0200: Memory Usage (479048K) : Starting RESISTOR DERIVATIONS
2026-07-01 16:43:55 +0200: Memory Usage (479560K) : Starting CAP DERIVATIONS
2026-07-01 16:43:55 +0200: Memory Usage (479688K) : Starting CAP_MFRINGE DERIVATIONS
2026-07-01 16:43:55 +0200: Memory Usage (479688K) : Starting ESD DERIVATIONS
2026-07-01 16:43:56 +0200: Memory Usage (479688K) : Starting Inductor DERIVATIONS
2026-07-01 16:43:56 +0200: Memory Usage (479688K) : Starting Taps DERIVATIONS
2026-07-01 16:43:56 +0200: Memory Usage (479688K) : Starting SG13G2 LVS connectivity setup
2026-07-01 16:43:56 +0200: Memory Usage (479688K) : Starting SG13G2 LVS connectivity setup (Inter-layer)
2026-07-01 16:43:56 +0200: Memory Usage (480200K) : Starting SG13G2 LVS connectivity setup (Global)
2026-07-01 16:43:56 +0200: Memory Usage (480200K) : Starting LVS MOSFET CONNECTIONS
2026-07-01 16:43:56 +0200: Memory Usage (480200K) : Starting LVS RF-MOSFET CONNECTIONS
2026-07-01 16:43:56 +0200: Memory Usage (480200K) : Starting LVS BJT CONNECTIONS
2026-07-01 16:43:56 +0200: Memory Usage (480200K) : Starting LVS DIODE CONNECTIONS
2026-07-01 16:43:56 +0200: Memory Usage (480200K) : Starting RESISTOR CONNECTIONS
2026-07-01 16:43:56 +0200: Memory Usage (480200K) : Starting LVS CAP CONNECTIONS
2026-07-01 16:43:56 +0200: Memory Usage (480200K) : Starting ESD CONNECTIONS
2026-07-01 16:43:56 +0200: Memory Usage (480200K) : Starting Inductor CONNECTIONS
2026-07-01 16:43:56 +0200: Memory Usage (480200K) : Starting LVS Taps CONNECTIONS
2026-07-01 16:43:56 +0200: Memory Usage (480200K) : Starting CAP_MFRINGE CONNECTIONS
2026-07-01 16:43:56 +0200: Memory Usage (480200K) : Starting SG13CMOS5L LVS DEVICES EXTRACTION
2026-07-01 16:43:56 +0200: Memory Usage (480200K) : Starting MOSFET EXTRACTION
2026-07-01 16:43:56 +0200: Memory Usage (480200K) : Starting NMOS EXTRACTION
2026-07-01 16:43:56 +0200: Memory Usage (480200K) : Extraction of NMOS-LV transistor
2026-07-01 16:43:56 +0200: Memory Usage (480712K) : Extraction of NMOS-HV transistor
2026-07-01 16:43:56 +0200: Memory Usage (480840K) : Starting PMOS EXTRACTION
2026-07-01 16:43:56 +0200: Memory Usage (480840K) : Extraction of PMOS-LV transistor
2026-07-01 16:43:56 +0200: Memory Usage (480840K) : Extraction of PMOS-HV transistor
2026-07-01 16:43:56 +0200: Memory Usage (480840K) : Starting RF-MOSFET EXTRACTION
2026-07-01 16:43:56 +0200: Memory Usage (480840K) : Extraction of RF-NMOS-LV transistor
2026-07-01 16:43:56 +0200: Memory Usage (480840K) : Extraction of RF-NMOS-HV transistor
2026-07-01 16:43:56 +0200: Memory Usage (480840K) : Extraction of RF-PMOS-LV transistor
2026-07-01 16:43:56 +0200: Memory Usage (480840K) : Extraction of RF-PMOS-HV transistor
2026-07-01 16:43:56 +0200: Memory Usage (480840K) : Starting BJT EXTRACTION
2026-07-01 16:43:56 +0200: Memory Usage (480840K) : Starting NPN-BJT EXTRACTION
2026-07-01 16:43:56 +0200: Memory Usage (480840K) : Extraction of npn13G2 BJT transistor
2026-07-01 16:43:56 +0200: Memory Usage (480840K) : Extraction of npn13G2L BJT transistor
2026-07-01 16:43:56 +0200: Memory Usage (480840K) : Extraction of npn13G2V BJT transistor
2026-07-01 16:43:56 +0200: Memory Usage (480840K) : Starting PNP-BJT EXTRACTION
2026-07-01 16:43:56 +0200: Memory Usage (480840K) : Extracting pnpMPA BJT
2026-07-01 16:43:56 +0200: Memory Usage (480840K) : Starting DIODE EXTRACTION
2026-07-01 16:43:56 +0200: Memory Usage (480840K) : Extracting dantenna diode
2026-07-01 16:43:56 +0200: Memory Usage (480840K) : Extracting dpantenna diode
2026-07-01 16:43:56 +0200: Memory Usage (480840K) : Extracting schottky_nbl1 diode
2026-07-01 16:43:56 +0200: Memory Usage (480840K) : Extracting isolbox diode
2026-07-01 16:43:56 +0200: Memory Usage (480840K) : Starting RESISTOR EXTRACTION
2026-07-01 16:43:56 +0200: Memory Usage (480840K) : Extracting rsil resistor
2026-07-01 16:43:56 +0200: Memory Usage (480840K) : Extracting rppd resistor
2026-07-01 16:43:56 +0200: Memory Usage (480840K) : Extracting rhigh resistor
2026-07-01 16:43:56 +0200: Memory Usage (480840K) : Extracting res_metal1 resistor
2026-07-01 16:43:56 +0200: Memory Usage (480840K) : Extracting res_metal2 resistor
2026-07-01 16:43:56 +0200: Memory Usage (480840K) : Extracting res_metal3 resistor
2026-07-01 16:43:56 +0200: Memory Usage (480840K) : Extracting res_metal4 resistor
2026-07-01 16:43:56 +0200: Memory Usage (480840K) : Extracting res_metal5 resistor
2026-07-01 16:43:56 +0200: Memory Usage (480840K) : Extracting res_topmetal1 resistor
2026-07-01 16:43:56 +0200: Memory Usage (480840K) : Extracting res_topmetal2 resistor
2026-07-01 16:43:56 +0200: Memory Usage (480840K) : Starting CAP EXTRACTION
2026-07-01 16:43:56 +0200: Memory Usage (480840K) : Extracting cap_cmim device
2026-07-01 16:43:56 +0200: Memory Usage (480840K) : Extracting rfcmim device
2026-07-01 16:43:56 +0200: Memory Usage (480840K) : Extracting sg13_hv_svaricap varactor
2026-07-01 16:43:56 +0200: Memory Usage (480840K) : Extracting cap_mfringe device
2026-07-01 16:43:56 +0200: Memory Usage (480840K) : Starting ESD EXTRACTION
2026-07-01 16:43:56 +0200: Memory Usage (480840K) : Extracting diodevdd_2kv ESD device
2026-07-01 16:43:56 +0200: Memory Usage (480840K) : Extracting diodevdd_4kv ESD device
2026-07-01 16:43:56 +0200: Memory Usage (480840K) : Extracting diodevss_2kv ESD device
2026-07-01 16:43:56 +0200: Memory Usage (480840K) : Extracting diodevss_4kv ESD device
2026-07-01 16:43:56 +0200: Memory Usage (480840K) : Extracting idiodevdd_2kv ESD device
2026-07-01 16:43:56 +0200: Memory Usage (480840K) : Extracting idiodevdd_4kv ESD device
2026-07-01 16:43:56 +0200: Memory Usage (480840K) : Extracting idiodevss_2kv ESD device
2026-07-01 16:43:56 +0200: Memory Usage (480840K) : Extracting idiodevss_4kv ESD device
2026-07-01 16:43:56 +0200: Memory Usage (480840K) : Extracting nmoscl_2 ESD device
2026-07-01 16:43:56 +0200: Memory Usage (480840K) : Extracting nmoscl_4 ESD device
2026-07-01 16:43:56 +0200: Memory Usage (480840K) : Starting Inductor EXTRACTION
2026-07-01 16:43:56 +0200: Memory Usage (480840K) : Extracting Inductor2 device
2026-07-01 16:43:56 +0200: Memory Usage (480840K) : Extracting Inductor3 device
2026-07-01 16:43:56 +0200: Memory Usage (480840K) : Starting Taps EXTRACTION
2026-07-01 16:43:56 +0200: Memory Usage (480840K) : Extracting ntap1 device
2026-07-01 16:43:56 +0200: Memory Usage (480840K) : Extracting ptap1 device
2026-07-01 16:43:56 +0200: Memory Usage (480840K) : Starting SG13CMOS5L LVS RF MOS Model Mapping
2026-07-01 16:43:56 +0200: Memory Usage (480840K) : [layout_netlist] Apply RF MOS model mapping and rfmode parameter.
2026-07-01 16:43:56 +0200: Memory Usage (480840K) : Starting SG13CMOS5L LVS Options Preparations
2026-07-01 16:43:56 +0200: Memory Usage (480840K) : SG13CMOS5L LVS flow: extraction -> alignment -> option preparation -> comparison.
2026-07-01 16:43:56 +0200: Memory Usage (480840K) : Starting SG13CMOS5L LVS Alignment
2026-07-01 16:43:56 +0200: Memory Usage (480968K) : Starting SG13CMOS5L LVS Simplification
2026-07-01 16:43:56 +0200: Memory Usage (480968K) : [layout_netlist] simplify: ENABLED
2026-07-01 16:43:56 +0200: Memory Usage (480968K) : [layout_netlist] make_top_level_pins: SKIPPED
2026-07-01 16:43:56 +0200: Memory Usage (480968K) : [layout_netlist] combine_devices: SKIPPED
2026-07-01 16:43:56 +0200: Memory Usage (480968K) : [layout_netlist] purge: SKIPPED
2026-07-01 16:43:56 +0200: Memory Usage (480968K) : [layout_netlist] purge_nets: SKIPPED
2026-07-01 16:43:56 +0200: Memory Usage (480968K) : [schematic_netlist] simplify: ENABLED
2026-07-01 16:43:56 +0200: Memory Usage (480968K) : [schematic_netlist] make_top_level_pins: SKIPPED
2026-07-01 16:43:56 +0200: Memory Usage (480968K) : [schematic_netlist] combine_devices: SKIPPED
2026-07-01 16:43:56 +0200: Memory Usage (480968K) : [schematic_netlist] purge: SKIPPED
2026-07-01 16:43:56 +0200: Memory Usage (480968K) : [schematic_netlist] purge_nets: SKIPPED
2026-07-01 16:43:56 +0200: Memory Usage (480968K) : Starting SG13CMOS5L LVS Comparison in strict port mode.
2026-07-01 16:43:56 +0200: Memory Usage (480968K) : flag_missing_ports enabled: missing/mislabeled top-level ports are treated as errors.
2026-07-01 16:43:56 +0200: Memory Usage (481096K) : xxxxxxxxxxxxxxxxxxxxxxxxxxxxxxxxxxxxxxxxxx
2026-07-01 16:43:56 +0200: Memory Usage (481096K) : ERROR : Netlists don't match
2026-07-01 16:43:56 +0200: Memory Usage (481096K) : xxxxxxxxxxxxxxxxxxxxxxxxxxxxxxxxxxxxxxxxxx
2026-07-01 16:43:56 +0200: Memory Usage (481096K) : LVS Total Run time 1.451540 seconds
