# Logfile created on 2026-07-01 21:55:26 +0200 by logger.rb/v1.5.3
2026-07-01 21:55:26 +0200: Memory Usage (441180K) : Starting running IHP-SG13CMOS5L KLayout DRC runset on /foss/designs/ihp_INI_project/INI_Block/SelMUX.gds
2026-07-01 21:55:26 +0200: Memory Usage (441180K) : Ruby Version for klayout: 3.2.3
2026-07-01 21:55:26 +0200: Memory Usage (442204K) : Loading database to memory is complete.
2026-07-01 21:55:26 +0200: Memory Usage (442204K) : IHP-SG13CMOS5L KLayout DRC runset output at: /foss/designs/ihp_INI_project/INI_Block/drc_run_SelMUX/SelMUX_SelMUX_main.lyrdb
2026-07-01 21:55:26 +0200: Memory Usage (442332K) : Evaluate switches.
2026-07-01 21:55:26 +0200: Memory Usage (442332K) : tables selected: main
2026-07-01 21:55:26 +0200: Memory Usage (442332K) : KLayout will use 1 thread(s) in tiled mode.
2026-07-01 21:55:26 +0200: Memory Usage (442332K) : deep mode is enabled.
2026-07-01 21:55:26 +0200: Memory Usage (442332K) : FEOL enabled: true
2026-07-01 21:55:26 +0200: Memory Usage (442332K) : BEOL enabled: true
2026-07-01 21:55:26 +0200: Memory Usage (442332K) : OFFGRID enabled: true
2026-07-01 21:55:26 +0200: Memory Usage (442332K) : ANGLE enabled: true
2026-07-01 21:55:26 +0200: Memory Usage (442332K) : PIN enabled: true
2026-07-01 21:55:26 +0200: Memory Usage (442332K) : FORBIDDEN enabled: true
2026-07-01 21:55:26 +0200: Memory Usage (442460K) : RECOMMENDED enabled: true
2026-07-01 21:55:26 +0200: Memory Usage (442460K) : PreCheck DRC enabled: false
2026-07-01 21:55:26 +0200: Memory Usage (442460K) : CONNECTIVITY_RULES enabled: true.
2026-07-01 21:55:26 +0200: Memory Usage (442460K) : Read in polygons from layers.
2026-07-01 21:55:26 +0200: Memory Usage (443356K) : activ_drw has 53 polygons
2026-07-01 21:55:26 +0200: Memory Usage (443356K) : activ_pin has 0 polygons
2026-07-01 21:55:26 +0200: Memory Usage (443356K) : activ_mask has 0 polygons
2026-07-01 21:55:26 +0200: Memory Usage (443356K) : activ_filler has 0 polygons
2026-07-01 21:55:26 +0200: Memory Usage (443356K) : activ_nofill has 0 polygons
2026-07-01 21:55:26 +0200: Memory Usage (443356K) : activ_opc has 0 polygons
2026-07-01 21:55:26 +0200: Memory Usage (443356K) : activ_iopc has 0 polygons
2026-07-01 21:55:26 +0200: Memory Usage (443356K) : activ_noqrc has 0 polygons
2026-07-01 21:55:26 +0200: Memory Usage (443356K) : biwind_drw has 0 polygons
2026-07-01 21:55:26 +0200: Memory Usage (443356K) : biwind_opc has 0 polygons
2026-07-01 21:55:26 +0200: Memory Usage (443356K) : pemwind_drw has 0 polygons
2026-07-01 21:55:26 +0200: Memory Usage (443484K) : gatpoly_drw has 75 polygons
2026-07-01 21:55:26 +0200: Memory Usage (443484K) : gatpoly_pin has 14 polygons
2026-07-01 21:55:26 +0200: Memory Usage (443484K) : gatpoly_filler has 0 polygons
2026-07-01 21:55:26 +0200: Memory Usage (443484K) : gatpoly_nofill has 0 polygons
2026-07-01 21:55:26 +0200: Memory Usage (443484K) : gatpoly_opc has 0 polygons
2026-07-01 21:55:26 +0200: Memory Usage (443484K) : gatpoly_iopc has 0 polygons
2026-07-01 21:55:26 +0200: Memory Usage (443484K) : gatpoly_noqrc has 0 polygons
2026-07-01 21:55:26 +0200: Memory Usage (443484K) : cont_drw has 368 polygons
2026-07-01 21:55:26 +0200: Memory Usage (443484K) : cont_opc has 0 polygons
2026-07-01 21:55:26 +0200: Memory Usage (443484K) : nsd_drw has 0 polygons
2026-07-01 21:55:26 +0200: Memory Usage (443484K) : nsd_block has 0 polygons
2026-07-01 21:55:26 +0200: Memory Usage (443740K) : metal1_drw has 164 polygons
2026-07-01 21:55:26 +0200: Memory Usage (443868K) : metal1_pin has 43 polygons
2026-07-01 21:55:26 +0200: Memory Usage (443868K) : metal1_mask has 0 polygons
2026-07-01 21:55:26 +0200: Memory Usage (444124K) : metal1_filler has 0 polygons
2026-07-01 21:55:26 +0200: Memory Usage (444124K) : metal1_nofill has 0 polygons
2026-07-01 21:55:26 +0200: Memory Usage (444124K) : metal1_slit has 0 polygons
2026-07-01 21:55:26 +0200: Memory Usage (444252K) : metal1_text has 15 polygons
2026-07-01 21:55:26 +0200: Memory Usage (444380K) : metal1_opc has 0 polygons
2026-07-01 21:55:26 +0200: Memory Usage (444380K) : metal1_noqrc has 0 polygons
2026-07-01 21:55:26 +0200: Memory Usage (444380K) : metal1_res has 0 polygons
2026-07-01 21:55:26 +0200: Memory Usage (444508K) : metal1_iprobe has 0 polygons
2026-07-01 21:55:26 +0200: Memory Usage (444508K) : metal1_diffprb has 0 polygons
2026-07-01 21:55:26 +0200: Memory Usage (444636K) : passiv_drw has 0 polygons
2026-07-01 21:55:26 +0200: Memory Usage (444636K) : passiv_pin has 0 polygons
2026-07-01 21:55:26 +0200: Memory Usage (444636K) : passiv_sbump has 0 polygons
2026-07-01 21:55:26 +0200: Memory Usage (444764K) : passiv_pillar has 0 polygons
2026-07-01 21:55:26 +0200: Memory Usage (444764K) : passiv_pdl has 0 polygons
2026-07-01 21:55:26 +0200: Memory Usage (444892K) : metal2_drw has 69 polygons
2026-07-01 21:55:26 +0200: Memory Usage (444892K) : metal2_pin has 1 polygons
2026-07-01 21:55:26 +0200: Memory Usage (445020K) : metal2_mask has 0 polygons
2026-07-01 21:55:26 +0200: Memory Usage (445020K) : metal2_filler has 0 polygons
2026-07-01 21:55:26 +0200: Memory Usage (445148K) : metal2_nofill has 0 polygons
2026-07-01 21:55:26 +0200: Memory Usage (445148K) : metal2_slit has 0 polygons
2026-07-01 21:55:26 +0200: Memory Usage (445148K) : metal2_text has 1 polygons
2026-07-01 21:55:26 +0200: Memory Usage (445276K) : metal2_opc has 0 polygons
2026-07-01 21:55:26 +0200: Memory Usage (445276K) : metal2_noqrc has 0 polygons
2026-07-01 21:55:26 +0200: Memory Usage (445404K) : metal2_res has 0 polygons
2026-07-01 21:55:26 +0200: Memory Usage (445404K) : metal2_iprobe has 0 polygons
2026-07-01 21:55:26 +0200: Memory Usage (445532K) : metal2_diffprb has 0 polygons
2026-07-01 21:55:26 +0200: Memory Usage (445532K) : baspoly_drw has 0 polygons
2026-07-01 21:55:26 +0200: Memory Usage (445660K) : baspoly_pin has 0 polygons
2026-07-01 21:55:26 +0200: Memory Usage (445660K) : psd_drw has 0 polygons
2026-07-01 21:55:26 +0200: Memory Usage (445788K) : nldb_drw has 0 polygons
2026-07-01 21:55:26 +0200: Memory Usage (445788K) : digibnd_drw has 0 polygons
2026-07-01 21:55:26 +0200: Memory Usage (445916K) : via1_drw has 59 polygons
2026-07-01 21:55:26 +0200: Memory Usage (445916K) : backmetal1_drw has 0 polygons
2026-07-01 21:55:26 +0200: Memory Usage (445916K) : backmetal1_pin has 0 polygons
2026-07-01 21:55:26 +0200: Memory Usage (446044K) : backmetal1_mask has 0 polygons
2026-07-01 21:55:26 +0200: Memory Usage (446044K) : backmetal1_filler has 0 polygons
2026-07-01 21:55:26 +0200: Memory Usage (446172K) : backmetal1_nofill has 0 polygons
2026-07-01 21:55:26 +0200: Memory Usage (446172K) : backmetal1_slit has 0 polygons
2026-07-01 21:55:26 +0200: Memory Usage (446172K) : backmetal1_text has 0 polygons
2026-07-01 21:55:26 +0200: Memory Usage (446300K) : backmetal1_opc has 0 polygons
2026-07-01 21:55:26 +0200: Memory Usage (446300K) : backmetal1_noqrc has 0 polygons
2026-07-01 21:55:26 +0200: Memory Usage (446428K) : backmetal1_res has 0 polygons
2026-07-01 21:55:26 +0200: Memory Usage (446428K) : backmetal1_iprobe has 0 polygons
2026-07-01 21:55:26 +0200: Memory Usage (446556K) : backmetal1_diffprb has 0 polygons
2026-07-01 21:55:26 +0200: Memory Usage (446556K) : backpassiv_drw has 0 polygons
2026-07-01 21:55:26 +0200: Memory Usage (446556K) : res_drw has 0 polygons
2026-07-01 21:55:26 +0200: Memory Usage (446684K) : sram_drw has 0 polygons
2026-07-01 21:55:26 +0200: Memory Usage (446684K) : trans_drw has 0 polygons
2026-07-01 21:55:26 +0200: Memory Usage (446812K) : ind_drw has 0 polygons
2026-07-01 21:55:26 +0200: Memory Usage (446812K) : ind_pin has 0 polygons
2026-07-01 21:55:26 +0200: Memory Usage (446940K) : ind_text has 0 polygons
2026-07-01 21:55:26 +0200: Memory Usage (447068K) : salblock_drw has 0 polygons
2026-07-01 21:55:26 +0200: Memory Usage (447068K) : via2_drw has 2 polygons
2026-07-01 21:55:26 +0200: Memory Usage (447068K) : metal3_drw has 4 polygons
2026-07-01 21:55:26 +0200: Memory Usage (447196K) : metal3_pin has 1 polygons
2026-07-01 21:55:26 +0200: Memory Usage (447196K) : metal3_mask has 0 polygons
2026-07-01 21:55:26 +0200: Memory Usage (447324K) : metal3_filler has 0 polygons
2026-07-01 21:55:26 +0200: Memory Usage (447324K) : metal3_nofill has 0 polygons
2026-07-01 21:55:26 +0200: Memory Usage (447452K) : metal3_slit has 0 polygons
2026-07-01 21:55:26 +0200: Memory Usage (447452K) : metal3_text has 1 polygons
2026-07-01 21:55:26 +0200: Memory Usage (447452K) : metal3_opc has 0 polygons
2026-07-01 21:55:26 +0200: Memory Usage (447580K) : metal3_noqrc has 0 polygons
2026-07-01 21:55:26 +0200: Memory Usage (447580K) : metal3_res has 0 polygons
2026-07-01 21:55:26 +0200: Memory Usage (447708K) : metal3_iprobe has 0 polygons
2026-07-01 21:55:26 +0200: Memory Usage (447708K) : metal3_diffprb has 0 polygons
2026-07-01 21:55:26 +0200: Memory Usage (447708K) : nwell_drw has 0 polygons
2026-07-01 21:55:26 +0200: Memory Usage (447836K) : nwell_pin has 0 polygons
2026-07-01 21:55:26 +0200: Memory Usage (447836K) : nbulay_drw has 0 polygons
2026-07-01 21:55:26 +0200: Memory Usage (447964K) : nbulay_pin has 0 polygons
2026-07-01 21:55:26 +0200: Memory Usage (447964K) : nbulay_block has 0 polygons
2026-07-01 21:55:26 +0200: Memory Usage (448092K) : emwind_drw has 0 polygons
2026-07-01 21:55:26 +0200: Memory Usage (448220K) : emwind_opc has 0 polygons
2026-07-01 21:55:26 +0200: Memory Usage (448220K) : deepco_drw has 0 polygons
2026-07-01 21:55:26 +0200: Memory Usage (448348K) : deepco_drw has 0 polygons
2026-07-01 21:55:26 +0200: Memory Usage (448348K) : mim_drw has 0 polygons
2026-07-01 21:55:26 +0200: Memory Usage (448476K) : edgeseal_drw has 0 polygons
2026-07-01 21:55:26 +0200: Memory Usage (448604K) : edgeseal_bound has 0 polygons
2026-07-01 21:55:26 +0200: Memory Usage (448604K) : substrate_drw has 0 polygons
2026-07-01 21:55:26 +0200: Memory Usage (448732K) : substrate_text has 0 polygons
2026-07-01 21:55:26 +0200: Memory Usage (448732K) : dfpad_drw has 0 polygons
2026-07-01 21:55:26 +0200: Memory Usage (448732K) : dfpad_pillar has 0 polygons
2026-07-01 21:55:26 +0200: Memory Usage (448860K) : dfpad_sbump has 0 polygons
2026-07-01 21:55:26 +0200: Memory Usage (448860K) : thickgateox_drw has 15 polygons
2026-07-01 21:55:26 +0200: Memory Usage (448988K) : pldb_drw has 0 polygons
2026-07-01 21:55:26 +0200: Memory Usage (448988K) : pwell_drw has 0 polygons
2026-07-01 21:55:26 +0200: Memory Usage (449116K) : pwell_pin has 0 polygons
2026-07-01 21:55:26 +0200: Memory Usage (449116K) : pwell_block has 0 polygons
2026-07-01 21:55:26 +0200: Memory Usage (449116K) : ic_drw has 0 polygons
2026-07-01 21:55:26 +0200: Memory Usage (449244K) : via3_drw has 0 polygons
2026-07-01 21:55:26 +0200: Memory Usage (449244K) : metal4_drw has 0 polygons
2026-07-01 21:55:26 +0200: Memory Usage (449372K) : metal4_pin has 0 polygons
2026-07-01 21:55:26 +0200: Memory Usage (449500K) : metal4_mask has 0 polygons
2026-07-01 21:55:26 +0200: Memory Usage (449500K) : metal4_filler has 0 polygons
2026-07-01 21:55:26 +0200: Memory Usage (449500K) : metal4_nofill has 0 polygons
2026-07-01 21:55:26 +0200: Memory Usage (449628K) : metal4_slit has 0 polygons
2026-07-01 21:55:26 +0200: Memory Usage (449628K) : metal4_text has 0 polygons
2026-07-01 21:55:26 +0200: Memory Usage (449756K) : metal4_opc has 0 polygons
2026-07-01 21:55:26 +0200: Memory Usage (449756K) : metal4_noqrc has 0 polygons
2026-07-01 21:55:26 +0200: Memory Usage (449884K) : metal4_res has 0 polygons
2026-07-01 21:55:26 +0200: Memory Usage (449884K) : metal4_iprobe has 0 polygons
2026-07-01 21:55:26 +0200: Memory Usage (449884K) : metal4_diffprb has 0 polygons
2026-07-01 21:55:26 +0200: Memory Usage (450012K) : heattrans_drw has 25 polygons
2026-07-01 21:55:26 +0200: Memory Usage (450140K) : heatres_drw has 0 polygons
2026-07-01 21:55:26 +0200: Memory Usage (450140K) : pempoly_drw has 0 polygons
2026-07-01 21:55:26 +0200: Memory Usage (450268K) : fbe_drw has 0 polygons
2026-07-01 21:55:26 +0200: Memory Usage (450268K) : empoly_drw has 0 polygons
2026-07-01 21:55:26 +0200: Memory Usage (450396K) : ldmos_drw has 0 polygons
2026-07-01 21:55:26 +0200: Memory Usage (450396K) : pbiwind_drw has 0 polygons
2026-07-01 21:55:26 +0200: Memory Usage (450524K) : digisub_drw has 0 polygons
2026-07-01 21:55:26 +0200: Memory Usage (450524K) : nodrc_drw has 0 polygons
2026-07-01 21:55:26 +0200: Memory Usage (450652K) : text_drw has 14 polygons
2026-07-01 21:55:26 +0200: Memory Usage (450652K) : via4_drw has 0 polygons
2026-07-01 21:55:26 +0200: Memory Usage (450780K) : metal5_drw has 0 polygons
2026-07-01 21:55:26 +0200: Memory Usage (450780K) : metal5_pin has 0 polygons
2026-07-01 21:55:26 +0200: Memory Usage (450780K) : metal5_mask has 0 polygons
2026-07-01 21:55:26 +0200: Memory Usage (450908K) : metal5_filler has 0 polygons
2026-07-01 21:55:26 +0200: Memory Usage (450908K) : metal5_nofill has 0 polygons
2026-07-01 21:55:26 +0200: Memory Usage (451036K) : metal5_slit has 0 polygons
2026-07-01 21:55:26 +0200: Memory Usage (451036K) : metal5_text has 0 polygons
2026-07-01 21:55:26 +0200: Memory Usage (451036K) : metal5_opc has 0 polygons
2026-07-01 21:55:26 +0200: Memory Usage (451164K) : metal5_noqrc has 0 polygons
2026-07-01 21:55:26 +0200: Memory Usage (451164K) : metal5_res has 0 polygons
2026-07-01 21:55:26 +0200: Memory Usage (451292K) : metal5_iprobe has 0 polygons
2026-07-01 21:55:26 +0200: Memory Usage (451292K) : metal5_diffprb has 0 polygons
2026-07-01 21:55:26 +0200: Memory Usage (451420K) : radhard_drw has 0 polygons
2026-07-01 21:55:26 +0200: Memory Usage (451420K) : memcap_drw has 0 polygons
2026-07-01 21:55:26 +0200: Memory Usage (451548K) : varicap_drw has 0 polygons
2026-07-01 21:55:26 +0200: Memory Usage (451676K) : flash_drw has 0 polygons
2026-07-01 21:55:26 +0200: Memory Usage (451676K) : intbondvia_drw has 0 polygons
2026-07-01 21:55:26 +0200: Memory Usage (451804K) : intbondmet_drw has 0 polygons
2026-07-01 21:55:26 +0200: Memory Usage (451804K) : devbondvia_drw has 0 polygons
2026-07-01 21:55:26 +0200: Memory Usage (451932K) : devbondmet_drw has 0 polygons
2026-07-01 21:55:26 +0200: Memory Usage (451932K) : devtrench_drw has 0 polygons
2026-07-01 21:55:26 +0200: Memory Usage (451932K) : redist_drw has 0 polygons
2026-07-01 21:55:26 +0200: Memory Usage (452060K) : graphbot_drw has 0 polygons
2026-07-01 21:55:26 +0200: Memory Usage (452060K) : graphtop_drw has 0 polygons
2026-07-01 21:55:26 +0200: Memory Usage (452188K) : antvia1_drw has 0 polygons
2026-07-01 21:55:26 +0200: Memory Usage (452188K) : antmetal2_drw has 0 polygons
2026-07-01 21:55:26 +0200: Memory Usage (452316K) : graphcont_drw has 0 polygons
2026-07-01 21:55:26 +0200: Memory Usage (452316K) : siwg_drw has 0 polygons
2026-07-01 21:55:26 +0200: Memory Usage (452316K) : siwg_filler has 0 polygons
2026-07-01 21:55:26 +0200: Memory Usage (452444K) : siwg_nofill has 0 polygons
2026-07-01 21:55:26 +0200: Memory Usage (452444K) : sigrating_drw has 0 polygons
2026-07-01 21:55:26 +0200: Memory Usage (452572K) : singrating_drw has 0 polygons
2026-07-01 21:55:26 +0200: Memory Usage (452700K) : graphpas_drw has 0 polygons
2026-07-01 21:55:26 +0200: Memory Usage (452700K) : emwind3_drw has 0 polygons
2026-07-01 21:55:26 +0200: Memory Usage (452828K) : emwihv3_drw has 0 polygons
2026-07-01 21:55:26 +0200: Memory Usage (452828K) : redbulay_drw has 0 polygons
2026-07-01 21:55:26 +0200: Memory Usage (452828K) : smos_drw has 0 polygons
2026-07-01 21:55:26 +0200: Memory Usage (452956K) : graphpad_drw has 0 polygons
2026-07-01 21:55:26 +0200: Memory Usage (452956K) : polimide_drw has 0 polygons
2026-07-01 21:55:26 +0200: Memory Usage (453084K) : polimide_pin has 0 polygons
2026-07-01 21:55:26 +0200: Memory Usage (453084K) : recog_drw has 0 polygons
2026-07-01 21:55:26 +0200: Memory Usage (453212K) : recog_pin has 0 polygons
2026-07-01 21:55:26 +0200: Memory Usage (453212K) : recog_esd has 0 polygons
2026-07-01 21:55:26 +0200: Memory Usage (453340K) : recog_diode has 0 polygons
2026-07-01 21:55:26 +0200: Memory Usage (453340K) : recog_tsv has 0 polygons
2026-07-01 21:55:26 +0200: Memory Usage (453468K) : recog_iprobe has 0 polygons
2026-07-01 21:55:26 +0200: Memory Usage (453468K) : recog_diffprb has 0 polygons
2026-07-01 21:55:26 +0200: Memory Usage (453596K) : recog_pillar has 0 polygons
2026-07-01 21:55:26 +0200: Memory Usage (453596K) : recog_sbump has 0 polygons
2026-07-01 21:55:26 +0200: Memory Usage (453724K) : recog_otp has 0 polygons
2026-07-01 21:55:26 +0200: Memory Usage (453724K) : recog_pdiode has 0 polygons
2026-07-01 21:55:26 +0200: Memory Usage (453852K) : recog_mom has 0 polygons
2026-07-01 21:55:26 +0200: Memory Usage (453852K) : recog_pcm has 0 polygons
2026-07-01 21:55:26 +0200: Memory Usage (453852K) : colopen_drw has 0 polygons
2026-07-01 21:55:26 +0200: Memory Usage (453980K) : graphmetal1_drw has 0 polygons
2026-07-01 21:55:26 +0200: Memory Usage (453980K) : graphmetal1_filler has 0 polygons
2026-07-01 21:55:26 +0200: Memory Usage (453980K) : graphmetal1_nofill has 0 polygons
2026-07-01 21:55:26 +0200: Memory Usage (453980K) : graphmetal1_slit has 0 polygons
2026-07-01 21:55:26 +0200: Memory Usage (454108K) : graphmetal1_opc has 0 polygons
2026-07-01 21:55:26 +0200: Memory Usage (454108K) : graphmet1l_drw has 0 polygons
2026-07-01 21:55:26 +0200: Memory Usage (454108K) : graphmet1l_filler has 0 polygons
2026-07-01 21:55:26 +0200: Memory Usage (454236K) : graphmet1l_nofill has 0 polygons
2026-07-01 21:55:26 +0200: Memory Usage (454236K) : graphmet1l_slit has 0 polygons
2026-07-01 21:55:26 +0200: Memory Usage (454236K) : graphmet1l_opc has 0 polygons
2026-07-01 21:55:26 +0200: Memory Usage (454364K) : extblock_drw has 0 polygons
2026-07-01 21:55:26 +0200: Memory Usage (454364K) : nldd_drw has 0 polygons
2026-07-01 21:55:26 +0200: Memory Usage (454364K) : pldd_drw has 0 polygons
2026-07-01 21:55:26 +0200: Memory Usage (454364K) : next_drw has 0 polygons
2026-07-01 21:55:26 +0200: Memory Usage (454492K) : pext_drw has 0 polygons
2026-07-01 21:55:26 +0200: Memory Usage (454492K) : nexthv_drw has 0 polygons
2026-07-01 21:55:26 +0200: Memory Usage (454492K) : pexthv_drw has 0 polygons
2026-07-01 21:55:26 +0200: Memory Usage (454620K) : graphgate_drw has 0 polygons
2026-07-01 21:55:26 +0200: Memory Usage (454620K) : sinwg_drw has 0 polygons
2026-07-01 21:55:26 +0200: Memory Usage (454620K) : sinwg_filler has 0 polygons
2026-07-01 21:55:26 +0200: Memory Usage (454748K) : sinwg_nofill has 0 polygons
2026-07-01 21:55:26 +0200: Memory Usage (454748K) : mempad_drw has 0 polygons
2026-07-01 21:55:26 +0200: Memory Usage (454876K) : topvia1_drw has 0 polygons
2026-07-01 21:55:26 +0200: Memory Usage (454876K) : topmetal1_drw has 0 polygons
2026-07-01 21:55:26 +0200: Memory Usage (454876K) : topmetal1_pin has 0 polygons
2026-07-01 21:55:26 +0200: Memory Usage (455004K) : topmetal1_mask has 0 polygons
2026-07-01 21:55:26 +0200: Memory Usage (455004K) : topmetal1_filler has 0 polygons
2026-07-01 21:55:26 +0200: Memory Usage (455132K) : topmetal1_nofill has 0 polygons
2026-07-01 21:55:26 +0200: Memory Usage (455132K) : topmetal1_slit has 0 polygons
2026-07-01 21:55:26 +0200: Memory Usage (455260K) : topmetal1_text has 0 polygons
2026-07-01 21:55:26 +0200: Memory Usage (455260K) : topmetal1_noqrc has 0 polygons
2026-07-01 21:55:26 +0200: Memory Usage (455260K) : topmetal1_res has 0 polygons
2026-07-01 21:55:26 +0200: Memory Usage (455388K) : topmetal1_iprobe has 0 polygons
2026-07-01 21:55:26 +0200: Memory Usage (455388K) : topmetal1_diffprb has 0 polygons
2026-07-01 21:55:26 +0200: Memory Usage (455516K) : inldpwl_drw has 0 polygons
2026-07-01 21:55:26 +0200: Memory Usage (455516K) : polyres_drw has 0 polygons
2026-07-01 21:55:26 +0200: Memory Usage (455644K) : polyres_pin has 0 polygons
2026-07-01 21:55:26 +0200: Memory Usage (455644K) : vmim_drw has 0 polygons
2026-07-01 21:55:26 +0200: Memory Usage (455644K) : nbulaycut_drw has 0 polygons
2026-07-01 21:55:26 +0200: Memory Usage (455644K) : antmetal1_drw has 0 polygons
2026-07-01 21:55:26 +0200: Memory Usage (455772K) : topvia2_drw has 0 polygons
2026-07-01 21:55:26 +0200: Memory Usage (455772K) : topmetal2_drw has 0 polygons
2026-07-01 21:55:26 +0200: Memory Usage (455772K) : topmetal2_pin has 0 polygons
2026-07-01 21:55:26 +0200: Memory Usage (455900K) : topmetal2_mask has 0 polygons
2026-07-01 21:55:26 +0200: Memory Usage (455900K) : topmetal2_filler has 0 polygons
2026-07-01 21:55:26 +0200: Memory Usage (455900K) : topmetal2_nofill has 0 polygons
2026-07-01 21:55:26 +0200: Memory Usage (456028K) : topmetal2_slit has 0 polygons
2026-07-01 21:55:26 +0200: Memory Usage (456028K) : topmetal2_text has 0 polygons
2026-07-01 21:55:26 +0200: Memory Usage (456028K) : topmetal2_noqrc has 0 polygons
2026-07-01 21:55:26 +0200: Memory Usage (456156K) : topmetal2_res has 0 polygons
2026-07-01 21:55:26 +0200: Memory Usage (456156K) : topmetal2_iprobe has 0 polygons
2026-07-01 21:55:26 +0200: Memory Usage (456284K) : topmetal2_diffprb has 0 polygons
2026-07-01 21:55:26 +0200: Memory Usage (456284K) : snsring_drw has 0 polygons
2026-07-01 21:55:26 +0200: Memory Usage (456412K) : sensor_drw has 0 polygons
2026-07-01 21:55:26 +0200: Memory Usage (456412K) : snsarms_drw has 0 polygons
2026-07-01 21:55:26 +0200: Memory Usage (456412K) : snscmosvia_drw has 0 polygons
2026-07-01 21:55:26 +0200: Memory Usage (456540K) : colwind_drw has 0 polygons
2026-07-01 21:55:26 +0200: Memory Usage (456540K) : flm_drw has 0 polygons
2026-07-01 21:55:26 +0200: Memory Usage (456668K) : hafniumox_drw has 0 polygons
2026-07-01 21:55:26 +0200: Memory Usage (456668K) : memvia_drw has 0 polygons
2026-07-01 21:55:26 +0200: Memory Usage (456668K) : thinfilmres_drw has 0 polygons
2026-07-01 21:55:26 +0200: Memory Usage (456796K) : rfmem_drw has 0 polygons
2026-07-01 21:55:26 +0200: Memory Usage (456796K) : norcx_drw has 0 polygons
2026-07-01 21:55:26 +0200: Memory Usage (456924K) : norcx_m2m3 has 0 polygons
2026-07-01 21:55:26 +0200: Memory Usage (456924K) : norcx_m2m4 has 0 polygons
2026-07-01 21:55:26 +0200: Memory Usage (457052K) : norcx_m2m5 has 0 polygons
2026-07-01 21:55:26 +0200: Memory Usage (457052K) : norcx_m2tm1 has 0 polygons
2026-07-01 21:55:26 +0200: Memory Usage (457052K) : norcx_m2tm2 has 0 polygons
2026-07-01 21:55:26 +0200: Memory Usage (457180K) : norcx_m3m4 has 0 polygons
2026-07-01 21:55:26 +0200: Memory Usage (457180K) : norcx_m3m5 has 0 polygons
2026-07-01 21:55:26 +0200: Memory Usage (457308K) : norcx_m3tm1 has 0 polygons
2026-07-01 21:55:26 +0200: Memory Usage (457308K) : norcx_m3tm2 has 0 polygons
2026-07-01 21:55:26 +0200: Memory Usage (457436K) : norcx_m4m5 has 0 polygons
2026-07-01 21:55:26 +0200: Memory Usage (457436K) : norcx_m4tm1 has 0 polygons
2026-07-01 21:55:26 +0200: Memory Usage (457564K) : norcx_m4tm2 has 0 polygons
2026-07-01 21:55:26 +0200: Memory Usage (457564K) : norcx_m5tm1 has 0 polygons
2026-07-01 21:55:26 +0200: Memory Usage (457564K) : norcx_m5tm2 has 0 polygons
2026-07-01 21:55:26 +0200: Memory Usage (457564K) : norcx_tm1tm2 has 0 polygons
2026-07-01 21:55:26 +0200: Memory Usage (457564K) : norcx_m1sub has 0 polygons
2026-07-01 21:55:26 +0200: Memory Usage (457564K) : norcx_m2sub has 0 polygons
2026-07-01 21:55:26 +0200: Memory Usage (457692K) : norcx_m3sub has 0 polygons
2026-07-01 21:55:26 +0200: Memory Usage (457692K) : norcx_m4sub has 0 polygons
2026-07-01 21:55:26 +0200: Memory Usage (457692K) : norcx_m5sub has 0 polygons
2026-07-01 21:55:26 +0200: Memory Usage (457820K) : norcx_tm1sub has 0 polygons
2026-07-01 21:55:26 +0200: Memory Usage (457820K) : norcx_tm2sub has 0 polygons
2026-07-01 21:55:26 +0200: Memory Usage (457820K) : snsbotvia_drw has 0 polygons
2026-07-01 21:55:26 +0200: Memory Usage (457948K) : snstopvia_drw has 0 polygons
2026-07-01 21:55:26 +0200: Memory Usage (457948K) : deepvia_drw has 0 polygons
2026-07-01 21:55:26 +0200: Memory Usage (457948K) : fgetch_drw has 0 polygons
2026-07-01 21:55:26 +0200: Memory Usage (457948K) : ctrgat_drw has 0 polygons
2026-07-01 21:55:26 +0200: Memory Usage (458076K) : fgimp_drw has 0 polygons
2026-07-01 21:55:26 +0200: Memory Usage (458076K) : emwihv_drw has 0 polygons
2026-07-01 21:55:26 +0200: Memory Usage (458076K) : lbe_drw has 0 polygons
2026-07-01 21:55:26 +0200: Memory Usage (458204K) : alcustop_drw has 0 polygons
2026-07-01 21:55:26 +0200: Memory Usage (458204K) : nometfiller_drw has 0 polygons
2026-07-01 21:55:26 +0200: Memory Usage (458204K) : prboundary_drw has 0 polygons
2026-07-01 21:55:26 +0200: Memory Usage (458332K) : exchange0_drw has 0 polygons
2026-07-01 21:55:26 +0200: Memory Usage (458332K) : exchange0_pin has 0 polygons
2026-07-01 21:55:26 +0200: Memory Usage (458332K) : exchange0_text has 0 polygons
2026-07-01 21:55:26 +0200: Memory Usage (458332K) : exchange1_drw has 0 polygons
2026-07-01 21:55:26 +0200: Memory Usage (458460K) : exchange1_pin has 0 polygons
2026-07-01 21:55:26 +0200: Memory Usage (458460K) : exchange1_text has 0 polygons
2026-07-01 21:55:26 +0200: Memory Usage (458460K) : exchange2_drw has 0 polygons
2026-07-01 21:55:26 +0200: Memory Usage (458588K) : exchange2_pin has 0 polygons
2026-07-01 21:55:26 +0200: Memory Usage (458588K) : exchange2_text has 0 polygons
2026-07-01 21:55:26 +0200: Memory Usage (458588K) : exchange3_drw has 0 polygons
2026-07-01 21:55:26 +0200: Memory Usage (458588K) : exchange3_pin has 0 polygons
2026-07-01 21:55:26 +0200: Memory Usage (458588K) : exchange3_text has 0 polygons
2026-07-01 21:55:26 +0200: Memory Usage (458588K) : exchange4_drw has 0 polygons
2026-07-01 21:55:26 +0200: Memory Usage (458588K) : exchange4_pin has 0 polygons
2026-07-01 21:55:26 +0200: Memory Usage (458588K) : exchange4_text has 0 polygons
2026-07-01 21:55:26 +0200: Memory Usage (458588K) : isonwell_drw has 0 polygons
2026-07-01 21:55:26 +0200: Memory Usage (458588K) : Total no. of polygons in the design is 924
2026-07-01 21:55:26 +0200: Memory Usage (458716K) : Loaded TECH DRC rules values from /foss/pdks/ihp-sg13cmos5l/libs.tech/klayout/python/sg13cmos5l_pycell_lib/sg13cmos5l_tech_mod.json
2026-07-01 21:55:26 +0200: Memory Usage (458716K) : Loaded default DRC rules values from /foss/pdks/ihp-sg13cmos5l/libs.tech/klayout/tech/drc/rule_decks/sg13cmos5l_tech_default.json
2026-07-01 21:55:26 +0200: Memory Usage (459868K) : Total area of the design is 363.90375 um^2.
2026-07-01 21:55:26 +0200: Memory Usage (459868K) : The design dimensions are 7.875000000000001 um * 46.21 um.
2026-07-01 21:55:26 +0200: Memory Usage (459868K) : Starting general IHP-SG13CMOS5L derivations.
2026-07-01 21:55:26 +0200: Memory Usage (459868K) : Starting Pwell derivations
2026-07-01 21:55:26 +0200: Memory Usage (459868K) : Starting n-Activ derivations
2026-07-01 21:55:26 +0200: Memory Usage (459868K) : Starting p-Activ derivations
2026-07-01 21:55:26 +0200: Memory Usage (459868K) : Starting ptap derivations
2026-07-01 21:55:26 +0200: Memory Usage (459868K) : Starting ntap derivations
2026-07-01 21:55:26 +0200: Memory Usage (459868K) : Starting pact FET derivations
2026-07-01 21:55:26 +0200: Memory Usage (459868K) : Starting nact FET derivations
2026-07-01 21:55:26 +0200: Memory Usage (461660K) : Starting Gate derivations
2026-07-01 21:55:26 +0200: Memory Usage (461660K) : Starting cont/contbar general derivations
2026-07-01 21:55:26 +0200: Memory Usage (461660K) : Starting pad general derivations (TM1 top)
2026-07-01 21:55:26 +0200: Memory Usage (461660K) : Starting IHP-SG13CMOS5L DRC connectivity related derivations.
2026-07-01 21:55:26 +0200: Memory Usage (461660K) : Starting IHP-SG13CMOS5L DRC connectivity setup
2026-07-01 21:55:26 +0200: Memory Usage (462044K) : Starting IHP-SG13CMOS5L DRC rules.
2026-07-01 21:55:26 +0200: Memory Usage (462044K) : Running all FEOL rules
2026-07-01 21:55:26 +0200: Memory Usage (462044K) : Running all BEOL rules
2026-07-01 21:55:26 +0200: Memory Usage (462044K) : Running all PIN rules
2026-07-01 21:55:26 +0200: Memory Usage (462044K) : Running all FORBIDDEN rules
2026-07-01 21:55:26 +0200: Memory Usage (462044K) : Starting 5.1 NWell table
2026-07-01 21:55:26 +0200: Memory Usage (462044K) : Executing rule NW.b
2026-07-01 21:55:26 +0200: Memory Usage (462300K) : Executing rule NW.b1
2026-07-01 21:55:26 +0200: Memory Usage (462300K) : Executing rule NW.f1
2026-07-01 21:55:26 +0200: Memory Usage (462300K) : Executing rule NW.f1.digibnd
2026-07-01 21:55:26 +0200: Memory Usage (462300K) : Starting 5.2 PWell:block
2026-07-01 21:55:26 +0200: Memory Usage (462300K) : Executing rule PWB.e
2026-07-01 21:55:26 +0200: Memory Usage (462556K) : Executing rule PWB.e1
2026-07-01 21:55:26 +0200: Memory Usage (462556K) : Executing rule PWB.f
2026-07-01 21:55:26 +0200: Memory Usage (462556K) : Executing rule PWB.f1
2026-07-01 21:55:26 +0200: Memory Usage (462556K) : Starting 5.3 nBuLay table
2026-07-01 21:55:26 +0200: Memory Usage (462556K) : nBuLay (32/0) is a FORBIDDEN layer in CMOS5L - skipping NBL rules
2026-07-01 21:55:26 +0200: Memory Usage (462556K) : Starting 5.5. Activ table
2026-07-01 21:55:26 +0200: Memory Usage (462556K) : Executing rule Act.a
2026-07-01 21:55:26 +0200: Memory Usage (462684K) : Executing rule Act.b
2026-07-01 21:55:26 +0200: Memory Usage (462812K) : Starting 5.6 Activ:filler table
2026-07-01 21:55:26 +0200: Memory Usage (462812K) : Executing rule AFil.c1
2026-07-01 21:55:26 +0200: Memory Usage (462812K) : Executing rule AFil.c
2026-07-01 21:55:26 +0200: Memory Usage (462812K) : Executing rule AFil.d
2026-07-01 21:55:26 +0200: Memory Usage (462812K) : Skipping rule AFil.e (TRANS is forbidden in CMOS5L)
2026-07-01 21:55:26 +0200: Memory Usage (462812K) : Executing rule AFil.j
2026-07-01 21:55:26 +0200: Memory Usage (462812K) : Starting 5.7. ThickGateOx table
2026-07-01 21:55:26 +0200: Memory Usage (462812K) : Executing rule TGO.f
2026-07-01 21:55:26 +0200: Memory Usage (462812K) : Starting 5.8. GatPoly table
2026-07-01 21:55:26 +0200: Memory Usage (462812K) : Executing rule Gat.a
2026-07-01 21:55:26 +0200: Memory Usage (462812K) : Executing rule Gat.b
2026-07-01 21:55:27 +0200: Memory Usage (462812K) : Executing rule Gat.d
2026-07-01 21:55:27 +0200: Memory Usage (462812K) : Executing rule Gat.a1
2026-07-01 21:55:27 +0200: Memory Usage (462940K) : Executing rule Gat.a2
2026-07-01 21:55:27 +0200: Memory Usage (462940K) : Executing rule Gat.g
2026-07-01 21:55:27 +0200: Memory Usage (463068K) : Starting 5.9 GatPoly:filler
2026-07-01 21:55:27 +0200: Memory Usage (463068K) : Executing rule GFil.d
2026-07-01 21:55:27 +0200: Memory Usage (463068K) : Executing rule GFil.e
2026-07-01 21:55:27 +0200: Memory Usage (463068K) : Executing rule GFil.i
2026-07-01 21:55:27 +0200: Memory Usage (463068K) : Starting 5.10 pSD table
2026-07-01 21:55:27 +0200: Memory Usage (463068K) : Executing rule pSD.c1
2026-07-01 21:55:27 +0200: Memory Usage (463068K) : Starting 5.14. Cont table
2026-07-01 21:55:27 +0200: Memory Usage (463068K) : Executing rule Cnt.a
2026-07-01 21:55:27 +0200: Memory Usage (463068K) : Executing rule Cnt.b
2026-07-01 21:55:27 +0200: Memory Usage (463068K) : Executing rule Cnt.c
2026-07-01 21:55:27 +0200: Memory Usage (463068K) : Executing rule Cnt.c.digibnd
2026-07-01 21:55:27 +0200: Memory Usage (463068K) : Executing rule Cnt.c.SRAM
2026-07-01 21:55:27 +0200: Memory Usage (463068K) : Executing rule Cnt.d
2026-07-01 21:55:27 +0200: Memory Usage (463068K) : Executing rule Cnt.e
2026-07-01 21:55:27 +0200: Memory Usage (463068K) : Executing rule Cnt.g1
2026-07-01 21:55:27 +0200: Memory Usage (463068K) : Executing rule Cnt.g2
2026-07-01 21:55:27 +0200: Memory Usage (463068K) : Starting 5.15. ContBar table
2026-07-01 21:55:27 +0200: Memory Usage (463068K) : Executing rule CntB.b1
2026-07-01 21:55:27 +0200: Memory Usage (463068K) : Executing rule CntB.h1
2026-07-01 21:55:27 +0200: Memory Usage (463068K) : Starting 7.2 Latch-up table
2026-07-01 21:55:27 +0200: Memory Usage (463068K) : Executing rule LU.b
2026-07-01 21:55:27 +0200: Memory Usage (463068K) : Starting 5.16. Metal1 table
2026-07-01 21:55:27 +0200: Memory Usage (463068K) : Executing rule M1.a
2026-07-01 21:55:27 +0200: Memory Usage (463068K) : Executing rule M1.b
2026-07-01 21:55:27 +0200: Memory Usage (463324K) : Executing rule M1.e
2026-07-01 21:55:27 +0200: Memory Usage (463324K) : Executing rule M1.f
2026-07-01 21:55:27 +0200: Memory Usage (463324K) : Executing rule M1.g
2026-07-01 21:55:27 +0200: Memory Usage (463324K) : Executing rule M1.i
2026-07-01 21:55:27 +0200: Memory Usage (463324K) : Starting 5.17 Metaln table
2026-07-01 21:55:27 +0200: Memory Usage (463324K) : Executing rule M2.a
2026-07-01 21:55:27 +0200: Memory Usage (463324K) : Executing rule M2.b
2026-07-01 21:55:27 +0200: Memory Usage (463324K) : Executing rule M2.e
2026-07-01 21:55:27 +0200: Memory Usage (463324K) : Executing rule M2.f
2026-07-01 21:55:27 +0200: Memory Usage (463324K) : Executing rule M2.g
2026-07-01 21:55:27 +0200: Memory Usage (463324K) : Executing rule M2.i
2026-07-01 21:55:27 +0200: Memory Usage (463324K) : Executing rule M3.a
2026-07-01 21:55:27 +0200: Memory Usage (463324K) : Executing rule M3.b
2026-07-01 21:55:27 +0200: Memory Usage (463324K) : Executing rule M3.e
2026-07-01 21:55:27 +0200: Memory Usage (463324K) : Executing rule M3.f
2026-07-01 21:55:27 +0200: Memory Usage (463324K) : Executing rule M3.g
2026-07-01 21:55:27 +0200: Memory Usage (463324K) : Executing rule M3.i
2026-07-01 21:55:27 +0200: Memory Usage (463324K) : Executing rule M4.a
2026-07-01 21:55:27 +0200: Memory Usage (463324K) : Executing rule M4.b
2026-07-01 21:55:27 +0200: Memory Usage (463324K) : Executing rule M4.e
2026-07-01 21:55:27 +0200: Memory Usage (463324K) : Executing rule M4.f
2026-07-01 21:55:27 +0200: Memory Usage (463324K) : Executing rule M4.g
2026-07-01 21:55:27 +0200: Memory Usage (463324K) : Executing rule M4.i
2026-07-01 21:55:27 +0200: Memory Usage (463324K) : Starting 5.18 Metaln:filler table
2026-07-01 21:55:27 +0200: Memory Usage (463324K) : Executing rule M1Fil.c
2026-07-01 21:55:27 +0200: Memory Usage (463324K) : Executing rule M1Fil.a2
2026-07-01 21:55:27 +0200: Memory Usage (463324K) : Executing rule M2Fil.c
2026-07-01 21:55:27 +0200: Memory Usage (463324K) : Executing rule M2Fil.a2
2026-07-01 21:55:27 +0200: Memory Usage (463324K) : Executing rule M3Fil.c
2026-07-01 21:55:27 +0200: Memory Usage (463324K) : Executing rule M3Fil.a2
2026-07-01 21:55:27 +0200: Memory Usage (463324K) : Executing rule M4Fil.c
2026-07-01 21:55:27 +0200: Memory Usage (463324K) : Executing rule M4Fil.a2
2026-07-01 21:55:27 +0200: Memory Usage (463324K) : Starting 5.19. Via1 table
2026-07-01 21:55:27 +0200: Memory Usage (463324K) : Starting 5.19. Via1 table derivations
2026-07-01 21:55:27 +0200: Memory Usage (463324K) : Executing rule V1.a
2026-07-01 21:55:27 +0200: Memory Usage (463324K) : Executing rule V1.b
2026-07-01 21:55:27 +0200: Memory Usage (463324K) : Executing rule V1.c
2026-07-01 21:55:27 +0200: Memory Usage (463324K) : Starting 5.20. Vian table
2026-07-01 21:55:27 +0200: Memory Usage (463324K) : Executing rule V2.a
2026-07-01 21:55:27 +0200: Memory Usage (463324K) : Executing rule V2.b
2026-07-01 21:55:27 +0200: Memory Usage (463324K) : Executing rule V2.c
2026-07-01 21:55:27 +0200: Memory Usage (463324K) : Executing rule V3.a
2026-07-01 21:55:27 +0200: Memory Usage (463324K) : Executing rule V3.b
2026-07-01 21:55:27 +0200: Memory Usage (463324K) : Executing rule V3.c
2026-07-01 21:55:27 +0200: Memory Usage (463324K) : Starting 5.21. TopVia1 table
2026-07-01 21:55:27 +0200: Memory Usage (463324K) : Executing rule TV1.a
2026-07-01 21:55:27 +0200: Memory Usage (463324K) : Executing rule TV1.b
2026-07-01 21:55:27 +0200: Memory Usage (463324K) : Executing rule TV1.c
2026-07-01 21:55:27 +0200: Memory Usage (463324K) : Executing rule TV1.d
2026-07-01 21:55:27 +0200: Memory Usage (463324K) : Starting 5.22. TopMetal1 table
2026-07-01 21:55:27 +0200: Memory Usage (463324K) : Executing rule TM1.a
2026-07-01 21:55:27 +0200: Memory Usage (463324K) : Executing rule TM1.b
2026-07-01 21:55:27 +0200: Memory Usage (463324K) : Starting 5.23 TopMetal1:filler table
2026-07-01 21:55:27 +0200: Memory Usage (463324K) : Executing rule TM1Fil.c
2026-07-01 21:55:27 +0200: Memory Usage (463324K) : Executing rule TM1Fil.a1
2026-07-01 21:55:27 +0200: Memory Usage (463324K) : Starting 5.27. Passiv table
2026-07-01 21:55:27 +0200: Memory Usage (463324K) : Executing rule Pas.a
2026-07-01 21:55:27 +0200: Memory Usage (463324K) : Executing rule Pas.b
2026-07-01 21:55:27 +0200: Memory Usage (463324K) : Executing rule Pas.c
2026-07-01 21:55:27 +0200: Memory Usage (463324K) : Starting 6.9 Pad table
2026-07-01 21:55:27 +0200: Memory Usage (463324K) : Executing rule Pad.m
2026-07-01 21:55:27 +0200: Memory Usage (463324K) : Executing rule Pad.fR_M1
2026-07-01 21:55:27 +0200: Memory Usage (463324K) : Executing rule Pad.fR_M2
2026-07-01 21:55:27 +0200: Memory Usage (463324K) : Executing rule Pad.fR_M3
2026-07-01 21:55:27 +0200: Memory Usage (463324K) : Executing rule Pad.fR_M4
2026-07-01 21:55:27 +0200: Memory Usage (463324K) : Executing rule Pad.fR_TM1
2026-07-01 21:55:27 +0200: Memory Usage (463324K) : Executing rule Pad.i
2026-07-01 21:55:27 +0200: Memory Usage (463324K) : Starting 6.10 Sealring table
2026-07-01 21:55:27 +0200: Memory Usage (463324K) : Executing rule Seal.l
2026-07-01 21:55:27 +0200: Memory Usage (463324K) : Executing rule Seal.n
2026-07-01 21:55:27 +0200: Memory Usage (463324K) : Executing rule seal.b_metal1
2026-07-01 21:55:27 +0200: Memory Usage (463324K) : Executing rule seal.b_metal2
2026-07-01 21:55:27 +0200: Memory Usage (463324K) : Executing rule seal.b_metal3
2026-07-01 21:55:27 +0200: Memory Usage (463324K) : Executing rule seal.b_metal4
2026-07-01 21:55:27 +0200: Memory Usage (463324K) : Executing rule seal.b_topmetal1
2026-07-01 21:55:27 +0200: Memory Usage (463324K) : Executing rule seal.b_activ
2026-07-01 21:55:27 +0200: Memory Usage (463324K) : Executing rule seal.b_psd
2026-07-01 21:55:27 +0200: Memory Usage (463324K) : Executing rule Seal.k
2026-07-01 21:55:27 +0200: Memory Usage (463324K) : Executing rule Seal.m
2026-07-01 21:55:27 +0200: Memory Usage (463324K) : Starting 7.3 Metal Slits table
2026-07-01 21:55:27 +0200: Memory Usage (463324K) : Executing rule Slt.e1_M1
2026-07-01 21:55:27 +0200: Memory Usage (463324K) : Executing rule Slt.e1_M2
2026-07-01 21:55:27 +0200: Memory Usage (463324K) : Executing rule Slt.e1_M3
2026-07-01 21:55:27 +0200: Memory Usage (463324K) : Executing rule Slt.e1_M4
2026-07-01 21:55:27 +0200: Memory Usage (463324K) : Executing rule Slt.e1_TM1
2026-07-01 21:55:27 +0200: Memory Usage (463324K) : Starting 9.1. LBE table
2026-07-01 21:55:27 +0200: Memory Usage (463324K) : Executing rule LBE.a
2026-07-01 21:55:27 +0200: Memory Usage (463324K) : Executing rule LBE.b
2026-07-01 21:55:27 +0200: Memory Usage (463324K) : Executing rule LBE.b1
2026-07-01 21:55:27 +0200: Memory Usage (463324K) : Executing rule LBE.c
2026-07-01 21:55:27 +0200: Memory Usage (463324K) : Executing rule LBE.d
2026-07-01 21:55:27 +0200: Memory Usage (463324K) : Executing rule LBE.h
2026-07-01 21:55:27 +0200: Memory Usage (463324K) : Starting 7.4. PIN table
2026-07-01 21:55:27 +0200: Memory Usage (463324K) : Executing rule Pin.a
2026-07-01 21:55:27 +0200: Memory Usage (463324K) : Executing rule Pin.b
2026-07-01 21:55:27 +0200: Memory Usage (463324K) : Executing rule Pin.e
2026-07-01 21:55:27 +0200: Memory Usage (463324K) : Executing rule Pin.f_M2
2026-07-01 21:55:27 +0200: Memory Usage (463324K) : Executing rule Pin.f_M3
2026-07-01 21:55:27 +0200: Memory Usage (463324K) : Executing rule Pin.f_M4
2026-07-01 21:55:27 +0200: Memory Usage (463324K) : Executing rule Pin.g
2026-07-01 21:55:27 +0200: Memory Usage (463324K) : Starting 3.1. offgrid table
2026-07-01 21:55:27 +0200: Memory Usage (463324K) : Executing rule activ_drw_Offgrid
2026-07-01 21:55:27 +0200: Memory Usage (463324K) : Executing rule activ_pin_Offgrid
2026-07-01 21:55:27 +0200: Memory Usage (463452K) : Executing rule activ_mask_Offgrid
2026-07-01 21:55:27 +0200: Memory Usage (463452K) : Executing rule activ_filler_Offgrid
2026-07-01 21:55:27 +0200: Memory Usage (463452K) : Executing rule activ_nofill_Offgrid
2026-07-01 21:55:27 +0200: Memory Usage (463452K) : Executing rule activ_opc_Offgrid
2026-07-01 21:55:27 +0200: Memory Usage (463452K) : Executing rule activ_iopc_Offgrid
2026-07-01 21:55:27 +0200: Memory Usage (463452K) : Executing rule activ_noqrc_Offgrid
2026-07-01 21:55:27 +0200: Memory Usage (463452K) : Executing rule gatpoly_drw_Offgrid
2026-07-01 21:55:27 +0200: Memory Usage (463452K) : Executing rule gatpoly_pin_Offgrid
2026-07-01 21:55:27 +0200: Memory Usage (463452K) : Executing rule gatpoly_filler_Offgrid
2026-07-01 21:55:27 +0200: Memory Usage (463452K) : Executing rule gatpoly_nofill_Offgrid
2026-07-01 21:55:27 +0200: Memory Usage (463452K) : Executing rule gatpoly_opc_Offgrid
2026-07-01 21:55:27 +0200: Memory Usage (463452K) : Executing rule gatpoly_iopc_Offgrid
2026-07-01 21:55:27 +0200: Memory Usage (463836K) : Executing rule gatpoly_noqrc_Offgrid
2026-07-01 21:55:27 +0200: Memory Usage (464220K) : Executing rule cont_drw_Offgrid
2026-07-01 21:55:27 +0200: Memory Usage (464348K) : Executing rule cont_opc_Offgrid
2026-07-01 21:55:27 +0200: Memory Usage (464348K) : Executing rule nsd_drw_Offgrid
2026-07-01 21:55:27 +0200: Memory Usage (464348K) : Executing rule nsd_block_Offgrid
2026-07-01 21:55:27 +0200: Memory Usage (464348K) : Executing rule metal1_drw_Offgrid
2026-07-01 21:55:27 +0200: Memory Usage (464348K) : Executing rule metal1_pin_Offgrid
2026-07-01 21:55:27 +0200: Memory Usage (464348K) : Executing rule metal1_mask_Offgrid
2026-07-01 21:55:27 +0200: Memory Usage (464348K) : Executing rule metal1_filler_Offgrid
2026-07-01 21:55:27 +0200: Memory Usage (464348K) : Executing rule metal1_nofill_Offgrid
2026-07-01 21:55:27 +0200: Memory Usage (464348K) : Executing rule metal1_slit_Offgrid
2026-07-01 21:55:27 +0200: Memory Usage (464604K) : Executing rule metal1_opc_Offgrid
2026-07-01 21:55:27 +0200: Memory Usage (464860K) : Executing rule metal1_noqrc_Offgrid
2026-07-01 21:55:27 +0200: Memory Usage (464860K) : Executing rule metal1_res_Offgrid
2026-07-01 21:55:27 +0200: Memory Usage (464860K) : Executing rule metal1_iprobe_Offgrid
2026-07-01 21:55:27 +0200: Memory Usage (464988K) : Executing rule metal1_diffprb_Offgrid
2026-07-01 21:55:27 +0200: Memory Usage (465244K) : Executing rule passiv_drw_Offgrid
2026-07-01 21:55:27 +0200: Memory Usage (465500K) : Executing rule passiv_pin_Offgrid
2026-07-01 21:55:27 +0200: Memory Usage (465628K) : Executing rule passiv_pillar_Offgrid
2026-07-01 21:55:27 +0200: Memory Usage (465628K) : Executing rule passiv_sbump_Offgrid
2026-07-01 21:55:27 +0200: Memory Usage (465628K) : Executing rule passiv_pdl_Offgrid
2026-07-01 21:55:27 +0200: Memory Usage (465628K) : Executing rule metal2_drw_Offgrid
2026-07-01 21:55:27 +0200: Memory Usage (465628K) : Executing rule metal2_pin_Offgrid
2026-07-01 21:55:27 +0200: Memory Usage (465628K) : Executing rule metal2_mask_Offgrid
2026-07-01 21:55:27 +0200: Memory Usage (465628K) : Executing rule metal2_filler_Offgrid
2026-07-01 21:55:27 +0200: Memory Usage (465628K) : Executing rule metal2_nofill_Offgrid
2026-07-01 21:55:27 +0200: Memory Usage (465628K) : Executing rule metal2_slit_Offgrid
2026-07-01 21:55:27 +0200: Memory Usage (465628K) : Executing rule metal2_opc_Offgrid
2026-07-01 21:55:27 +0200: Memory Usage (465628K) : Executing rule metal2_noqrc_Offgrid
2026-07-01 21:55:27 +0200: Memory Usage (465628K) : Executing rule metal2_res_Offgrid
2026-07-01 21:55:27 +0200: Memory Usage (465628K) : Executing rule metal2_iprobe_Offgrid
2026-07-01 21:55:27 +0200: Memory Usage (465628K) : Executing rule metal2_diffprb_Offgrid
2026-07-01 21:55:27 +0200: Memory Usage (465628K) : Executing rule psd_drw_Offgrid
2026-07-01 21:55:27 +0200: Memory Usage (465628K) : Executing rule via1_drw_Offgrid
2026-07-01 21:55:27 +0200: Memory Usage (465628K) : Executing rule salblock_drw_Offgrid
2026-07-01 21:55:27 +0200: Memory Usage (465628K) : Executing rule via2_drw_Offgrid
2026-07-01 21:55:27 +0200: Memory Usage (465628K) : Executing rule metal3_drw_Offgrid
2026-07-01 21:55:27 +0200: Memory Usage (465628K) : Executing rule metal3_pin_Offgrid
2026-07-01 21:55:27 +0200: Memory Usage (465628K) : Executing rule metal3_mask_Offgrid
2026-07-01 21:55:27 +0200: Memory Usage (465628K) : Executing rule metal3_filler_Offgrid
2026-07-01 21:55:27 +0200: Memory Usage (465628K) : Executing rule metal3_nofill_Offgrid
2026-07-01 21:55:27 +0200: Memory Usage (465628K) : Executing rule metal3_slit_Offgrid
2026-07-01 21:55:27 +0200: Memory Usage (465628K) : Executing rule metal3_opc_Offgrid
2026-07-01 21:55:28 +0200: Memory Usage (465628K) : Executing rule metal3_noqrc_Offgrid
2026-07-01 21:55:28 +0200: Memory Usage (465628K) : Executing rule metal3_res_Offgrid
2026-07-01 21:55:28 +0200: Memory Usage (465628K) : Executing rule metal3_iprobe_Offgrid
2026-07-01 21:55:28 +0200: Memory Usage (465628K) : Executing rule metal3_diffprb_Offgrid
2026-07-01 21:55:28 +0200: Memory Usage (465628K) : Executing rule nwell_drw_Offgrid
2026-07-01 21:55:28 +0200: Memory Usage (465628K) : Executing rule nwell_pin_Offgrid
2026-07-01 21:55:28 +0200: Memory Usage (465628K) : Executing rule pwell_drw_Offgrid
2026-07-01 21:55:28 +0200: Memory Usage (465628K) : Executing rule pwell_pin_Offgrid
2026-07-01 21:55:28 +0200: Memory Usage (465628K) : Executing rule pwell_block_Offgrid
2026-07-01 21:55:28 +0200: Memory Usage (465628K) : Executing rule substrate_drw_Offgrid
2026-07-01 21:55:28 +0200: Memory Usage (465628K) : Executing rule via3_drw_Offgrid
2026-07-01 21:55:28 +0200: Memory Usage (465628K) : Executing rule metal4_drw_Offgrid
2026-07-01 21:55:28 +0200: Memory Usage (465628K) : Executing rule metal4_pin_Offgrid
2026-07-01 21:55:28 +0200: Memory Usage (465628K) : Executing rule metal4_mask_Offgrid
2026-07-01 21:55:28 +0200: Memory Usage (465628K) : Executing rule metal4_filler_Offgrid
2026-07-01 21:55:28 +0200: Memory Usage (465628K) : Executing rule metal4_nofill_Offgrid
2026-07-01 21:55:28 +0200: Memory Usage (465628K) : Executing rule metal4_slit_Offgrid
2026-07-01 21:55:28 +0200: Memory Usage (465628K) : Executing rule metal4_opc_Offgrid
2026-07-01 21:55:28 +0200: Memory Usage (465756K) : Executing rule metal4_noqrc_Offgrid
2026-07-01 21:55:28 +0200: Memory Usage (466268K) : Executing rule metal4_res_Offgrid
2026-07-01 21:55:28 +0200: Memory Usage (466652K) : Executing rule metal4_iprobe_Offgrid
2026-07-01 21:55:28 +0200: Memory Usage (467164K) : Executing rule metal4_diffprb_Offgrid
2026-07-01 21:55:28 +0200: Memory Usage (467548K) : Executing rule topvia1_drw_Offgrid
2026-07-01 21:55:28 +0200: Memory Usage (468060K) : Executing rule topmetal1_drw_Offgrid
2026-07-01 21:55:28 +0200: Memory Usage (468444K) : Executing rule topmetal1_pin_Offgrid
2026-07-01 21:55:28 +0200: Memory Usage (468828K) : Executing rule topmetal1_mask_Offgrid
2026-07-01 21:55:28 +0200: Memory Usage (469340K) : Executing rule topmetal1_filler_Offgrid
2026-07-01 21:55:28 +0200: Memory Usage (469724K) : Executing rule topmetal1_nofill_Offgrid
2026-07-01 21:55:28 +0200: Memory Usage (470236K) : Executing rule topmetal1_slit_Offgrid
2026-07-01 21:55:28 +0200: Memory Usage (470620K) : Executing rule topmetal1_noqrc_Offgrid
2026-07-01 21:55:28 +0200: Memory Usage (470748K) : Executing rule topmetal1_res_Offgrid
2026-07-01 21:55:28 +0200: Memory Usage (470748K) : Executing rule topmetal1_iprobe_Offgrid
2026-07-01 21:55:28 +0200: Memory Usage (470748K) : Executing rule topmetal1_diffprb_Offgrid
2026-07-01 21:55:28 +0200: Memory Usage (470748K) : Executing rule thickgateox_drw_Offgrid
2026-07-01 21:55:28 +0200: Memory Usage (470748K) : Executing rule polyres_drw_Offgrid
2026-07-01 21:55:28 +0200: Memory Usage (470876K) : Executing rule polyres_pin_Offgrid
2026-07-01 21:55:28 +0200: Memory Usage (470876K) : Executing rule antmetal1_drw_Offgrid
2026-07-01 21:55:28 +0200: Memory Usage (470876K) : Executing rule thinfilmres_drw_Offgrid
2026-07-01 21:55:28 +0200: Memory Usage (470876K) : Executing rule lbe_drw_Offgrid
2026-07-01 21:55:28 +0200: Memory Usage (470876K) : Executing rule prboundary_drw_Offgrid
2026-07-01 21:55:28 +0200: Memory Usage (470876K) : Starting 3.2. angle table
2026-07-01 21:55:28 +0200: Memory Usage (470876K) : Executing rule activ_drw_Acute
2026-07-01 21:55:28 +0200: Memory Usage (470876K) : Executing rule activ_pin_Acute
2026-07-01 21:55:28 +0200: Memory Usage (470876K) : Executing rule activ_mask_Acute
2026-07-01 21:55:28 +0200: Memory Usage (470876K) : Executing rule activ_filler_Acute
2026-07-01 21:55:28 +0200: Memory Usage (470876K) : Executing rule activ_nofill_Acute
2026-07-01 21:55:28 +0200: Memory Usage (470876K) : Executing rule activ_opc_Acute
2026-07-01 21:55:28 +0200: Memory Usage (470876K) : Executing rule activ_iopc_Acute
2026-07-01 21:55:28 +0200: Memory Usage (470876K) : Executing rule activ_noqrc_Acute
2026-07-01 21:55:28 +0200: Memory Usage (470876K) : Executing rule gatpoly_drw_Acute
2026-07-01 21:55:28 +0200: Memory Usage (470876K) : Executing rule gatpoly_pin_Acute
2026-07-01 21:55:28 +0200: Memory Usage (470876K) : Executing rule gatpoly_filler_Acute
2026-07-01 21:55:28 +0200: Memory Usage (470876K) : Executing rule gatpoly_nofill_Acute
2026-07-01 21:55:28 +0200: Memory Usage (470876K) : Executing rule gatpoly_opc_Acute
2026-07-01 21:55:28 +0200: Memory Usage (470876K) : Executing rule gatpoly_iopc_Acute
2026-07-01 21:55:28 +0200: Memory Usage (470876K) : Executing rule gatpoly_noqrc_Acute
2026-07-01 21:55:28 +0200: Memory Usage (470876K) : Executing rule cont_drw_Acute
2026-07-01 21:55:28 +0200: Memory Usage (470876K) : Executing rule cont_opc_Acute
2026-07-01 21:55:28 +0200: Memory Usage (470876K) : Executing rule nsd_drw_Acute
2026-07-01 21:55:28 +0200: Memory Usage (470876K) : Executing rule nsd_block_Acute
2026-07-01 21:55:28 +0200: Memory Usage (470876K) : Executing rule metal1_drw_Acute
2026-07-01 21:55:28 +0200: Memory Usage (470876K) : Executing rule metal1_pin_Acute
2026-07-01 21:55:28 +0200: Memory Usage (470876K) : Executing rule metal1_mask_Acute
2026-07-01 21:55:28 +0200: Memory Usage (470876K) : Executing rule metal1_filler_Acute
2026-07-01 21:55:28 +0200: Memory Usage (470876K) : Executing rule metal1_nofill_Acute
2026-07-01 21:55:28 +0200: Memory Usage (470876K) : Executing rule metal1_slit_Acute
2026-07-01 21:55:28 +0200: Memory Usage (470876K) : Executing rule metal1_opc_Acute
2026-07-01 21:55:28 +0200: Memory Usage (470876K) : Executing rule metal1_noqrc_Acute
2026-07-01 21:55:28 +0200: Memory Usage (470876K) : Executing rule metal1_res_Acute
2026-07-01 21:55:28 +0200: Memory Usage (470876K) : Executing rule metal1_iprobe_Acute
2026-07-01 21:55:28 +0200: Memory Usage (470876K) : Executing rule metal1_diffprb_Acute
2026-07-01 21:55:28 +0200: Memory Usage (470876K) : Executing rule passiv_drw_Acute
2026-07-01 21:55:28 +0200: Memory Usage (470876K) : Executing rule passiv_pin_Acute
2026-07-01 21:55:28 +0200: Memory Usage (470876K) : Executing rule passiv_pillar_Acute
2026-07-01 21:55:28 +0200: Memory Usage (470876K) : Executing rule passiv_sbump_Acute
2026-07-01 21:55:28 +0200: Memory Usage (470876K) : Executing rule passiv_pdl_Acute
2026-07-01 21:55:28 +0200: Memory Usage (470876K) : Executing rule metal2_drw_Acute
2026-07-01 21:55:28 +0200: Memory Usage (470876K) : Executing rule metal2_pin_Acute
2026-07-01 21:55:28 +0200: Memory Usage (470876K) : Executing rule metal2_mask_Acute
2026-07-01 21:55:28 +0200: Memory Usage (470876K) : Executing rule metal2_filler_Acute
2026-07-01 21:55:28 +0200: Memory Usage (470876K) : Executing rule metal2_nofill_Acute
2026-07-01 21:55:28 +0200: Memory Usage (470876K) : Executing rule metal2_slit_Acute
2026-07-01 21:55:28 +0200: Memory Usage (470876K) : Executing rule metal2_opc_Acute
2026-07-01 21:55:28 +0200: Memory Usage (470876K) : Executing rule metal2_noqrc_Acute
2026-07-01 21:55:28 +0200: Memory Usage (470876K) : Executing rule metal2_res_Acute
2026-07-01 21:55:28 +0200: Memory Usage (470876K) : Executing rule metal2_iprobe_Acute
2026-07-01 21:55:28 +0200: Memory Usage (470876K) : Executing rule metal2_diffprb_Acute
2026-07-01 21:55:28 +0200: Memory Usage (470876K) : Executing rule psd_drw_Acute
2026-07-01 21:55:28 +0200: Memory Usage (470876K) : Executing rule via1_drw_Acute
2026-07-01 21:55:28 +0200: Memory Usage (470876K) : Executing rule salblock_drw_Acute
2026-07-01 21:55:28 +0200: Memory Usage (470876K) : Executing rule via2_drw_Acute
2026-07-01 21:55:28 +0200: Memory Usage (470876K) : Executing rule metal3_drw_Acute
2026-07-01 21:55:28 +0200: Memory Usage (470876K) : Executing rule metal3_pin_Acute
2026-07-01 21:55:28 +0200: Memory Usage (470876K) : Executing rule metal3_mask_Acute
2026-07-01 21:55:28 +0200: Memory Usage (470876K) : Executing rule metal3_filler_Acute
2026-07-01 21:55:28 +0200: Memory Usage (470876K) : Executing rule metal3_nofill_Acute
2026-07-01 21:55:28 +0200: Memory Usage (470876K) : Executing rule metal3_slit_Acute
2026-07-01 21:55:28 +0200: Memory Usage (471132K) : Executing rule metal3_opc_Acute
2026-07-01 21:55:28 +0200: Memory Usage (471772K) : Executing rule metal3_noqrc_Acute
2026-07-01 21:55:28 +0200: Memory Usage (472284K) : Executing rule metal3_res_Acute
2026-07-01 21:55:28 +0200: Memory Usage (472796K) : Executing rule metal3_iprobe_Acute
2026-07-01 21:55:28 +0200: Memory Usage (473308K) : Executing rule metal3_diffprb_Acute
2026-07-01 21:55:28 +0200: Memory Usage (473820K) : Executing rule nwell_drw_Acute
2026-07-01 21:55:28 +0200: Memory Usage (474460K) : Executing rule nwell_pin_Acute
2026-07-01 21:55:28 +0200: Memory Usage (474972K) : Executing rule pwell_drw_Acute
2026-07-01 21:55:28 +0200: Memory Usage (475484K) : Executing rule pwell_pin_Acute
2026-07-01 21:55:28 +0200: Memory Usage (475996K) : Executing rule pwell_block_Acute
2026-07-01 21:55:28 +0200: Memory Usage (476508K) : Executing rule substrate_drw_Acute
2026-07-01 21:55:28 +0200: Memory Usage (476636K) : Executing rule via3_drw_Acute
2026-07-01 21:55:28 +0200: Memory Usage (476636K) : Executing rule metal4_drw_Acute
2026-07-01 21:55:28 +0200: Memory Usage (476636K) : Executing rule metal4_pin_Acute
2026-07-01 21:55:28 +0200: Memory Usage (476636K) : Executing rule metal4_mask_Acute
2026-07-01 21:55:28 +0200: Memory Usage (476636K) : Executing rule metal4_filler_Acute
2026-07-01 21:55:28 +0200: Memory Usage (476636K) : Executing rule metal4_nofill_Acute
2026-07-01 21:55:28 +0200: Memory Usage (476636K) : Executing rule metal4_slit_Acute
2026-07-01 21:55:28 +0200: Memory Usage (476636K) : Executing rule metal4_opc_Acute
2026-07-01 21:55:28 +0200: Memory Usage (476636K) : Executing rule metal4_noqrc_Acute
2026-07-01 21:55:28 +0200: Memory Usage (476636K) : Executing rule metal4_res_Acute
2026-07-01 21:55:28 +0200: Memory Usage (476636K) : Executing rule metal4_iprobe_Acute
2026-07-01 21:55:28 +0200: Memory Usage (476636K) : Executing rule metal4_diffprb_Acute
2026-07-01 21:55:28 +0200: Memory Usage (476636K) : Executing rule topvia1_drw_Acute
2026-07-01 21:55:28 +0200: Memory Usage (476636K) : Executing rule topmetal1_drw_Acute
2026-07-01 21:55:28 +0200: Memory Usage (476636K) : Executing rule topmetal1_pin_Acute
2026-07-01 21:55:28 +0200: Memory Usage (476636K) : Executing rule topmetal1_mask_Acute
2026-07-01 21:55:28 +0200: Memory Usage (476636K) : Executing rule topmetal1_filler_Acute
2026-07-01 21:55:28 +0200: Memory Usage (476636K) : Executing rule topmetal1_nofill_Acute
2026-07-01 21:55:28 +0200: Memory Usage (476636K) : Executing rule topmetal1_slit_Acute
2026-07-01 21:55:28 +0200: Memory Usage (476636K) : Executing rule topmetal1_noqrc_Acute
2026-07-01 21:55:28 +0200: Memory Usage (476636K) : Executing rule topmetal1_res_Acute
2026-07-01 21:55:29 +0200: Memory Usage (476636K) : Executing rule topmetal1_iprobe_Acute
2026-07-01 21:55:29 +0200: Memory Usage (476636K) : Executing rule topmetal1_diffprb_Acute
2026-07-01 21:55:29 +0200: Memory Usage (476636K) : Executing rule thickgateox_drw_Acute
2026-07-01 21:55:29 +0200: Memory Usage (476636K) : Executing rule polyres_drw_Acute
2026-07-01 21:55:29 +0200: Memory Usage (476636K) : Executing rule polyres_pin_Acute
2026-07-01 21:55:29 +0200: Memory Usage (476636K) : Executing rule antmetal1_drw_Acute
2026-07-01 21:55:29 +0200: Memory Usage (476636K) : Executing rule thinfilmres_drw_Acute
2026-07-01 21:55:29 +0200: Memory Usage (476636K) : Executing rule lbe_drw_Acute
2026-07-01 21:55:29 +0200: Memory Usage (476636K) : Executing rule prboundary_drw_Acute
2026-07-01 21:55:29 +0200: Memory Usage (476636K) : Executing rule cont_drw_Angle90
2026-07-01 21:55:29 +0200: Memory Usage (477020K) : Executing rule via1_drw_Angle90
2026-07-01 21:55:29 +0200: Memory Usage (477020K) : Executing rule via2_drw_Angle90
2026-07-01 21:55:29 +0200: Memory Usage (477020K) : Executing rule via3_drw_Angle90
2026-07-01 21:55:29 +0200: Memory Usage (477020K) : Executing rule topvia1_drw_Angle90
2026-07-01 21:55:29 +0200: Memory Usage (477020K) : Executing rule gatpoly_drw_Angle45
2026-07-01 21:55:29 +0200: Memory Usage (477020K) : Executing rule activ_drw_Angle45
2026-07-01 21:55:29 +0200: Memory Usage (477020K) : Executing rule metal1_drw_Angle45
2026-07-01 21:55:29 +0200: Memory Usage (477020K) : Executing rule metal2_drw_Angle45
2026-07-01 21:55:29 +0200: Memory Usage (477020K) : Executing rule metal3_drw_Angle45
2026-07-01 21:55:29 +0200: Memory Usage (477020K) : Executing rule metal4_drw_Angle45
2026-07-01 21:55:29 +0200: Memory Usage (477020K) : Executing rule topmetal1_drw_Angle45
2026-07-01 21:55:29 +0200: Memory Usage (477020K) : Starting 3.2. FORBIDDEN table
2026-07-01 21:55:29 +0200: Memory Usage (477020K) : Executing rule forbidden.biwind
2026-07-01 21:55:29 +0200: Memory Usage (477020K) : Executing rule forbidden.pemwind
2026-07-01 21:55:29 +0200: Memory Usage (477020K) : Executing rule forbidden.baspoly
2026-07-01 21:55:29 +0200: Memory Usage (477020K) : Executing rule forbidden.deepco
2026-07-01 21:55:29 +0200: Memory Usage (477020K) : Executing rule forbidden.pempoly
2026-07-01 21:55:29 +0200: Memory Usage (477020K) : Executing rule forbidden.empoly
2026-07-01 21:55:29 +0200: Memory Usage (477020K) : Executing rule forbidden.ldmos
2026-07-01 21:55:29 +0200: Memory Usage (477020K) : Executing rule forbidden.pbiwind
2026-07-01 21:55:29 +0200: Memory Usage (477020K) : Executing rule forbidden.nodrc
2026-07-01 21:55:29 +0200: Memory Usage (477020K) : Executing rule forbidden.flash
2026-07-01 21:55:29 +0200: Memory Usage (477020K) : Executing rule forbidden.colwind
2026-07-01 21:55:29 +0200: Memory Usage (477020K) : Starting 3.2. CMOS5L FORBIDDEN layers check
2026-07-01 21:55:29 +0200: Memory Usage (477020K) : Executing rule CMOS5L.FORB.Metal5
2026-07-01 21:55:29 +0200: Memory Usage (477020K) : Executing rule CMOS5L.FORB.Metal5.filler
2026-07-01 21:55:29 +0200: Memory Usage (477020K) : Executing rule CMOS5L.FORB.Via4
2026-07-01 21:55:29 +0200: Memory Usage (477020K) : Executing rule CMOS5L.FORB.TopMetal2
2026-07-01 21:55:29 +0200: Memory Usage (477020K) : Executing rule CMOS5L.FORB.TopMetal2.filler
2026-07-01 21:55:29 +0200: Memory Usage (477020K) : Executing rule CMOS5L.FORB.TopVia2
2026-07-01 21:55:29 +0200: Memory Usage (477020K) : Executing rule CMOS5L.FORB.TRANS
2026-07-01 21:55:29 +0200: Memory Usage (477020K) : Executing rule CMOS5L.FORB.nBuLay
2026-07-01 21:55:29 +0200: Memory Usage (477020K) : Executing rule CMOS5L.FORB.MIM
2026-07-01 21:55:29 +0200: Memory Usage (477020K) : Executing rule CMOS5L.FORB.Vmim
2026-07-01 21:55:29 +0200: Memory Usage (477020K) : KLayout DRC run for tables 'main' completed in 2.97 seconds
