# Logfile created on 2026-07-02 01:08:06 +0200 by logger.rb/v1.5.3
2026-07-02 01:08:06 +0200: Memory Usage (442388K) : Starting running IHP-SG13CMOS5L KLayout DRC runset on /foss/designs/ihp_INI_project/INI_Block/CoreFineDAC.klay.gds
2026-07-02 01:08:06 +0200: Memory Usage (442388K) : Ruby Version for klayout: 3.2.3
2026-07-02 01:08:06 +0200: Memory Usage (443796K) : Loading database to memory is complete.
2026-07-02 01:08:06 +0200: Memory Usage (443796K) : IHP-SG13CMOS5L KLayout DRC runset output at: /foss/designs/ihp_INI_project/INI_Block/drc_run_CoreFineDAC_N/CoreFineDAC.klay_CoreFineDAC_N_main.lyrdb
2026-07-02 01:08:06 +0200: Memory Usage (443796K) : Evaluate switches.
2026-07-02 01:08:06 +0200: Memory Usage (443796K) : tables selected: main
2026-07-02 01:08:06 +0200: Memory Usage (443796K) : KLayout will use 1 thread(s) in tiled mode.
2026-07-02 01:08:06 +0200: Memory Usage (443796K) : deep mode is enabled.
2026-07-02 01:08:06 +0200: Memory Usage (443796K) : FEOL enabled: true
2026-07-02 01:08:06 +0200: Memory Usage (443796K) : BEOL enabled: true
2026-07-02 01:08:06 +0200: Memory Usage (443796K) : OFFGRID enabled: true
2026-07-02 01:08:06 +0200: Memory Usage (443796K) : ANGLE enabled: true
2026-07-02 01:08:06 +0200: Memory Usage (443796K) : PIN enabled: true
2026-07-02 01:08:06 +0200: Memory Usage (443796K) : FORBIDDEN enabled: true
2026-07-02 01:08:06 +0200: Memory Usage (443796K) : RECOMMENDED enabled: true
2026-07-02 01:08:06 +0200: Memory Usage (443796K) : PreCheck DRC enabled: false
2026-07-02 01:08:06 +0200: Memory Usage (443796K) : CONNECTIVITY_RULES enabled: true.
2026-07-02 01:08:06 +0200: Memory Usage (443796K) : Read in polygons from layers.
2026-07-02 01:08:06 +0200: Memory Usage (445076K) : activ_drw has 643 polygons
2026-07-02 01:08:06 +0200: Memory Usage (445076K) : activ_pin has 0 polygons
2026-07-02 01:08:06 +0200: Memory Usage (445076K) : activ_mask has 0 polygons
2026-07-02 01:08:06 +0200: Memory Usage (445076K) : activ_filler has 0 polygons
2026-07-02 01:08:06 +0200: Memory Usage (445076K) : activ_nofill has 0 polygons
2026-07-02 01:08:06 +0200: Memory Usage (445076K) : activ_opc has 0 polygons
2026-07-02 01:08:06 +0200: Memory Usage (445076K) : activ_iopc has 0 polygons
2026-07-02 01:08:06 +0200: Memory Usage (445076K) : activ_noqrc has 0 polygons
2026-07-02 01:08:06 +0200: Memory Usage (445076K) : biwind_drw has 0 polygons
2026-07-02 01:08:06 +0200: Memory Usage (445076K) : biwind_opc has 0 polygons
2026-07-02 01:08:06 +0200: Memory Usage (445076K) : pemwind_drw has 0 polygons
2026-07-02 01:08:06 +0200: Memory Usage (445076K) : gatpoly_drw has 670 polygons
2026-07-02 01:08:06 +0200: Memory Usage (445076K) : gatpoly_pin has 201 polygons
2026-07-02 01:08:06 +0200: Memory Usage (445076K) : gatpoly_filler has 0 polygons
2026-07-02 01:08:06 +0200: Memory Usage (445204K) : gatpoly_nofill has 0 polygons
2026-07-02 01:08:06 +0200: Memory Usage (445332K) : gatpoly_opc has 0 polygons
2026-07-02 01:08:06 +0200: Memory Usage (445332K) : gatpoly_iopc has 0 polygons
2026-07-02 01:08:06 +0200: Memory Usage (445332K) : gatpoly_noqrc has 0 polygons
2026-07-02 01:08:06 +0200: Memory Usage (445460K) : cont_drw has 6538 polygons
2026-07-02 01:08:06 +0200: Memory Usage (445588K) : cont_opc has 0 polygons
2026-07-02 01:08:06 +0200: Memory Usage (445588K) : nsd_drw has 0 polygons
2026-07-02 01:08:06 +0200: Memory Usage (445716K) : nsd_block has 0 polygons
2026-07-02 01:08:06 +0200: Memory Usage (445716K) : metal1_drw has 1408 polygons
2026-07-02 01:08:06 +0200: Memory Usage (445844K) : metal1_pin has 499 polygons
2026-07-02 01:08:06 +0200: Memory Usage (445972K) : metal1_mask has 0 polygons
2026-07-02 01:08:06 +0200: Memory Usage (445972K) : metal1_filler has 0 polygons
2026-07-02 01:08:06 +0200: Memory Usage (446100K) : metal1_nofill has 0 polygons
2026-07-02 01:08:06 +0200: Memory Usage (446100K) : metal1_slit has 0 polygons
2026-07-02 01:08:06 +0200: Memory Usage (446484K) : metal1_text has 95 polygons
2026-07-02 01:08:06 +0200: Memory Usage (446484K) : metal1_opc has 0 polygons
2026-07-02 01:08:06 +0200: Memory Usage (446484K) : metal1_noqrc has 0 polygons
2026-07-02 01:08:06 +0200: Memory Usage (446612K) : metal1_res has 0 polygons
2026-07-02 01:08:06 +0200: Memory Usage (446612K) : metal1_iprobe has 0 polygons
2026-07-02 01:08:06 +0200: Memory Usage (446740K) : metal1_diffprb has 0 polygons
2026-07-02 01:08:06 +0200: Memory Usage (446740K) : passiv_drw has 0 polygons
2026-07-02 01:08:06 +0200: Memory Usage (446868K) : passiv_pin has 0 polygons
2026-07-02 01:08:06 +0200: Memory Usage (446868K) : passiv_sbump has 0 polygons
2026-07-02 01:08:06 +0200: Memory Usage (446868K) : passiv_pillar has 0 polygons
2026-07-02 01:08:06 +0200: Memory Usage (446996K) : passiv_pdl has 0 polygons
2026-07-02 01:08:06 +0200: Memory Usage (446996K) : metal2_drw has 828 polygons
2026-07-02 01:08:06 +0200: Memory Usage (447124K) : metal2_pin has 1 polygons
2026-07-02 01:08:06 +0200: Memory Usage (447124K) : metal2_mask has 0 polygons
2026-07-02 01:08:06 +0200: Memory Usage (447252K) : metal2_filler has 0 polygons
2026-07-02 01:08:06 +0200: Memory Usage (447252K) : metal2_nofill has 0 polygons
2026-07-02 01:08:06 +0200: Memory Usage (447380K) : metal2_slit has 0 polygons
2026-07-02 01:08:06 +0200: Memory Usage (447380K) : metal2_text has 1 polygons
2026-07-02 01:08:06 +0200: Memory Usage (447380K) : metal2_opc has 0 polygons
2026-07-02 01:08:06 +0200: Memory Usage (447508K) : metal2_noqrc has 0 polygons
2026-07-02 01:08:06 +0200: Memory Usage (447508K) : metal2_res has 0 polygons
2026-07-02 01:08:06 +0200: Memory Usage (447636K) : metal2_iprobe has 0 polygons
2026-07-02 01:08:06 +0200: Memory Usage (447764K) : metal2_diffprb has 0 polygons
2026-07-02 01:08:06 +0200: Memory Usage (447764K) : baspoly_drw has 0 polygons
2026-07-02 01:08:06 +0200: Memory Usage (447892K) : baspoly_pin has 0 polygons
2026-07-02 01:08:06 +0200: Memory Usage (447892K) : psd_drw has 37 polygons
2026-07-02 01:08:06 +0200: Memory Usage (447892K) : nldb_drw has 0 polygons
2026-07-02 01:08:06 +0200: Memory Usage (448020K) : digibnd_drw has 0 polygons
2026-07-02 01:08:06 +0200: Memory Usage (448020K) : via1_drw has 2858 polygons
2026-07-02 01:08:06 +0200: Memory Usage (448148K) : backmetal1_drw has 0 polygons
2026-07-02 01:08:06 +0200: Memory Usage (448148K) : backmetal1_pin has 0 polygons
2026-07-02 01:08:06 +0200: Memory Usage (448276K) : backmetal1_mask has 0 polygons
2026-07-02 01:08:06 +0200: Memory Usage (448276K) : backmetal1_filler has 0 polygons
2026-07-02 01:08:06 +0200: Memory Usage (448404K) : backmetal1_nofill has 0 polygons
2026-07-02 01:08:06 +0200: Memory Usage (448404K) : backmetal1_slit has 0 polygons
2026-07-02 01:08:06 +0200: Memory Usage (448532K) : backmetal1_text has 0 polygons
2026-07-02 01:08:06 +0200: Memory Usage (448532K) : backmetal1_opc has 0 polygons
2026-07-02 01:08:06 +0200: Memory Usage (448532K) : backmetal1_noqrc has 0 polygons
2026-07-02 01:08:06 +0200: Memory Usage (448660K) : backmetal1_res has 0 polygons
2026-07-02 01:08:06 +0200: Memory Usage (448660K) : backmetal1_iprobe has 0 polygons
2026-07-02 01:08:06 +0200: Memory Usage (448788K) : backmetal1_diffprb has 0 polygons
2026-07-02 01:08:06 +0200: Memory Usage (448788K) : backpassiv_drw has 0 polygons
2026-07-02 01:08:06 +0200: Memory Usage (448788K) : res_drw has 0 polygons
2026-07-02 01:08:06 +0200: Memory Usage (448916K) : sram_drw has 0 polygons
2026-07-02 01:08:06 +0200: Memory Usage (448916K) : trans_drw has 0 polygons
2026-07-02 01:08:06 +0200: Memory Usage (449044K) : ind_drw has 0 polygons
2026-07-02 01:08:06 +0200: Memory Usage (449044K) : ind_pin has 0 polygons
2026-07-02 01:08:06 +0200: Memory Usage (449172K) : ind_text has 0 polygons
2026-07-02 01:08:06 +0200: Memory Usage (449300K) : salblock_drw has 0 polygons
2026-07-02 01:08:06 +0200: Memory Usage (449300K) : via2_drw has 1020 polygons
2026-07-02 01:08:06 +0200: Memory Usage (449428K) : metal3_drw has 327 polygons
2026-07-02 01:08:06 +0200: Memory Usage (449428K) : metal3_pin has 15 polygons
2026-07-02 01:08:06 +0200: Memory Usage (449556K) : metal3_mask has 0 polygons
2026-07-02 01:08:06 +0200: Memory Usage (449556K) : metal3_filler has 0 polygons
2026-07-02 01:08:06 +0200: Memory Usage (449684K) : metal3_nofill has 0 polygons
2026-07-02 01:08:06 +0200: Memory Usage (449684K) : metal3_slit has 0 polygons
2026-07-02 01:08:06 +0200: Memory Usage (449684K) : metal3_text has 15 polygons
2026-07-02 01:08:06 +0200: Memory Usage (449812K) : metal3_opc has 0 polygons
2026-07-02 01:08:06 +0200: Memory Usage (449812K) : metal3_noqrc has 0 polygons
2026-07-02 01:08:06 +0200: Memory Usage (449940K) : metal3_res has 0 polygons
2026-07-02 01:08:06 +0200: Memory Usage (449940K) : metal3_iprobe has 0 polygons
2026-07-02 01:08:06 +0200: Memory Usage (449940K) : metal3_diffprb has 0 polygons
2026-07-02 01:08:06 +0200: Memory Usage (450068K) : nwell_drw has 38 polygons
2026-07-02 01:08:06 +0200: Memory Usage (450068K) : nwell_pin has 0 polygons
2026-07-02 01:08:06 +0200: Memory Usage (450196K) : nbulay_drw has 0 polygons
2026-07-02 01:08:06 +0200: Memory Usage (450196K) : nbulay_pin has 0 polygons
2026-07-02 01:08:06 +0200: Memory Usage (450324K) : nbulay_block has 0 polygons
2026-07-02 01:08:06 +0200: Memory Usage (450324K) : emwind_drw has 0 polygons
2026-07-02 01:08:06 +0200: Memory Usage (450452K) : emwind_opc has 0 polygons
2026-07-02 01:08:06 +0200: Memory Usage (450452K) : deepco_drw has 0 polygons
2026-07-02 01:08:06 +0200: Memory Usage (450580K) : deepco_drw has 0 polygons
2026-07-02 01:08:06 +0200: Memory Usage (450708K) : mim_drw has 0 polygons
2026-07-02 01:08:06 +0200: Memory Usage (450708K) : edgeseal_drw has 0 polygons
2026-07-02 01:08:06 +0200: Memory Usage (450836K) : edgeseal_bound has 0 polygons
2026-07-02 01:08:06 +0200: Memory Usage (450964K) : substrate_drw has 37 polygons
2026-07-02 01:08:06 +0200: Memory Usage (450964K) : substrate_text has 0 polygons
2026-07-02 01:08:06 +0200: Memory Usage (450964K) : dfpad_drw has 0 polygons
2026-07-02 01:08:06 +0200: Memory Usage (451092K) : dfpad_pillar has 0 polygons
2026-07-02 01:08:06 +0200: Memory Usage (451092K) : dfpad_sbump has 0 polygons
2026-07-02 01:08:06 +0200: Memory Usage (451220K) : thickgateox_drw has 206 polygons
2026-07-02 01:08:06 +0200: Memory Usage (451220K) : pldb_drw has 0 polygons
2026-07-02 01:08:06 +0200: Memory Usage (451348K) : pwell_drw has 0 polygons
2026-07-02 01:08:06 +0200: Memory Usage (451348K) : pwell_pin has 0 polygons
2026-07-02 01:08:06 +0200: Memory Usage (451348K) : pwell_block has 0 polygons
2026-07-02 01:08:06 +0200: Memory Usage (451476K) : ic_drw has 0 polygons
2026-07-02 01:08:06 +0200: Memory Usage (451476K) : via3_drw has 947 polygons
2026-07-02 01:08:06 +0200: Memory Usage (451604K) : metal4_drw has 374 polygons
2026-07-02 01:08:06 +0200: Memory Usage (451732K) : metal4_pin has 10 polygons
2026-07-02 01:08:06 +0200: Memory Usage (451732K) : metal4_mask has 0 polygons
2026-07-02 01:08:06 +0200: Memory Usage (451860K) : metal4_filler has 0 polygons
2026-07-02 01:08:06 +0200: Memory Usage (451860K) : metal4_nofill has 0 polygons
2026-07-02 01:08:06 +0200: Memory Usage (451988K) : metal4_slit has 0 polygons
2026-07-02 01:08:06 +0200: Memory Usage (451988K) : metal4_text has 0 polygons
2026-07-02 01:08:06 +0200: Memory Usage (452116K) : metal4_opc has 0 polygons
2026-07-02 01:08:06 +0200: Memory Usage (452116K) : metal4_noqrc has 0 polygons
2026-07-02 01:08:06 +0200: Memory Usage (452116K) : metal4_res has 0 polygons
2026-07-02 01:08:06 +0200: Memory Usage (452244K) : metal4_iprobe has 0 polygons
2026-07-02 01:08:06 +0200: Memory Usage (452244K) : metal4_diffprb has 0 polygons
2026-07-02 01:08:06 +0200: Memory Usage (452372K) : heattrans_drw has 212 polygons
2026-07-02 01:08:06 +0200: Memory Usage (452500K) : heatres_drw has 0 polygons
2026-07-02 01:08:06 +0200: Memory Usage (452500K) : pempoly_drw has 0 polygons
2026-07-02 01:08:06 +0200: Memory Usage (452500K) : fbe_drw has 0 polygons
2026-07-02 01:08:06 +0200: Memory Usage (452628K) : empoly_drw has 0 polygons
2026-07-02 01:08:06 +0200: Memory Usage (452628K) : ldmos_drw has 0 polygons
2026-07-02 01:08:06 +0200: Memory Usage (452756K) : pbiwind_drw has 0 polygons
2026-07-02 01:08:06 +0200: Memory Usage (452884K) : digisub_drw has 0 polygons
2026-07-02 01:08:06 +0200: Memory Usage (452884K) : nodrc_drw has 0 polygons
2026-07-02 01:08:06 +0200: Memory Usage (453012K) : text_drw has 214 polygons
2026-07-02 01:08:06 +0200: Memory Usage (453012K) : via4_drw has 0 polygons
2026-07-02 01:08:06 +0200: Memory Usage (453012K) : metal5_drw has 0 polygons
2026-07-02 01:08:06 +0200: Memory Usage (453140K) : metal5_pin has 0 polygons
2026-07-02 01:08:06 +0200: Memory Usage (453140K) : metal5_mask has 0 polygons
2026-07-02 01:08:06 +0200: Memory Usage (453268K) : metal5_filler has 0 polygons
2026-07-02 01:08:06 +0200: Memory Usage (453268K) : metal5_nofill has 0 polygons
2026-07-02 01:08:06 +0200: Memory Usage (453396K) : metal5_slit has 0 polygons
2026-07-02 01:08:06 +0200: Memory Usage (453396K) : metal5_text has 0 polygons
2026-07-02 01:08:06 +0200: Memory Usage (453396K) : metal5_opc has 0 polygons
2026-07-02 01:08:06 +0200: Memory Usage (453524K) : metal5_noqrc has 0 polygons
2026-07-02 01:08:06 +0200: Memory Usage (453524K) : metal5_res has 0 polygons
2026-07-02 01:08:06 +0200: Memory Usage (453652K) : metal5_iprobe has 0 polygons
2026-07-02 01:08:06 +0200: Memory Usage (453652K) : metal5_diffprb has 0 polygons
2026-07-02 01:08:06 +0200: Memory Usage (453780K) : radhard_drw has 0 polygons
2026-07-02 01:08:06 +0200: Memory Usage (453780K) : memcap_drw has 0 polygons
2026-07-02 01:08:06 +0200: Memory Usage (453908K) : varicap_drw has 0 polygons
2026-07-02 01:08:06 +0200: Memory Usage (454036K) : flash_drw has 0 polygons
2026-07-02 01:08:06 +0200: Memory Usage (454036K) : intbondvia_drw has 0 polygons
2026-07-02 01:08:06 +0200: Memory Usage (454164K) : intbondmet_drw has 0 polygons
2026-07-02 01:08:06 +0200: Memory Usage (454164K) : devbondvia_drw has 0 polygons
2026-07-02 01:08:06 +0200: Memory Usage (454292K) : devbondmet_drw has 0 polygons
2026-07-02 01:08:06 +0200: Memory Usage (454292K) : devtrench_drw has 0 polygons
2026-07-02 01:08:06 +0200: Memory Usage (454292K) : redist_drw has 0 polygons
2026-07-02 01:08:06 +0200: Memory Usage (454420K) : graphbot_drw has 0 polygons
2026-07-02 01:08:06 +0200: Memory Usage (454420K) : graphtop_drw has 0 polygons
2026-07-02 01:08:06 +0200: Memory Usage (454548K) : antvia1_drw has 0 polygons
2026-07-02 01:08:06 +0200: Memory Usage (454548K) : antmetal2_drw has 0 polygons
2026-07-02 01:08:06 +0200: Memory Usage (454676K) : graphcont_drw has 0 polygons
2026-07-02 01:08:06 +0200: Memory Usage (454676K) : siwg_drw has 0 polygons
2026-07-02 01:08:06 +0200: Memory Usage (454676K) : siwg_filler has 0 polygons
2026-07-02 01:08:06 +0200: Memory Usage (454804K) : siwg_nofill has 0 polygons
2026-07-02 01:08:06 +0200: Memory Usage (454804K) : sigrating_drw has 0 polygons
2026-07-02 01:08:06 +0200: Memory Usage (454932K) : singrating_drw has 0 polygons
2026-07-02 01:08:06 +0200: Memory Usage (455060K) : graphpas_drw has 0 polygons
2026-07-02 01:08:06 +0200: Memory Usage (455060K) : emwind3_drw has 0 polygons
2026-07-02 01:08:06 +0200: Memory Usage (455060K) : emwihv3_drw has 0 polygons
2026-07-02 01:08:06 +0200: Memory Usage (455188K) : redbulay_drw has 0 polygons
2026-07-02 01:08:06 +0200: Memory Usage (455188K) : smos_drw has 0 polygons
2026-07-02 01:08:06 +0200: Memory Usage (455316K) : graphpad_drw has 0 polygons
2026-07-02 01:08:06 +0200: Memory Usage (455316K) : polimide_drw has 0 polygons
2026-07-02 01:08:06 +0200: Memory Usage (455444K) : polimide_pin has 0 polygons
2026-07-02 01:08:06 +0200: Memory Usage (455444K) : recog_drw has 0 polygons
2026-07-02 01:08:06 +0200: Memory Usage (455572K) : recog_pin has 0 polygons
2026-07-02 01:08:06 +0200: Memory Usage (455572K) : recog_esd has 0 polygons
2026-07-02 01:08:06 +0200: Memory Usage (455700K) : recog_diode has 0 polygons
2026-07-02 01:08:06 +0200: Memory Usage (455700K) : recog_tsv has 0 polygons
2026-07-02 01:08:06 +0200: Memory Usage (455828K) : recog_iprobe has 0 polygons
2026-07-02 01:08:06 +0200: Memory Usage (455828K) : recog_diffprb has 0 polygons
2026-07-02 01:08:06 +0200: Memory Usage (455828K) : recog_pillar has 0 polygons
2026-07-02 01:08:06 +0200: Memory Usage (455956K) : recog_sbump has 0 polygons
2026-07-02 01:08:06 +0200: Memory Usage (455956K) : recog_otp has 0 polygons
2026-07-02 01:08:06 +0200: Memory Usage (456084K) : recog_pdiode has 0 polygons
2026-07-02 01:08:06 +0200: Memory Usage (456212K) : recog_mom has 5 polygons
2026-07-02 01:08:06 +0200: Memory Usage (456212K) : recog_pcm has 0 polygons
2026-07-02 01:08:06 +0200: Memory Usage (456212K) : colopen_drw has 0 polygons
2026-07-02 01:08:06 +0200: Memory Usage (456340K) : graphmetal1_drw has 0 polygons
2026-07-02 01:08:06 +0200: Memory Usage (456340K) : graphmetal1_filler has 0 polygons
2026-07-02 01:08:06 +0200: Memory Usage (456340K) : graphmetal1_nofill has 0 polygons
2026-07-02 01:08:06 +0200: Memory Usage (456340K) : graphmetal1_slit has 0 polygons
2026-07-02 01:08:06 +0200: Memory Usage (456468K) : graphmetal1_opc has 0 polygons
2026-07-02 01:08:06 +0200: Memory Usage (456468K) : graphmet1l_drw has 0 polygons
2026-07-02 01:08:06 +0200: Memory Usage (456468K) : graphmet1l_filler has 0 polygons
2026-07-02 01:08:06 +0200: Memory Usage (456596K) : graphmet1l_nofill has 0 polygons
2026-07-02 01:08:06 +0200: Memory Usage (456596K) : graphmet1l_slit has 0 polygons
2026-07-02 01:08:06 +0200: Memory Usage (456596K) : graphmet1l_opc has 0 polygons
2026-07-02 01:08:06 +0200: Memory Usage (456724K) : extblock_drw has 0 polygons
2026-07-02 01:08:06 +0200: Memory Usage (456724K) : nldd_drw has 0 polygons
2026-07-02 01:08:06 +0200: Memory Usage (456724K) : pldd_drw has 0 polygons
2026-07-02 01:08:06 +0200: Memory Usage (456724K) : next_drw has 0 polygons
2026-07-02 01:08:06 +0200: Memory Usage (456852K) : pext_drw has 0 polygons
2026-07-02 01:08:06 +0200: Memory Usage (456852K) : nexthv_drw has 0 polygons
2026-07-02 01:08:06 +0200: Memory Usage (456852K) : pexthv_drw has 0 polygons
2026-07-02 01:08:06 +0200: Memory Usage (456852K) : graphgate_drw has 0 polygons
2026-07-02 01:08:06 +0200: Memory Usage (456852K) : sinwg_drw has 0 polygons
2026-07-02 01:08:06 +0200: Memory Usage (456980K) : sinwg_filler has 0 polygons
2026-07-02 01:08:06 +0200: Memory Usage (456980K) : sinwg_nofill has 0 polygons
2026-07-02 01:08:06 +0200: Memory Usage (457108K) : mempad_drw has 0 polygons
2026-07-02 01:08:06 +0200: Memory Usage (457108K) : topvia1_drw has 0 polygons
2026-07-02 01:08:06 +0200: Memory Usage (457108K) : topmetal1_drw has 0 polygons
2026-07-02 01:08:06 +0200: Memory Usage (457236K) : topmetal1_pin has 0 polygons
2026-07-02 01:08:06 +0200: Memory Usage (457236K) : topmetal1_mask has 0 polygons
2026-07-02 01:08:06 +0200: Memory Usage (457364K) : topmetal1_filler has 0 polygons
2026-07-02 01:08:06 +0200: Memory Usage (457364K) : topmetal1_nofill has 0 polygons
2026-07-02 01:08:06 +0200: Memory Usage (457364K) : topmetal1_slit has 0 polygons
2026-07-02 01:08:06 +0200: Memory Usage (457492K) : topmetal1_text has 0 polygons
2026-07-02 01:08:06 +0200: Memory Usage (457492K) : topmetal1_noqrc has 0 polygons
2026-07-02 01:08:06 +0200: Memory Usage (457620K) : topmetal1_res has 0 polygons
2026-07-02 01:08:06 +0200: Memory Usage (457620K) : topmetal1_iprobe has 0 polygons
2026-07-02 01:08:06 +0200: Memory Usage (457748K) : topmetal1_diffprb has 0 polygons
2026-07-02 01:08:06 +0200: Memory Usage (457748K) : inldpwl_drw has 0 polygons
2026-07-02 01:08:06 +0200: Memory Usage (457748K) : polyres_drw has 0 polygons
2026-07-02 01:08:06 +0200: Memory Usage (457876K) : polyres_pin has 0 polygons
2026-07-02 01:08:06 +0200: Memory Usage (457876K) : vmim_drw has 0 polygons
2026-07-02 01:08:06 +0200: Memory Usage (458004K) : nbulaycut_drw has 0 polygons
2026-07-02 01:08:06 +0200: Memory Usage (458004K) : antmetal1_drw has 0 polygons
2026-07-02 01:08:06 +0200: Memory Usage (458004K) : topvia2_drw has 0 polygons
2026-07-02 01:08:06 +0200: Memory Usage (458004K) : topmetal2_drw has 0 polygons
2026-07-02 01:08:06 +0200: Memory Usage (458132K) : topmetal2_pin has 0 polygons
2026-07-02 01:08:06 +0200: Memory Usage (458132K) : topmetal2_mask has 0 polygons
2026-07-02 01:08:06 +0200: Memory Usage (458132K) : topmetal2_filler has 0 polygons
2026-07-02 01:08:06 +0200: Memory Usage (458260K) : topmetal2_nofill has 0 polygons
2026-07-02 01:08:06 +0200: Memory Usage (458260K) : topmetal2_slit has 0 polygons
2026-07-02 01:08:06 +0200: Memory Usage (458260K) : topmetal2_text has 0 polygons
2026-07-02 01:08:06 +0200: Memory Usage (458388K) : topmetal2_noqrc has 0 polygons
2026-07-02 01:08:06 +0200: Memory Usage (458388K) : topmetal2_res has 0 polygons
2026-07-02 01:08:06 +0200: Memory Usage (458516K) : topmetal2_iprobe has 0 polygons
2026-07-02 01:08:06 +0200: Memory Usage (458516K) : topmetal2_diffprb has 0 polygons
2026-07-02 01:08:06 +0200: Memory Usage (458516K) : snsring_drw has 0 polygons
2026-07-02 01:08:06 +0200: Memory Usage (458644K) : sensor_drw has 0 polygons
2026-07-02 01:08:06 +0200: Memory Usage (458644K) : snsarms_drw has 0 polygons
2026-07-02 01:08:06 +0200: Memory Usage (458772K) : snscmosvia_drw has 0 polygons
2026-07-02 01:08:06 +0200: Memory Usage (458772K) : colwind_drw has 0 polygons
2026-07-02 01:08:06 +0200: Memory Usage (458772K) : flm_drw has 0 polygons
2026-07-02 01:08:06 +0200: Memory Usage (458900K) : hafniumox_drw has 0 polygons
2026-07-02 01:08:06 +0200: Memory Usage (458900K) : memvia_drw has 0 polygons
2026-07-02 01:08:06 +0200: Memory Usage (459028K) : thinfilmres_drw has 0 polygons
2026-07-02 01:08:06 +0200: Memory Usage (459028K) : rfmem_drw has 0 polygons
2026-07-02 01:08:06 +0200: Memory Usage (459156K) : norcx_drw has 0 polygons
2026-07-02 01:08:06 +0200: Memory Usage (459156K) : norcx_m2m3 has 0 polygons
2026-07-02 01:08:06 +0200: Memory Usage (459156K) : norcx_m2m4 has 0 polygons
2026-07-02 01:08:06 +0200: Memory Usage (459284K) : norcx_m2m5 has 0 polygons
2026-07-02 01:08:06 +0200: Memory Usage (459284K) : norcx_m2tm1 has 0 polygons
2026-07-02 01:08:06 +0200: Memory Usage (459412K) : norcx_m2tm2 has 0 polygons
2026-07-02 01:08:06 +0200: Memory Usage (459412K) : norcx_m3m4 has 0 polygons
2026-07-02 01:08:06 +0200: Memory Usage (459540K) : norcx_m3m5 has 0 polygons
2026-07-02 01:08:06 +0200: Memory Usage (459540K) : norcx_m3tm1 has 0 polygons
2026-07-02 01:08:06 +0200: Memory Usage (459540K) : norcx_m3tm2 has 0 polygons
2026-07-02 01:08:06 +0200: Memory Usage (459668K) : norcx_m4m5 has 0 polygons
2026-07-02 01:08:06 +0200: Memory Usage (459668K) : norcx_m4tm1 has 0 polygons
2026-07-02 01:08:06 +0200: Memory Usage (459796K) : norcx_m4tm2 has 0 polygons
2026-07-02 01:08:06 +0200: Memory Usage (459796K) : norcx_m5tm1 has 0 polygons
2026-07-02 01:08:06 +0200: Memory Usage (459924K) : norcx_m5tm2 has 0 polygons
2026-07-02 01:08:06 +0200: Memory Usage (459924K) : norcx_tm1tm2 has 0 polygons
2026-07-02 01:08:06 +0200: Memory Usage (459924K) : norcx_m1sub has 0 polygons
2026-07-02 01:08:06 +0200: Memory Usage (459924K) : norcx_m2sub has 0 polygons
2026-07-02 01:08:06 +0200: Memory Usage (459924K) : norcx_m3sub has 0 polygons
2026-07-02 01:08:06 +0200: Memory Usage (459924K) : norcx_m4sub has 0 polygons
2026-07-02 01:08:06 +0200: Memory Usage (460052K) : norcx_m5sub has 0 polygons
2026-07-02 01:08:06 +0200: Memory Usage (460052K) : norcx_tm1sub has 0 polygons
2026-07-02 01:08:06 +0200: Memory Usage (460052K) : norcx_tm2sub has 0 polygons
2026-07-02 01:08:06 +0200: Memory Usage (460180K) : snsbotvia_drw has 0 polygons
2026-07-02 01:08:06 +0200: Memory Usage (460180K) : snstopvia_drw has 0 polygons
2026-07-02 01:08:06 +0200: Memory Usage (460180K) : deepvia_drw has 0 polygons
2026-07-02 01:08:06 +0200: Memory Usage (460180K) : fgetch_drw has 0 polygons
2026-07-02 01:08:06 +0200: Memory Usage (460308K) : ctrgat_drw has 0 polygons
2026-07-02 01:08:06 +0200: Memory Usage (460308K) : fgimp_drw has 0 polygons
2026-07-02 01:08:06 +0200: Memory Usage (460308K) : emwihv_drw has 0 polygons
2026-07-02 01:08:06 +0200: Memory Usage (460436K) : lbe_drw has 0 polygons
2026-07-02 01:08:06 +0200: Memory Usage (460436K) : alcustop_drw has 0 polygons
2026-07-02 01:08:06 +0200: Memory Usage (460436K) : nometfiller_drw has 0 polygons
2026-07-02 01:08:06 +0200: Memory Usage (460564K) : prboundary_drw has 0 polygons
2026-07-02 01:08:06 +0200: Memory Usage (460564K) : exchange0_drw has 0 polygons
2026-07-02 01:08:06 +0200: Memory Usage (460564K) : exchange0_pin has 0 polygons
2026-07-02 01:08:06 +0200: Memory Usage (460564K) : exchange0_text has 0 polygons
2026-07-02 01:08:06 +0200: Memory Usage (460564K) : exchange1_drw has 0 polygons
2026-07-02 01:08:06 +0200: Memory Usage (460564K) : exchange1_pin has 0 polygons
2026-07-02 01:08:06 +0200: Memory Usage (460564K) : exchange1_text has 0 polygons
2026-07-02 01:08:06 +0200: Memory Usage (460564K) : exchange2_drw has 0 polygons
2026-07-02 01:08:06 +0200: Memory Usage (460564K) : exchange2_pin has 0 polygons
2026-07-02 01:08:06 +0200: Memory Usage (460564K) : exchange2_text has 0 polygons
2026-07-02 01:08:06 +0200: Memory Usage (460564K) : exchange3_drw has 0 polygons
2026-07-02 01:08:06 +0200: Memory Usage (460564K) : exchange3_pin has 0 polygons
2026-07-02 01:08:06 +0200: Memory Usage (460564K) : exchange3_text has 0 polygons
2026-07-02 01:08:06 +0200: Memory Usage (460564K) : exchange4_drw has 0 polygons
2026-07-02 01:08:06 +0200: Memory Usage (460564K) : exchange4_pin has 0 polygons
2026-07-02 01:08:06 +0200: Memory Usage (460564K) : exchange4_text has 0 polygons
2026-07-02 01:08:06 +0200: Memory Usage (460564K) : isonwell_drw has 0 polygons
2026-07-02 01:08:06 +0200: Memory Usage (460564K) : Total no. of polygons in the design is 17199
2026-07-02 01:08:06 +0200: Memory Usage (460564K) : Loaded TECH DRC rules values from /foss/pdks/ihp-sg13cmos5l/libs.tech/klayout/python/sg13cmos5l_pycell_lib/sg13cmos5l_tech_mod.json
2026-07-02 01:08:06 +0200: Memory Usage (460564K) : Loaded default DRC rules values from /foss/pdks/ihp-sg13cmos5l/libs.tech/klayout/tech/drc/rule_decks/sg13cmos5l_tech_default.json
2026-07-02 01:08:06 +0200: Memory Usage (461460K) : Total area of the design is 6625.222449999999 um^2.
2026-07-02 01:08:06 +0200: Memory Usage (461460K) : The design dimensions are 37.03 um * 178.915 um.
2026-07-02 01:08:06 +0200: Memory Usage (461460K) : Starting general IHP-SG13CMOS5L derivations.
2026-07-02 01:08:06 +0200: Memory Usage (461460K) : Starting Pwell derivations
2026-07-02 01:08:06 +0200: Memory Usage (463252K) : Starting n-Activ derivations
2026-07-02 01:08:06 +0200: Memory Usage (463636K) : Starting p-Activ derivations
2026-07-02 01:08:06 +0200: Memory Usage (463636K) : Starting ptap derivations
2026-07-02 01:08:06 +0200: Memory Usage (463764K) : Starting ntap derivations
2026-07-02 01:08:06 +0200: Memory Usage (463764K) : Starting pact FET derivations
2026-07-02 01:08:06 +0200: Memory Usage (463764K) : Starting nact FET derivations
2026-07-02 01:08:06 +0200: Memory Usage (463892K) : Starting Gate derivations
2026-07-02 01:08:06 +0200: Memory Usage (463892K) : Starting cont/contbar general derivations
2026-07-02 01:08:06 +0200: Memory Usage (464020K) : Starting pad general derivations (TM1 top)
2026-07-02 01:08:06 +0200: Memory Usage (464020K) : Starting IHP-SG13CMOS5L DRC connectivity related derivations.
2026-07-02 01:08:06 +0200: Memory Usage (464020K) : Starting IHP-SG13CMOS5L DRC connectivity setup
2026-07-02 01:08:06 +0200: Memory Usage (464148K) : Starting IHP-SG13CMOS5L DRC rules.
2026-07-02 01:08:06 +0200: Memory Usage (464148K) : Running all FEOL rules
2026-07-02 01:08:06 +0200: Memory Usage (464148K) : Running all BEOL rules
2026-07-02 01:08:06 +0200: Memory Usage (464148K) : Running all PIN rules
2026-07-02 01:08:06 +0200: Memory Usage (464148K) : Running all FORBIDDEN rules
2026-07-02 01:08:06 +0200: Memory Usage (464148K) : Starting 5.1 NWell table
2026-07-02 01:08:06 +0200: Memory Usage (464148K) : Executing rule NW.b
2026-07-02 01:08:06 +0200: Memory Usage (464532K) : Executing rule NW.b1
2026-07-02 01:08:06 +0200: Memory Usage (464660K) : Executing rule NW.f1
2026-07-02 01:08:06 +0200: Memory Usage (464660K) : Executing rule NW.f1.digibnd
2026-07-02 01:08:06 +0200: Memory Usage (464660K) : Starting 5.2 PWell:block
2026-07-02 01:08:06 +0200: Memory Usage (464660K) : Executing rule PWB.e
2026-07-02 01:08:07 +0200: Memory Usage (464660K) : Executing rule PWB.e1
2026-07-02 01:08:07 +0200: Memory Usage (464660K) : Executing rule PWB.f
2026-07-02 01:08:07 +0200: Memory Usage (464660K) : Executing rule PWB.f1
2026-07-02 01:08:07 +0200: Memory Usage (464660K) : Starting 5.3 nBuLay table
2026-07-02 01:08:07 +0200: Memory Usage (464660K) : nBuLay (32/0) is a FORBIDDEN layer in CMOS5L - skipping NBL rules
2026-07-02 01:08:07 +0200: Memory Usage (464660K) : Starting 5.5. Activ table
2026-07-02 01:08:07 +0200: Memory Usage (464660K) : Executing rule Act.a
2026-07-02 01:08:07 +0200: Memory Usage (464660K) : Executing rule Act.b
2026-07-02 01:08:07 +0200: Memory Usage (464660K) : Starting 5.6 Activ:filler table
2026-07-02 01:08:07 +0200: Memory Usage (464788K) : Executing rule AFil.c1
2026-07-02 01:08:07 +0200: Memory Usage (464788K) : Executing rule AFil.c
2026-07-02 01:08:07 +0200: Memory Usage (464788K) : Executing rule AFil.d
2026-07-02 01:08:07 +0200: Memory Usage (464788K) : Skipping rule AFil.e (TRANS is forbidden in CMOS5L)
2026-07-02 01:08:07 +0200: Memory Usage (464788K) : Executing rule AFil.j
2026-07-02 01:08:07 +0200: Memory Usage (464788K) : Starting 5.7. ThickGateOx table
2026-07-02 01:08:07 +0200: Memory Usage (464788K) : Executing rule TGO.f
2026-07-02 01:08:07 +0200: Memory Usage (464788K) : Starting 5.8. GatPoly table
2026-07-02 01:08:07 +0200: Memory Usage (464788K) : Executing rule Gat.a
2026-07-02 01:08:07 +0200: Memory Usage (464788K) : Executing rule Gat.b
2026-07-02 01:08:07 +0200: Memory Usage (464788K) : Executing rule Gat.d
2026-07-02 01:08:07 +0200: Memory Usage (464788K) : Executing rule Gat.a1
2026-07-02 01:08:07 +0200: Memory Usage (464916K) : Executing rule Gat.a2
2026-07-02 01:08:07 +0200: Memory Usage (464916K) : Executing rule Gat.g
2026-07-02 01:08:07 +0200: Memory Usage (464916K) : Starting 5.9 GatPoly:filler
2026-07-02 01:08:07 +0200: Memory Usage (464916K) : Executing rule GFil.d
2026-07-02 01:08:07 +0200: Memory Usage (464916K) : Executing rule GFil.e
2026-07-02 01:08:07 +0200: Memory Usage (464916K) : Executing rule GFil.i
2026-07-02 01:08:07 +0200: Memory Usage (464916K) : Starting 5.10 pSD table
2026-07-02 01:08:07 +0200: Memory Usage (464916K) : Executing rule pSD.c1
2026-07-02 01:08:07 +0200: Memory Usage (464916K) : Starting 5.14. Cont table
2026-07-02 01:08:07 +0200: Memory Usage (464916K) : Executing rule Cnt.a
2026-07-02 01:08:07 +0200: Memory Usage (464916K) : Executing rule Cnt.b
2026-07-02 01:08:07 +0200: Memory Usage (464916K) : Executing rule Cnt.c
2026-07-02 01:08:07 +0200: Memory Usage (464916K) : Executing rule Cnt.c.digibnd
2026-07-02 01:08:07 +0200: Memory Usage (464916K) : Executing rule Cnt.c.SRAM
2026-07-02 01:08:07 +0200: Memory Usage (464916K) : Executing rule Cnt.d
2026-07-02 01:08:07 +0200: Memory Usage (464916K) : Executing rule Cnt.e
2026-07-02 01:08:07 +0200: Memory Usage (464916K) : Executing rule Cnt.g1
2026-07-02 01:08:07 +0200: Memory Usage (464916K) : Executing rule Cnt.g2
2026-07-02 01:08:07 +0200: Memory Usage (465044K) : Starting 5.15. ContBar table
2026-07-02 01:08:07 +0200: Memory Usage (465044K) : Executing rule CntB.b1
2026-07-02 01:08:07 +0200: Memory Usage (465044K) : Executing rule CntB.h1
2026-07-02 01:08:07 +0200: Memory Usage (465044K) : Starting 7.2 Latch-up table
2026-07-02 01:08:07 +0200: Memory Usage (465044K) : Executing rule LU.b
2026-07-02 01:08:07 +0200: Memory Usage (465044K) : Starting 5.16. Metal1 table
2026-07-02 01:08:07 +0200: Memory Usage (465044K) : Executing rule M1.a
2026-07-02 01:08:07 +0200: Memory Usage (465044K) : Executing rule M1.b
2026-07-02 01:08:07 +0200: Memory Usage (465300K) : Executing rule M1.e
2026-07-02 01:08:07 +0200: Memory Usage (465300K) : Executing rule M1.f
2026-07-02 01:08:07 +0200: Memory Usage (465300K) : Executing rule M1.g
2026-07-02 01:08:07 +0200: Memory Usage (465300K) : Executing rule M1.i
2026-07-02 01:08:07 +0200: Memory Usage (465300K) : Starting 5.17 Metaln table
2026-07-02 01:08:07 +0200: Memory Usage (465300K) : Executing rule M2.a
2026-07-02 01:08:07 +0200: Memory Usage (465300K) : Executing rule M2.b
2026-07-02 01:08:07 +0200: Memory Usage (465300K) : Executing rule M2.e
2026-07-02 01:08:07 +0200: Memory Usage (465300K) : Executing rule M2.f
2026-07-02 01:08:07 +0200: Memory Usage (465300K) : Executing rule M2.g
2026-07-02 01:08:07 +0200: Memory Usage (465300K) : Executing rule M2.i
2026-07-02 01:08:07 +0200: Memory Usage (465300K) : Executing rule M3.a
2026-07-02 01:08:07 +0200: Memory Usage (465300K) : Executing rule M3.b
2026-07-02 01:08:07 +0200: Memory Usage (465300K) : Executing rule M3.e
2026-07-02 01:08:07 +0200: Memory Usage (465300K) : Executing rule M3.f
2026-07-02 01:08:07 +0200: Memory Usage (465300K) : Executing rule M3.g
2026-07-02 01:08:07 +0200: Memory Usage (465300K) : Executing rule M3.i
2026-07-02 01:08:07 +0200: Memory Usage (465300K) : Executing rule M4.a
2026-07-02 01:08:07 +0200: Memory Usage (465300K) : Executing rule M4.b
2026-07-02 01:08:07 +0200: Memory Usage (465300K) : Executing rule M4.e
2026-07-02 01:08:07 +0200: Memory Usage (465300K) : Executing rule M4.f
2026-07-02 01:08:07 +0200: Memory Usage (465300K) : Executing rule M4.g
2026-07-02 01:08:07 +0200: Memory Usage (465300K) : Executing rule M4.i
2026-07-02 01:08:07 +0200: Memory Usage (465300K) : Starting 5.18 Metaln:filler table
2026-07-02 01:08:07 +0200: Memory Usage (465300K) : Executing rule M1Fil.c
2026-07-02 01:08:07 +0200: Memory Usage (465300K) : Executing rule M1Fil.a2
2026-07-02 01:08:07 +0200: Memory Usage (465300K) : Executing rule M2Fil.c
2026-07-02 01:08:07 +0200: Memory Usage (465300K) : Executing rule M2Fil.a2
2026-07-02 01:08:07 +0200: Memory Usage (465300K) : Executing rule M3Fil.c
2026-07-02 01:08:07 +0200: Memory Usage (465300K) : Executing rule M3Fil.a2
2026-07-02 01:08:07 +0200: Memory Usage (465300K) : Executing rule M4Fil.c
2026-07-02 01:08:07 +0200: Memory Usage (465300K) : Executing rule M4Fil.a2
2026-07-02 01:08:07 +0200: Memory Usage (465300K) : Starting 5.19. Via1 table
2026-07-02 01:08:07 +0200: Memory Usage (465300K) : Starting 5.19. Via1 table derivations
2026-07-02 01:08:07 +0200: Memory Usage (465300K) : Executing rule V1.a
2026-07-02 01:08:07 +0200: Memory Usage (465300K) : Executing rule V1.b
2026-07-02 01:08:07 +0200: Memory Usage (465300K) : Executing rule V1.c
2026-07-02 01:08:07 +0200: Memory Usage (465300K) : Starting 5.20. Vian table
2026-07-02 01:08:07 +0200: Memory Usage (465300K) : Executing rule V2.a
2026-07-02 01:08:08 +0200: Memory Usage (465300K) : Executing rule V2.b
2026-07-02 01:08:08 +0200: Memory Usage (465300K) : Executing rule V2.c
2026-07-02 01:08:08 +0200: Memory Usage (465300K) : Executing rule V3.a
2026-07-02 01:08:08 +0200: Memory Usage (465300K) : Executing rule V3.b
2026-07-02 01:08:08 +0200: Memory Usage (465300K) : Executing rule V3.c
2026-07-02 01:08:08 +0200: Memory Usage (465300K) : Starting 5.21. TopVia1 table
2026-07-02 01:08:08 +0200: Memory Usage (465300K) : Executing rule TV1.a
2026-07-02 01:08:08 +0200: Memory Usage (465300K) : Executing rule TV1.b
2026-07-02 01:08:08 +0200: Memory Usage (465300K) : Executing rule TV1.c
2026-07-02 01:08:08 +0200: Memory Usage (465300K) : Executing rule TV1.d
2026-07-02 01:08:08 +0200: Memory Usage (465300K) : Starting 5.22. TopMetal1 table
2026-07-02 01:08:08 +0200: Memory Usage (465300K) : Executing rule TM1.a
2026-07-02 01:08:08 +0200: Memory Usage (465300K) : Executing rule TM1.b
2026-07-02 01:08:08 +0200: Memory Usage (465300K) : Starting 5.23 TopMetal1:filler table
2026-07-02 01:08:08 +0200: Memory Usage (465300K) : Executing rule TM1Fil.c
2026-07-02 01:08:08 +0200: Memory Usage (465300K) : Executing rule TM1Fil.a1
2026-07-02 01:08:08 +0200: Memory Usage (465300K) : Starting 5.27. Passiv table
2026-07-02 01:08:08 +0200: Memory Usage (465300K) : Executing rule Pas.a
2026-07-02 01:08:08 +0200: Memory Usage (465300K) : Executing rule Pas.b
2026-07-02 01:08:08 +0200: Memory Usage (465300K) : Executing rule Pas.c
2026-07-02 01:08:08 +0200: Memory Usage (465300K) : Starting 6.9 Pad table
2026-07-02 01:08:08 +0200: Memory Usage (465300K) : Executing rule Pad.m
2026-07-02 01:08:08 +0200: Memory Usage (465300K) : Executing rule Pad.fR_M1
2026-07-02 01:08:08 +0200: Memory Usage (465300K) : Executing rule Pad.fR_M2
2026-07-02 01:08:08 +0200: Memory Usage (465300K) : Executing rule Pad.fR_M3
2026-07-02 01:08:08 +0200: Memory Usage (465300K) : Executing rule Pad.fR_M4
2026-07-02 01:08:08 +0200: Memory Usage (465300K) : Executing rule Pad.fR_TM1
2026-07-02 01:08:08 +0200: Memory Usage (465300K) : Executing rule Pad.i
2026-07-02 01:08:08 +0200: Memory Usage (465300K) : Starting 6.10 Sealring table
2026-07-02 01:08:08 +0200: Memory Usage (465300K) : Executing rule Seal.l
2026-07-02 01:08:08 +0200: Memory Usage (465300K) : Executing rule Seal.n
2026-07-02 01:08:08 +0200: Memory Usage (465300K) : Executing rule seal.b_metal1
2026-07-02 01:08:08 +0200: Memory Usage (465300K) : Executing rule seal.b_metal2
2026-07-02 01:08:08 +0200: Memory Usage (465300K) : Executing rule seal.b_metal3
2026-07-02 01:08:08 +0200: Memory Usage (465300K) : Executing rule seal.b_metal4
2026-07-02 01:08:08 +0200: Memory Usage (465300K) : Executing rule seal.b_topmetal1
2026-07-02 01:08:08 +0200: Memory Usage (465300K) : Executing rule seal.b_activ
2026-07-02 01:08:08 +0200: Memory Usage (465300K) : Executing rule seal.b_psd
2026-07-02 01:08:08 +0200: Memory Usage (465300K) : Executing rule Seal.k
2026-07-02 01:08:08 +0200: Memory Usage (465300K) : Executing rule Seal.m
2026-07-02 01:08:08 +0200: Memory Usage (465300K) : Starting 7.3 Metal Slits table
2026-07-02 01:08:08 +0200: Memory Usage (465300K) : Executing rule Slt.e1_M1
2026-07-02 01:08:08 +0200: Memory Usage (465300K) : Executing rule Slt.e1_M2
2026-07-02 01:08:08 +0200: Memory Usage (465300K) : Executing rule Slt.e1_M3
2026-07-02 01:08:08 +0200: Memory Usage (465300K) : Executing rule Slt.e1_M4
2026-07-02 01:08:08 +0200: Memory Usage (465300K) : Executing rule Slt.e1_TM1
2026-07-02 01:08:08 +0200: Memory Usage (465300K) : Starting 9.1. LBE table
2026-07-02 01:08:08 +0200: Memory Usage (465300K) : Executing rule LBE.a
2026-07-02 01:08:08 +0200: Memory Usage (465300K) : Executing rule LBE.b
2026-07-02 01:08:08 +0200: Memory Usage (465300K) : Executing rule LBE.b1
2026-07-02 01:08:08 +0200: Memory Usage (465300K) : Executing rule LBE.c
2026-07-02 01:08:08 +0200: Memory Usage (465300K) : Executing rule LBE.d
2026-07-02 01:08:08 +0200: Memory Usage (465300K) : Executing rule LBE.h
2026-07-02 01:08:08 +0200: Memory Usage (465300K) : Starting 7.4. PIN table
2026-07-02 01:08:08 +0200: Memory Usage (465300K) : Executing rule Pin.a
2026-07-02 01:08:08 +0200: Memory Usage (465300K) : Executing rule Pin.b
2026-07-02 01:08:08 +0200: Memory Usage (465300K) : Executing rule Pin.e
2026-07-02 01:08:08 +0200: Memory Usage (465300K) : Executing rule Pin.f_M2
2026-07-02 01:08:08 +0200: Memory Usage (465300K) : Executing rule Pin.f_M3
2026-07-02 01:08:08 +0200: Memory Usage (465300K) : Executing rule Pin.f_M4
2026-07-02 01:08:08 +0200: Memory Usage (465428K) : Executing rule Pin.g
2026-07-02 01:08:08 +0200: Memory Usage (465556K) : Starting 3.1. offgrid table
2026-07-02 01:08:08 +0200: Memory Usage (465556K) : Executing rule activ_drw_Offgrid
2026-07-02 01:08:08 +0200: Memory Usage (466196K) : Executing rule activ_pin_Offgrid
2026-07-02 01:08:08 +0200: Memory Usage (466708K) : Executing rule activ_mask_Offgrid
2026-07-02 01:08:08 +0200: Memory Usage (467092K) : Executing rule activ_filler_Offgrid
2026-07-02 01:08:08 +0200: Memory Usage (467604K) : Executing rule activ_nofill_Offgrid
2026-07-02 01:08:08 +0200: Memory Usage (467988K) : Executing rule activ_opc_Offgrid
2026-07-02 01:08:08 +0200: Memory Usage (468500K) : Executing rule activ_iopc_Offgrid
2026-07-02 01:08:08 +0200: Memory Usage (468884K) : Executing rule activ_noqrc_Offgrid
2026-07-02 01:08:08 +0200: Memory Usage (468884K) : Executing rule gatpoly_drw_Offgrid
2026-07-02 01:08:08 +0200: Memory Usage (468884K) : Executing rule gatpoly_pin_Offgrid
2026-07-02 01:08:08 +0200: Memory Usage (468884K) : Executing rule gatpoly_filler_Offgrid
2026-07-02 01:08:08 +0200: Memory Usage (468884K) : Executing rule gatpoly_nofill_Offgrid
2026-07-02 01:08:08 +0200: Memory Usage (468884K) : Executing rule gatpoly_opc_Offgrid
2026-07-02 01:08:08 +0200: Memory Usage (468884K) : Executing rule gatpoly_iopc_Offgrid
2026-07-02 01:08:08 +0200: Memory Usage (468884K) : Executing rule gatpoly_noqrc_Offgrid
2026-07-02 01:08:08 +0200: Memory Usage (468884K) : Executing rule cont_drw_Offgrid
2026-07-02 01:08:08 +0200: Memory Usage (468884K) : Executing rule cont_opc_Offgrid
2026-07-02 01:08:08 +0200: Memory Usage (468884K) : Executing rule nsd_drw_Offgrid
2026-07-02 01:08:08 +0200: Memory Usage (468884K) : Executing rule nsd_block_Offgrid
2026-07-02 01:08:08 +0200: Memory Usage (468884K) : Executing rule metal1_drw_Offgrid
2026-07-02 01:08:08 +0200: Memory Usage (468884K) : Executing rule metal1_pin_Offgrid
2026-07-02 01:08:08 +0200: Memory Usage (468884K) : Executing rule metal1_mask_Offgrid
2026-07-02 01:08:08 +0200: Memory Usage (468884K) : Executing rule metal1_filler_Offgrid
2026-07-02 01:08:08 +0200: Memory Usage (468884K) : Executing rule metal1_nofill_Offgrid
2026-07-02 01:08:08 +0200: Memory Usage (468884K) : Executing rule metal1_slit_Offgrid
2026-07-02 01:08:08 +0200: Memory Usage (468884K) : Executing rule metal1_opc_Offgrid
2026-07-02 01:08:08 +0200: Memory Usage (468884K) : Executing rule metal1_noqrc_Offgrid
2026-07-02 01:08:08 +0200: Memory Usage (468884K) : Executing rule metal1_res_Offgrid
2026-07-02 01:08:08 +0200: Memory Usage (468884K) : Executing rule metal1_iprobe_Offgrid
2026-07-02 01:08:08 +0200: Memory Usage (468884K) : Executing rule metal1_diffprb_Offgrid
2026-07-02 01:08:08 +0200: Memory Usage (468884K) : Executing rule passiv_drw_Offgrid
2026-07-02 01:08:08 +0200: Memory Usage (468884K) : Executing rule passiv_pin_Offgrid
2026-07-02 01:08:08 +0200: Memory Usage (468884K) : Executing rule passiv_pillar_Offgrid
2026-07-02 01:08:08 +0200: Memory Usage (468884K) : Executing rule passiv_sbump_Offgrid
2026-07-02 01:08:08 +0200: Memory Usage (468884K) : Executing rule passiv_pdl_Offgrid
2026-07-02 01:08:08 +0200: Memory Usage (468884K) : Executing rule metal2_drw_Offgrid
2026-07-02 01:08:08 +0200: Memory Usage (469396K) : Executing rule metal2_pin_Offgrid
2026-07-02 01:08:08 +0200: Memory Usage (469780K) : Executing rule metal2_mask_Offgrid
2026-07-02 01:08:08 +0200: Memory Usage (470292K) : Executing rule metal2_filler_Offgrid
2026-07-02 01:08:08 +0200: Memory Usage (470804K) : Executing rule metal2_nofill_Offgrid
2026-07-02 01:08:08 +0200: Memory Usage (471316K) : Executing rule metal2_slit_Offgrid
2026-07-02 01:08:08 +0200: Memory Usage (471828K) : Executing rule metal2_opc_Offgrid
2026-07-02 01:08:08 +0200: Memory Usage (472340K) : Executing rule metal2_noqrc_Offgrid
2026-07-02 01:08:08 +0200: Memory Usage (472852K) : Executing rule metal2_res_Offgrid
2026-07-02 01:08:08 +0200: Memory Usage (473364K) : Executing rule metal2_iprobe_Offgrid
2026-07-02 01:08:08 +0200: Memory Usage (473492K) : Executing rule metal2_diffprb_Offgrid
2026-07-02 01:08:08 +0200: Memory Usage (473492K) : Executing rule psd_drw_Offgrid
2026-07-02 01:08:08 +0200: Memory Usage (473492K) : Executing rule via1_drw_Offgrid
2026-07-02 01:08:08 +0200: Memory Usage (473492K) : Executing rule salblock_drw_Offgrid
2026-07-02 01:08:08 +0200: Memory Usage (473492K) : Executing rule via2_drw_Offgrid
2026-07-02 01:08:08 +0200: Memory Usage (473492K) : Executing rule metal3_drw_Offgrid
2026-07-02 01:08:08 +0200: Memory Usage (473492K) : Executing rule metal3_pin_Offgrid
2026-07-02 01:08:08 +0200: Memory Usage (473492K) : Executing rule metal3_mask_Offgrid
2026-07-02 01:08:08 +0200: Memory Usage (473492K) : Executing rule metal3_filler_Offgrid
2026-07-02 01:08:08 +0200: Memory Usage (473492K) : Executing rule metal3_nofill_Offgrid
2026-07-02 01:08:08 +0200: Memory Usage (473492K) : Executing rule metal3_slit_Offgrid
2026-07-02 01:08:08 +0200: Memory Usage (473492K) : Executing rule metal3_opc_Offgrid
2026-07-02 01:08:08 +0200: Memory Usage (473492K) : Executing rule metal3_noqrc_Offgrid
2026-07-02 01:08:08 +0200: Memory Usage (473492K) : Executing rule metal3_res_Offgrid
2026-07-02 01:08:08 +0200: Memory Usage (473492K) : Executing rule metal3_iprobe_Offgrid
2026-07-02 01:08:08 +0200: Memory Usage (473492K) : Executing rule metal3_diffprb_Offgrid
2026-07-02 01:08:08 +0200: Memory Usage (473492K) : Executing rule nwell_drw_Offgrid
2026-07-02 01:08:09 +0200: Memory Usage (473492K) : Executing rule nwell_pin_Offgrid
2026-07-02 01:08:09 +0200: Memory Usage (473492K) : Executing rule pwell_drw_Offgrid
2026-07-02 01:08:09 +0200: Memory Usage (473492K) : Executing rule pwell_pin_Offgrid
2026-07-02 01:08:09 +0200: Memory Usage (473492K) : Executing rule pwell_block_Offgrid
2026-07-02 01:08:09 +0200: Memory Usage (473492K) : Executing rule substrate_drw_Offgrid
2026-07-02 01:08:09 +0200: Memory Usage (473492K) : Executing rule via3_drw_Offgrid
2026-07-02 01:08:09 +0200: Memory Usage (473492K) : Executing rule metal4_drw_Offgrid
2026-07-02 01:08:09 +0200: Memory Usage (473492K) : Executing rule metal4_pin_Offgrid
2026-07-02 01:08:09 +0200: Memory Usage (473492K) : Executing rule metal4_mask_Offgrid
2026-07-02 01:08:09 +0200: Memory Usage (473492K) : Executing rule metal4_filler_Offgrid
2026-07-02 01:08:09 +0200: Memory Usage (473492K) : Executing rule metal4_nofill_Offgrid
2026-07-02 01:08:09 +0200: Memory Usage (473492K) : Executing rule metal4_slit_Offgrid
2026-07-02 01:08:09 +0200: Memory Usage (473492K) : Executing rule metal4_opc_Offgrid
2026-07-02 01:08:09 +0200: Memory Usage (473492K) : Executing rule metal4_noqrc_Offgrid
2026-07-02 01:08:09 +0200: Memory Usage (473492K) : Executing rule metal4_res_Offgrid
2026-07-02 01:08:09 +0200: Memory Usage (473492K) : Executing rule metal4_iprobe_Offgrid
2026-07-02 01:08:09 +0200: Memory Usage (473492K) : Executing rule metal4_diffprb_Offgrid
2026-07-02 01:08:09 +0200: Memory Usage (473492K) : Executing rule topvia1_drw_Offgrid
2026-07-02 01:08:09 +0200: Memory Usage (473492K) : Executing rule topmetal1_drw_Offgrid
2026-07-02 01:08:09 +0200: Memory Usage (473492K) : Executing rule topmetal1_pin_Offgrid
2026-07-02 01:08:09 +0200: Memory Usage (473492K) : Executing rule topmetal1_mask_Offgrid
2026-07-02 01:08:09 +0200: Memory Usage (473492K) : Executing rule topmetal1_filler_Offgrid
2026-07-02 01:08:09 +0200: Memory Usage (473492K) : Executing rule topmetal1_nofill_Offgrid
2026-07-02 01:08:09 +0200: Memory Usage (473492K) : Executing rule topmetal1_slit_Offgrid
2026-07-02 01:08:09 +0200: Memory Usage (473492K) : Executing rule topmetal1_noqrc_Offgrid
2026-07-02 01:08:09 +0200: Memory Usage (473492K) : Executing rule topmetal1_res_Offgrid
2026-07-02 01:08:09 +0200: Memory Usage (473492K) : Executing rule topmetal1_iprobe_Offgrid
2026-07-02 01:08:09 +0200: Memory Usage (473492K) : Executing rule topmetal1_diffprb_Offgrid
2026-07-02 01:08:09 +0200: Memory Usage (473492K) : Executing rule thickgateox_drw_Offgrid
2026-07-02 01:08:09 +0200: Memory Usage (473492K) : Executing rule polyres_drw_Offgrid
2026-07-02 01:08:09 +0200: Memory Usage (473620K) : Executing rule polyres_pin_Offgrid
2026-07-02 01:08:09 +0200: Memory Usage (474132K) : Executing rule antmetal1_drw_Offgrid
2026-07-02 01:08:09 +0200: Memory Usage (474644K) : Executing rule thinfilmres_drw_Offgrid
2026-07-02 01:08:09 +0200: Memory Usage (475156K) : Executing rule lbe_drw_Offgrid
2026-07-02 01:08:09 +0200: Memory Usage (475668K) : Executing rule prboundary_drw_Offgrid
2026-07-02 01:08:09 +0200: Memory Usage (476180K) : Starting 3.2. angle table
2026-07-02 01:08:09 +0200: Memory Usage (476180K) : Executing rule activ_drw_Acute
2026-07-02 01:08:09 +0200: Memory Usage (476820K) : Executing rule activ_pin_Acute
2026-07-02 01:08:09 +0200: Memory Usage (476820K) : Executing rule activ_mask_Acute
2026-07-02 01:08:09 +0200: Memory Usage (476820K) : Executing rule activ_filler_Acute
2026-07-02 01:08:09 +0200: Memory Usage (476820K) : Executing rule activ_nofill_Acute
2026-07-02 01:08:09 +0200: Memory Usage (476820K) : Executing rule activ_opc_Acute
2026-07-02 01:08:09 +0200: Memory Usage (476820K) : Executing rule activ_iopc_Acute
2026-07-02 01:08:09 +0200: Memory Usage (476820K) : Executing rule activ_noqrc_Acute
2026-07-02 01:08:09 +0200: Memory Usage (476820K) : Executing rule gatpoly_drw_Acute
2026-07-02 01:08:09 +0200: Memory Usage (476820K) : Executing rule gatpoly_pin_Acute
2026-07-02 01:08:09 +0200: Memory Usage (476820K) : Executing rule gatpoly_filler_Acute
2026-07-02 01:08:09 +0200: Memory Usage (476820K) : Executing rule gatpoly_nofill_Acute
2026-07-02 01:08:09 +0200: Memory Usage (476820K) : Executing rule gatpoly_opc_Acute
2026-07-02 01:08:09 +0200: Memory Usage (476820K) : Executing rule gatpoly_iopc_Acute
2026-07-02 01:08:09 +0200: Memory Usage (476820K) : Executing rule gatpoly_noqrc_Acute
2026-07-02 01:08:09 +0200: Memory Usage (476820K) : Executing rule cont_drw_Acute
2026-07-02 01:08:09 +0200: Memory Usage (476820K) : Executing rule cont_opc_Acute
2026-07-02 01:08:09 +0200: Memory Usage (476820K) : Executing rule nsd_drw_Acute
2026-07-02 01:08:09 +0200: Memory Usage (476820K) : Executing rule nsd_block_Acute
2026-07-02 01:08:09 +0200: Memory Usage (476820K) : Executing rule metal1_drw_Acute
2026-07-02 01:08:09 +0200: Memory Usage (476820K) : Executing rule metal1_pin_Acute
2026-07-02 01:08:09 +0200: Memory Usage (476820K) : Executing rule metal1_mask_Acute
2026-07-02 01:08:09 +0200: Memory Usage (476820K) : Executing rule metal1_filler_Acute
2026-07-02 01:08:09 +0200: Memory Usage (476820K) : Executing rule metal1_nofill_Acute
2026-07-02 01:08:09 +0200: Memory Usage (476820K) : Executing rule metal1_slit_Acute
2026-07-02 01:08:09 +0200: Memory Usage (476820K) : Executing rule metal1_opc_Acute
2026-07-02 01:08:09 +0200: Memory Usage (476820K) : Executing rule metal1_noqrc_Acute
2026-07-02 01:08:09 +0200: Memory Usage (476820K) : Executing rule metal1_res_Acute
2026-07-02 01:08:09 +0200: Memory Usage (476820K) : Executing rule metal1_iprobe_Acute
2026-07-02 01:08:09 +0200: Memory Usage (476820K) : Executing rule metal1_diffprb_Acute
2026-07-02 01:08:09 +0200: Memory Usage (476820K) : Executing rule passiv_drw_Acute
2026-07-02 01:08:09 +0200: Memory Usage (476820K) : Executing rule passiv_pin_Acute
2026-07-02 01:08:09 +0200: Memory Usage (476820K) : Executing rule passiv_pillar_Acute
2026-07-02 01:08:09 +0200: Memory Usage (476820K) : Executing rule passiv_sbump_Acute
2026-07-02 01:08:09 +0200: Memory Usage (476820K) : Executing rule passiv_pdl_Acute
2026-07-02 01:08:09 +0200: Memory Usage (476820K) : Executing rule metal2_drw_Acute
2026-07-02 01:08:09 +0200: Memory Usage (476820K) : Executing rule metal2_pin_Acute
2026-07-02 01:08:09 +0200: Memory Usage (476820K) : Executing rule metal2_mask_Acute
2026-07-02 01:08:09 +0200: Memory Usage (476948K) : Executing rule metal2_filler_Acute
2026-07-02 01:08:09 +0200: Memory Usage (476948K) : Executing rule metal2_nofill_Acute
2026-07-02 01:08:09 +0200: Memory Usage (476948K) : Executing rule metal2_slit_Acute
2026-07-02 01:08:09 +0200: Memory Usage (476948K) : Executing rule metal2_opc_Acute
2026-07-02 01:08:09 +0200: Memory Usage (477460K) : Executing rule metal2_noqrc_Acute
2026-07-02 01:08:09 +0200: Memory Usage (478100K) : Executing rule metal2_res_Acute
2026-07-02 01:08:09 +0200: Memory Usage (478612K) : Executing rule metal2_iprobe_Acute
2026-07-02 01:08:09 +0200: Memory Usage (479252K) : Executing rule metal2_diffprb_Acute
2026-07-02 01:08:09 +0200: Memory Usage (479764K) : Executing rule psd_drw_Acute
2026-07-02 01:08:09 +0200: Memory Usage (480404K) : Executing rule via1_drw_Acute
2026-07-02 01:08:09 +0200: Memory Usage (480660K) : Executing rule salblock_drw_Acute
2026-07-02 01:08:09 +0200: Memory Usage (480660K) : Executing rule via2_drw_Acute
2026-07-02 01:08:09 +0200: Memory Usage (480660K) : Executing rule metal3_drw_Acute
2026-07-02 01:08:09 +0200: Memory Usage (480660K) : Executing rule metal3_pin_Acute
2026-07-02 01:08:10 +0200: Memory Usage (480660K) : Executing rule metal3_mask_Acute
2026-07-02 01:08:10 +0200: Memory Usage (480660K) : Executing rule metal3_filler_Acute
2026-07-02 01:08:10 +0200: Memory Usage (480660K) : Executing rule metal3_nofill_Acute
2026-07-02 01:08:10 +0200: Memory Usage (480660K) : Executing rule metal3_slit_Acute
2026-07-02 01:08:10 +0200: Memory Usage (480660K) : Executing rule metal3_opc_Acute
2026-07-02 01:08:10 +0200: Memory Usage (480660K) : Executing rule metal3_noqrc_Acute
2026-07-02 01:08:10 +0200: Memory Usage (480660K) : Executing rule metal3_res_Acute
2026-07-02 01:08:10 +0200: Memory Usage (480660K) : Executing rule metal3_iprobe_Acute
2026-07-02 01:08:10 +0200: Memory Usage (480660K) : Executing rule metal3_diffprb_Acute
2026-07-02 01:08:10 +0200: Memory Usage (480660K) : Executing rule nwell_drw_Acute
2026-07-02 01:08:10 +0200: Memory Usage (480660K) : Executing rule nwell_pin_Acute
2026-07-02 01:08:10 +0200: Memory Usage (480660K) : Executing rule pwell_drw_Acute
2026-07-02 01:08:10 +0200: Memory Usage (480660K) : Executing rule pwell_pin_Acute
2026-07-02 01:08:10 +0200: Memory Usage (480660K) : Executing rule pwell_block_Acute
2026-07-02 01:08:10 +0200: Memory Usage (480660K) : Executing rule substrate_drw_Acute
2026-07-02 01:08:10 +0200: Memory Usage (480660K) : Executing rule via3_drw_Acute
2026-07-02 01:08:10 +0200: Memory Usage (480660K) : Executing rule metal4_drw_Acute
2026-07-02 01:08:10 +0200: Memory Usage (480660K) : Executing rule metal4_pin_Acute
2026-07-02 01:08:10 +0200: Memory Usage (480660K) : Executing rule metal4_mask_Acute
2026-07-02 01:08:10 +0200: Memory Usage (480660K) : Executing rule metal4_filler_Acute
2026-07-02 01:08:10 +0200: Memory Usage (480660K) : Executing rule metal4_nofill_Acute
2026-07-02 01:08:10 +0200: Memory Usage (480660K) : Executing rule metal4_slit_Acute
2026-07-02 01:08:10 +0200: Memory Usage (480660K) : Executing rule metal4_opc_Acute
2026-07-02 01:08:10 +0200: Memory Usage (480660K) : Executing rule metal4_noqrc_Acute
2026-07-02 01:08:10 +0200: Memory Usage (480660K) : Executing rule metal4_res_Acute
2026-07-02 01:08:10 +0200: Memory Usage (480660K) : Executing rule metal4_iprobe_Acute
2026-07-02 01:08:10 +0200: Memory Usage (480660K) : Executing rule metal4_diffprb_Acute
2026-07-02 01:08:10 +0200: Memory Usage (480660K) : Executing rule topvia1_drw_Acute
2026-07-02 01:08:10 +0200: Memory Usage (480660K) : Executing rule topmetal1_drw_Acute
2026-07-02 01:08:10 +0200: Memory Usage (480660K) : Executing rule topmetal1_pin_Acute
2026-07-02 01:08:10 +0200: Memory Usage (480660K) : Executing rule topmetal1_mask_Acute
2026-07-02 01:08:10 +0200: Memory Usage (480660K) : Executing rule topmetal1_filler_Acute
2026-07-02 01:08:10 +0200: Memory Usage (480660K) : Executing rule topmetal1_nofill_Acute
2026-07-02 01:08:10 +0200: Memory Usage (480660K) : Executing rule topmetal1_slit_Acute
2026-07-02 01:08:10 +0200: Memory Usage (480788K) : Executing rule topmetal1_noqrc_Acute
2026-07-02 01:08:10 +0200: Memory Usage (480788K) : Executing rule topmetal1_res_Acute
2026-07-02 01:08:10 +0200: Memory Usage (480788K) : Executing rule topmetal1_iprobe_Acute
2026-07-02 01:08:10 +0200: Memory Usage (480788K) : Executing rule topmetal1_diffprb_Acute
2026-07-02 01:08:10 +0200: Memory Usage (480916K) : Executing rule thickgateox_drw_Acute
2026-07-02 01:08:10 +0200: Memory Usage (480916K) : Executing rule polyres_drw_Acute
2026-07-02 01:08:10 +0200: Memory Usage (480916K) : Executing rule polyres_pin_Acute
2026-07-02 01:08:10 +0200: Memory Usage (480916K) : Executing rule antmetal1_drw_Acute
2026-07-02 01:08:10 +0200: Memory Usage (480916K) : Executing rule thinfilmres_drw_Acute
2026-07-02 01:08:10 +0200: Memory Usage (480916K) : Executing rule lbe_drw_Acute
2026-07-02 01:08:10 +0200: Memory Usage (480916K) : Executing rule prboundary_drw_Acute
2026-07-02 01:08:10 +0200: Memory Usage (480916K) : Executing rule cont_drw_Angle90
2026-07-02 01:08:10 +0200: Memory Usage (481684K) : Executing rule via1_drw_Angle90
2026-07-02 01:08:10 +0200: Memory Usage (481812K) : Executing rule via2_drw_Angle90
2026-07-02 01:08:10 +0200: Memory Usage (481812K) : Executing rule via3_drw_Angle90
2026-07-02 01:08:10 +0200: Memory Usage (481812K) : Executing rule topvia1_drw_Angle90
2026-07-02 01:08:10 +0200: Memory Usage (481812K) : Executing rule gatpoly_drw_Angle45
2026-07-02 01:08:10 +0200: Memory Usage (481812K) : Executing rule activ_drw_Angle45
2026-07-02 01:08:10 +0200: Memory Usage (481812K) : Executing rule metal1_drw_Angle45
2026-07-02 01:08:11 +0200: Memory Usage (481812K) : Executing rule metal2_drw_Angle45
2026-07-02 01:08:11 +0200: Memory Usage (481812K) : Executing rule metal3_drw_Angle45
2026-07-02 01:08:11 +0200: Memory Usage (481812K) : Executing rule metal4_drw_Angle45
2026-07-02 01:08:11 +0200: Memory Usage (481812K) : Executing rule topmetal1_drw_Angle45
2026-07-02 01:08:11 +0200: Memory Usage (481812K) : Starting 3.2. FORBIDDEN table
2026-07-02 01:08:11 +0200: Memory Usage (481812K) : Executing rule forbidden.biwind
2026-07-02 01:08:11 +0200: Memory Usage (481812K) : Executing rule forbidden.pemwind
2026-07-02 01:08:11 +0200: Memory Usage (481812K) : Executing rule forbidden.baspoly
2026-07-02 01:08:11 +0200: Memory Usage (481812K) : Executing rule forbidden.deepco
2026-07-02 01:08:11 +0200: Memory Usage (481812K) : Executing rule forbidden.pempoly
2026-07-02 01:08:11 +0200: Memory Usage (481812K) : Executing rule forbidden.empoly
2026-07-02 01:08:11 +0200: Memory Usage (481812K) : Executing rule forbidden.ldmos
2026-07-02 01:08:11 +0200: Memory Usage (481812K) : Executing rule forbidden.pbiwind
2026-07-02 01:08:11 +0200: Memory Usage (481812K) : Executing rule forbidden.nodrc
2026-07-02 01:08:11 +0200: Memory Usage (481812K) : Executing rule forbidden.flash
2026-07-02 01:08:11 +0200: Memory Usage (481812K) : Executing rule forbidden.colwind
2026-07-02 01:08:11 +0200: Memory Usage (481812K) : Starting 3.2. CMOS5L FORBIDDEN layers check
2026-07-02 01:08:11 +0200: Memory Usage (481812K) : Executing rule CMOS5L.FORB.Metal5
2026-07-02 01:08:11 +0200: Memory Usage (481812K) : Executing rule CMOS5L.FORB.Metal5.filler
2026-07-02 01:08:11 +0200: Memory Usage (481812K) : Executing rule CMOS5L.FORB.Via4
2026-07-02 01:08:11 +0200: Memory Usage (481812K) : Executing rule CMOS5L.FORB.TopMetal2
2026-07-02 01:08:11 +0200: Memory Usage (481812K) : Executing rule CMOS5L.FORB.TopMetal2.filler
2026-07-02 01:08:11 +0200: Memory Usage (481812K) : Executing rule CMOS5L.FORB.TopVia2
2026-07-02 01:08:11 +0200: Memory Usage (481812K) : Executing rule CMOS5L.FORB.TRANS
2026-07-02 01:08:11 +0200: Memory Usage (481812K) : Executing rule CMOS5L.FORB.nBuLay
2026-07-02 01:08:11 +0200: Memory Usage (481812K) : Executing rule CMOS5L.FORB.MIM
2026-07-02 01:08:11 +0200: Memory Usage (481812K) : Executing rule CMOS5L.FORB.Vmim
2026-07-02 01:08:11 +0200: Memory Usage (481812K) : KLayout DRC run for tables 'main' completed in 4.97 seconds
