# Logfile created on 2026-07-01 16:44:35 +0200 by logger.rb/v1.5.3
2026-07-01 16:44:35 +0200: Memory Usage (442564K) : Starting running SG13CMOS5L Klayout LVS runset on /foss/designs/ihp_INI_project/INI_Block/V2I.gds
2026-07-01 16:44:35 +0200: Memory Usage (442564K) : Ruby Version for klayout: 3.2.3
2026-07-01 16:44:35 +0200: Memory Usage (443844K) : Loading database to memory is complete.
2026-07-01 16:44:35 +0200: Memory Usage (443844K) : SG13CMOS5L Klayout LVS runset output at: /foss/designs/ihp_INI_project/INI_Block/lvs_run_V2I_2026_07_01_16_44_32/V2I.lvsdb
2026-07-01 16:44:35 +0200: Memory Usage (443844K) : Evaluate switches.
2026-07-01 16:44:35 +0200: Memory Usage (443844K) : Extracted netlist with net names: true
2026-07-01 16:44:35 +0200: Memory Usage (443844K) : Extracted netlist with comments in details: false
2026-07-01 16:44:35 +0200: Memory Usage (443844K) : Selected NET_ONLY option: false
2026-07-01 16:44:35 +0200: Memory Usage (443844K) : Selected LAYOUT_NETLIST option: (none)
2026-07-01 16:44:35 +0200: Memory Usage (443844K) : Selected IGNORE_TOP_PORTS_MISMATCH option: 
2026-07-01 16:44:35 +0200: Memory Usage (443844K) : Selected IMPLICIT_NETS option: (none)
2026-07-01 16:44:35 +0200: Memory Usage (443844K) : Selected TOP_LVL_PINS option: false
2026-07-01 16:44:35 +0200: Memory Usage (443844K) : Selected COMBINE DEVICES option: false
2026-07-01 16:44:35 +0200: Memory Usage (443844K) : Selected PURGE option: false
2026-07-01 16:44:35 +0200: Memory Usage (443844K) : Selected PURGE_NETS option: false
2026-07-01 16:44:35 +0200: Memory Usage (443844K) : Selected SIMPLIFY option: true
2026-07-01 16:44:35 +0200: Memory Usage (443844K) : Selected SERIES_RES option: true
2026-07-01 16:44:35 +0200: Memory Usage (443844K) : Selected PARALLEL_RES option: true
2026-07-01 16:44:35 +0200: Memory Usage (443844K) : flat  mode is enabled.
2026-07-01 16:44:35 +0200: Memory Usage (444100K) : Netlist file: /foss/designs/ihp_INI_project/INI_Block/V2I.spice
2026-07-01 16:44:35 +0200: Memory Usage (444100K) : LVS extracted netlist at: /foss/designs/ihp_INI_project/INI_Block/lvs_run_V2I_2026_07_01_16_44_32/V2I_extracted.cir
2026-07-01 16:44:35 +0200: Memory Usage (444100K) : Applying SRAM integration support.
2026-07-01 16:44:35 +0200: Memory Usage (444100K) : Starting SG13CMOS5L LVS runset
2026-07-01 16:44:35 +0200: Memory Usage (444100K) : Read in polygons from layers.
2026-07-01 16:44:35 +0200: Memory Usage (444996K) : activ_drw has 10 polygons
2026-07-01 16:44:35 +0200: Memory Usage (444996K) : activ_filler has 0 polygons
2026-07-01 16:44:35 +0200: Memory Usage (444996K) : activ has 10 polygons
2026-07-01 16:44:35 +0200: Memory Usage (444996K) : activ_pin has 0 polygons
2026-07-01 16:44:35 +0200: Memory Usage (444996K) : activ_mask has 0 polygons
2026-07-01 16:44:35 +0200: Memory Usage (444996K) : activ_nofill has 0 polygons
2026-07-01 16:44:35 +0200: Memory Usage (444996K) : activ_OPC has 0 polygons
2026-07-01 16:44:35 +0200: Memory Usage (444996K) : activ_iOPC has 0 polygons
2026-07-01 16:44:35 +0200: Memory Usage (444996K) : activ_noqrc has 0 polygons
2026-07-01 16:44:35 +0200: Memory Usage (445124K) : biwind_drw has 0 polygons
2026-07-01 16:44:35 +0200: Memory Usage (445124K) : biwind_OPC has 0 polygons
2026-07-01 16:44:35 +0200: Memory Usage (445124K) : gatpoly_drw has 48 polygons
2026-07-01 16:44:35 +0200: Memory Usage (445252K) : gatpoly_filler has 0 polygons
2026-07-01 16:44:35 +0200: Memory Usage (445380K) : gatpoly has 48 polygons
2026-07-01 16:44:35 +0200: Memory Usage (445508K) : gatpoly_pin has 24 polygons
2026-07-01 16:44:35 +0200: Memory Usage (446020K) : gatpoly_nofill has 0 polygons
2026-07-01 16:44:35 +0200: Memory Usage (446020K) : gatpoly_OPC has 0 polygons
2026-07-01 16:44:35 +0200: Memory Usage (446148K) : gatpoly_iOPC has 0 polygons
2026-07-01 16:44:35 +0200: Memory Usage (446148K) : gatpoly_noqrc has 0 polygons
2026-07-01 16:44:35 +0200: Memory Usage (446404K) : cont_drw has 872 polygons
2026-07-01 16:44:35 +0200: Memory Usage (446660K) : cont_OPC has 0 polygons
2026-07-01 16:44:35 +0200: Memory Usage (446788K) : nsd_drw has 0 polygons
2026-07-01 16:44:35 +0200: Memory Usage (446916K) : nsd_block has 0 polygons
2026-07-01 16:44:35 +0200: Memory Usage (447044K) : metal1_drw has 48 polygons
2026-07-01 16:44:35 +0200: Memory Usage (447172K) : metal1_filler has 0 polygons
2026-07-01 16:44:35 +0200: Memory Usage (447300K) : metal1_slit has 0 polygons
2026-07-01 16:44:35 +0200: Memory Usage (447428K) : metal1 has 48 polygons
2026-07-01 16:44:35 +0200: Memory Usage (447556K) : metal1_pin has 72 polygons
2026-07-01 16:44:35 +0200: Memory Usage (447812K) : metal1_mask has 0 polygons
2026-07-01 16:44:35 +0200: Memory Usage (447940K) : metal1_nofill has 0 polygons
2026-07-01 16:44:35 +0200: Memory Usage (448068K) : metal1_text has 2 polygons
2026-07-01 16:44:35 +0200: Memory Usage (448324K) : metal1_OPC has 0 polygons
2026-07-01 16:44:35 +0200: Memory Usage (448452K) : metal1_noqrc has 0 polygons
2026-07-01 16:44:35 +0200: Memory Usage (448580K) : metal1_res has 0 polygons
2026-07-01 16:44:35 +0200: Memory Usage (448708K) : metal1_iprobe has 0 polygons
2026-07-01 16:44:35 +0200: Memory Usage (448836K) : metal1_diffprb has 0 polygons
2026-07-01 16:44:35 +0200: Memory Usage (448964K) : passiv_drw has 0 polygons
2026-07-01 16:44:35 +0200: Memory Usage (449092K) : passiv_pin has 0 polygons
2026-07-01 16:44:35 +0200: Memory Usage (449220K) : passiv_sbump has 0 polygons
2026-07-01 16:44:35 +0200: Memory Usage (449348K) : passiv_pillar has 0 polygons
2026-07-01 16:44:35 +0200: Memory Usage (449604K) : passiv_pdl has 0 polygons
2026-07-01 16:44:35 +0200: Memory Usage (449732K) : metal2_drw has 48 polygons
2026-07-01 16:44:35 +0200: Memory Usage (449860K) : metal2_filler has 0 polygons
2026-07-01 16:44:35 +0200: Memory Usage (449988K) : metal2_slit has 0 polygons
2026-07-01 16:44:35 +0200: Memory Usage (450244K) : metal2 has 48 polygons
2026-07-01 16:44:35 +0200: Memory Usage (450372K) : metal2_pin has 0 polygons
2026-07-01 16:44:35 +0200: Memory Usage (450500K) : metal2_mask has 0 polygons
2026-07-01 16:44:35 +0200: Memory Usage (450628K) : metal2_nofill has 0 polygons
2026-07-01 16:44:35 +0200: Memory Usage (450756K) : metal2_text has 0 polygons
2026-07-01 16:44:35 +0200: Memory Usage (450884K) : metal2_OPC has 0 polygons
2026-07-01 16:44:35 +0200: Memory Usage (451012K) : metal2_noqrc has 0 polygons
2026-07-01 16:44:35 +0200: Memory Usage (451140K) : metal2_res has 0 polygons
2026-07-01 16:44:35 +0200: Memory Usage (451268K) : metal2_iprobe has 0 polygons
2026-07-01 16:44:35 +0200: Memory Usage (451396K) : metal2_diffprb has 0 polygons
2026-07-01 16:44:35 +0200: Memory Usage (451652K) : baspoly_drw has 0 polygons
2026-07-01 16:44:35 +0200: Memory Usage (451780K) : baspoly_pin has 0 polygons
2026-07-01 16:44:35 +0200: Memory Usage (451908K) : psd_drw has 4 polygons
2026-07-01 16:44:35 +0200: Memory Usage (452036K) : nldb_drw has 0 polygons
2026-07-01 16:44:35 +0200: Memory Usage (452164K) : digibnd_drw has 0 polygons
2026-07-01 16:44:35 +0200: Memory Usage (452420K) : via1_drw has 164 polygons
2026-07-01 16:44:35 +0200: Memory Usage (452548K) : backmetal1_drw has 0 polygons
2026-07-01 16:44:35 +0200: Memory Usage (452676K) : backmetal1_pin has 0 polygons
2026-07-01 16:44:35 +0200: Memory Usage (452804K) : backmetal1_mask has 0 polygons
2026-07-01 16:44:35 +0200: Memory Usage (452932K) : backmetal1_filler has 0 polygons
2026-07-01 16:44:35 +0200: Memory Usage (453060K) : backmetal1_nofill has 0 polygons
2026-07-01 16:44:35 +0200: Memory Usage (453316K) : backmetal1_slit has 0 polygons
2026-07-01 16:44:35 +0200: Memory Usage (453316K) : backmetal1_text has 0 polygons
2026-07-01 16:44:35 +0200: Memory Usage (453572K) : backmetal1_OPC has 0 polygons
2026-07-01 16:44:35 +0200: Memory Usage (453572K) : backmetal1_noqrc has 0 polygons
2026-07-01 16:44:35 +0200: Memory Usage (453700K) : backmetal1_res has 0 polygons
2026-07-01 16:44:35 +0200: Memory Usage (453700K) : backmetal1_iprobe has 0 polygons
2026-07-01 16:44:35 +0200: Memory Usage (453828K) : backmetal1_diffprb has 0 polygons
2026-07-01 16:44:35 +0200: Memory Usage (453956K) : backpassiv_drw has 0 polygons
2026-07-01 16:44:35 +0200: Memory Usage (453956K) : res_drw has 0 polygons
2026-07-01 16:44:35 +0200: Memory Usage (454084K) : sram_drw has 0 polygons
2026-07-01 16:44:35 +0200: Memory Usage (454084K) : trans_drw has 0 polygons
2026-07-01 16:44:35 +0200: Memory Usage (454212K) : ind_drw has 0 polygons
2026-07-01 16:44:35 +0200: Memory Usage (454340K) : ind_pin has 0 polygons
2026-07-01 16:44:35 +0200: Memory Usage (454340K) : ind_text has 0 polygons
2026-07-01 16:44:35 +0200: Memory Usage (454468K) : salblock_drw has 0 polygons
2026-07-01 16:44:35 +0200: Memory Usage (454596K) : via2_drw has 96 polygons
2026-07-01 16:44:35 +0200: Memory Usage (454724K) : metal3_drw has 7 polygons
2026-07-01 16:44:35 +0200: Memory Usage (454852K) : metal3_filler has 0 polygons
2026-07-01 16:44:35 +0200: Memory Usage (454980K) : metal3_slit has 0 polygons
2026-07-01 16:44:35 +0200: Memory Usage (455108K) : metal3 has 7 polygons
2026-07-01 16:44:35 +0200: Memory Usage (455364K) : metal3_pin has 4 polygons
2026-07-01 16:44:35 +0200: Memory Usage (455492K) : metal3_mask has 0 polygons
2026-07-01 16:44:35 +0200: Memory Usage (455620K) : metal3_nofill has 0 polygons
2026-07-01 16:44:35 +0200: Memory Usage (455620K) : metal3_text has 4 polygons
2026-07-01 16:44:35 +0200: Memory Usage (455748K) : metal3_OPC has 0 polygons
2026-07-01 16:44:35 +0200: Memory Usage (455748K) : metal3_noqrc has 0 polygons
2026-07-01 16:44:35 +0200: Memory Usage (455876K) : metal3_res has 0 polygons
2026-07-01 16:44:35 +0200: Memory Usage (456004K) : metal3_iprobe has 0 polygons
2026-07-01 16:44:35 +0200: Memory Usage (456132K) : metal3_diffprb has 0 polygons
2026-07-01 16:44:35 +0200: Memory Usage (456260K) : nwell_drw has 1 polygons
2026-07-01 16:44:35 +0200: Memory Usage (456388K) : nwell_pin has 0 polygons
2026-07-01 16:44:35 +0200: Memory Usage (456516K) : nwell_text has 0 polygons
2026-07-01 16:44:35 +0200: Memory Usage (456644K) : nbulay_drw has 0 polygons
2026-07-01 16:44:35 +0200: Memory Usage (456772K) : nbulay_pin has 0 polygons
2026-07-01 16:44:35 +0200: Memory Usage (456900K) : nbulay_block has 0 polygons
2026-07-01 16:44:35 +0200: Memory Usage (457028K) : emwind_drw has 0 polygons
2026-07-01 16:44:35 +0200: Memory Usage (457156K) : emwind_OPC has 0 polygons
2026-07-01 16:44:35 +0200: Memory Usage (457284K) : deepco_drw has 0 polygons
2026-07-01 16:44:35 +0200: Memory Usage (457412K) : mim_drw has 0 polygons
2026-07-01 16:44:35 +0200: Memory Usage (457540K) : edgeseal_drw has 0 polygons
2026-07-01 16:44:35 +0200: Memory Usage (457668K) : substrate_drw has 25 polygons
2026-07-01 16:44:35 +0200: Memory Usage (457796K) : substrate_text has 0 polygons
2026-07-01 16:44:35 +0200: Memory Usage (457924K) : dfpad_drw has 0 polygons
2026-07-01 16:44:35 +0200: Memory Usage (458052K) : dfpad_pillar has 0 polygons
2026-07-01 16:44:35 +0200: Memory Usage (458180K) : dfpad_sbump has 0 polygons
2026-07-01 16:44:35 +0200: Memory Usage (458308K) : thickgateox_drw has 1 polygons
2026-07-01 16:44:35 +0200: Memory Usage (458564K) : pldb_drw has 0 polygons
2026-07-01 16:44:35 +0200: Memory Usage (458692K) : pwell_drw has 0 polygons
2026-07-01 16:44:35 +0200: Memory Usage (458820K) : pwell_pin has 0 polygons
2026-07-01 16:44:35 +0200: Memory Usage (458948K) : pwell_block has 0 polygons
2026-07-01 16:44:35 +0200: Memory Usage (458948K) : ic_drw has 0 polygons
2026-07-01 16:44:35 +0200: Memory Usage (459076K) : via3_drw has 8 polygons
2026-07-01 16:44:35 +0200: Memory Usage (459076K) : metal4_drw has 2 polygons
2026-07-01 16:44:35 +0200: Memory Usage (459204K) : metal4_filler has 0 polygons
2026-07-01 16:44:35 +0200: Memory Usage (459332K) : metal4_slit has 0 polygons
2026-07-01 16:44:35 +0200: Memory Usage (459332K) : metal4 has 2 polygons
2026-07-01 16:44:35 +0200: Memory Usage (459460K) : metal4_pin has 2 polygons
2026-07-01 16:44:35 +0200: Memory Usage (459460K) : metal4_mask has 0 polygons
2026-07-01 16:44:35 +0200: Memory Usage (459588K) : metal4_nofill has 0 polygons
2026-07-01 16:44:35 +0200: Memory Usage (459716K) : metal4_text has 2 polygons
2026-07-01 16:44:35 +0200: Memory Usage (459844K) : metal4_OPC has 0 polygons
2026-07-01 16:44:35 +0200: Memory Usage (459972K) : metal4_noqrc has 0 polygons
2026-07-01 16:44:35 +0200: Memory Usage (460100K) : metal4_res has 0 polygons
2026-07-01 16:44:35 +0200: Memory Usage (460228K) : metal4_iprobe has 0 polygons
2026-07-01 16:44:35 +0200: Memory Usage (460356K) : metal4_diffprb has 0 polygons
2026-07-01 16:44:35 +0200: Memory Usage (460484K) : heattrans_drw has 48 polygons
2026-07-01 16:44:35 +0200: Memory Usage (460612K) : heatres_drw has 0 polygons
2026-07-01 16:44:35 +0200: Memory Usage (460868K) : fbe_drw has 0 polygons
2026-07-01 16:44:35 +0200: Memory Usage (460996K) : empoly_drw has 0 polygons
2026-07-01 16:44:35 +0200: Memory Usage (461124K) : digisub_drw has 0 polygons
2026-07-01 16:44:35 +0200: Memory Usage (461124K) : text_drw has 36 polygons
2026-07-01 16:44:35 +0200: Memory Usage (461252K) : via4_drw has 0 polygons
2026-07-01 16:44:35 +0200: Memory Usage (461380K) : metal5_drw has 0 polygons
2026-07-01 16:44:35 +0200: Memory Usage (461636K) : metal5_filler has 0 polygons
2026-07-01 16:44:35 +0200: Memory Usage (461764K) : metal5_slit has 0 polygons
2026-07-01 16:44:35 +0200: Memory Usage (461892K) : metal5 has 0 polygons
2026-07-01 16:44:35 +0200: Memory Usage (462020K) : metal5_pin has 0 polygons
2026-07-01 16:44:35 +0200: Memory Usage (462020K) : metal5_mask has 0 polygons
2026-07-01 16:44:35 +0200: Memory Usage (462020K) : metal5_nofill has 0 polygons
2026-07-01 16:44:35 +0200: Memory Usage (462020K) : metal5_text has 0 polygons
2026-07-01 16:44:35 +0200: Memory Usage (462148K) : metal5_OPC has 0 polygons
2026-07-01 16:44:35 +0200: Memory Usage (462276K) : metal5_noqrc has 0 polygons
2026-07-01 16:44:35 +0200: Memory Usage (462404K) : metal5_res has 0 polygons
2026-07-01 16:44:35 +0200: Memory Usage (462532K) : metal5_iprobe has 0 polygons
2026-07-01 16:44:35 +0200: Memory Usage (462788K) : metal5_diffprb has 0 polygons
2026-07-01 16:44:35 +0200: Memory Usage (462916K) : radhard_drw has 0 polygons
2026-07-01 16:44:35 +0200: Memory Usage (463044K) : memcap_drw has 0 polygons
2026-07-01 16:44:35 +0200: Memory Usage (463172K) : varicap_drw has 0 polygons
2026-07-01 16:44:35 +0200: Memory Usage (463300K) : intbondvia_drw has 0 polygons
2026-07-01 16:44:35 +0200: Memory Usage (463428K) : intbondmet_drw has 0 polygons
2026-07-01 16:44:35 +0200: Memory Usage (463556K) : devbondvia_drw has 0 polygons
2026-07-01 16:44:35 +0200: Memory Usage (463684K) : devbondmet_drw has 0 polygons
2026-07-01 16:44:35 +0200: Memory Usage (463812K) : devtrench_drw has 0 polygons
2026-07-01 16:44:35 +0200: Memory Usage (463940K) : redist_drw has 0 polygons
2026-07-01 16:44:35 +0200: Memory Usage (464068K) : graphbot_drw has 0 polygons
2026-07-01 16:44:35 +0200: Memory Usage (464196K) : graphtop_drw has 0 polygons
2026-07-01 16:44:35 +0200: Memory Usage (464324K) : antvia1_drw has 0 polygons
2026-07-01 16:44:35 +0200: Memory Usage (464452K) : antmetal2_drw has 0 polygons
2026-07-01 16:44:35 +0200: Memory Usage (464580K) : graphcont_drw has 0 polygons
2026-07-01 16:44:35 +0200: Memory Usage (464708K) : siwg_drw has 0 polygons
2026-07-01 16:44:35 +0200: Memory Usage (464836K) : siwg_filler has 0 polygons
2026-07-01 16:44:35 +0200: Memory Usage (464964K) : siwg_nofill has 0 polygons
2026-07-01 16:44:35 +0200: Memory Usage (465220K) : sigrating_drw has 0 polygons
2026-07-01 16:44:35 +0200: Memory Usage (465348K) : singrating_drw has 0 polygons
2026-07-01 16:44:35 +0200: Memory Usage (465476K) : graphpas_drw has 0 polygons
2026-07-01 16:44:35 +0200: Memory Usage (465604K) : emwind3_drw has 0 polygons
2026-07-01 16:44:35 +0200: Memory Usage (465732K) : emwihv3_drw has 0 polygons
2026-07-01 16:44:35 +0200: Memory Usage (465860K) : redbulay_drw has 0 polygons
2026-07-01 16:44:35 +0200: Memory Usage (465988K) : smos_drw has 0 polygons
2026-07-01 16:44:35 +0200: Memory Usage (466116K) : graphpad_drw has 0 polygons
2026-07-01 16:44:35 +0200: Memory Usage (466244K) : polimide_drw has 0 polygons
2026-07-01 16:44:35 +0200: Memory Usage (466372K) : polimide_pin has 0 polygons
2026-07-01 16:44:35 +0200: Memory Usage (466628K) : recog_drw has 0 polygons
2026-07-01 16:44:35 +0200: Memory Usage (466756K) : recog_pin has 0 polygons
2026-07-01 16:44:35 +0200: Memory Usage (466884K) : recog_esd has 0 polygons
2026-07-01 16:44:35 +0200: Memory Usage (467012K) : recog_diode has 0 polygons
2026-07-01 16:44:35 +0200: Memory Usage (467140K) : recog_tsv has 0 polygons
2026-07-01 16:44:35 +0200: Memory Usage (467268K) : recog_iprobe has 0 polygons
2026-07-01 16:44:35 +0200: Memory Usage (467396K) : recog_diffprb has 0 polygons
2026-07-01 16:44:35 +0200: Memory Usage (467524K) : recog_pillar has 0 polygons
2026-07-01 16:44:35 +0200: Memory Usage (467652K) : recog_sbump has 0 polygons
2026-07-01 16:44:35 +0200: Memory Usage (467908K) : recog_otp has 0 polygons
2026-07-01 16:44:35 +0200: Memory Usage (468036K) : recog_pdiode has 0 polygons
2026-07-01 16:44:35 +0200: Memory Usage (468164K) : recog_mom has 0 polygons
2026-07-01 16:44:35 +0200: Memory Usage (468292K) : recog_pcm has 0 polygons
2026-07-01 16:44:35 +0200: Memory Usage (468420K) : colopen_drw has 0 polygons
2026-07-01 16:44:35 +0200: Memory Usage (468548K) : graphmetal1_drw has 0 polygons
2026-07-01 16:44:35 +0200: Memory Usage (468676K) : graphmetal1_filler has 0 polygons
2026-07-01 16:44:35 +0200: Memory Usage (468804K) : graphmetal1_nofill has 0 polygons
2026-07-01 16:44:35 +0200: Memory Usage (468932K) : graphmetal1_slit has 0 polygons
2026-07-01 16:44:35 +0200: Memory Usage (469188K) : graphmetal1_OPC has 0 polygons
2026-07-01 16:44:35 +0200: Memory Usage (469316K) : graphmet1l_drw has 0 polygons
2026-07-01 16:44:35 +0200: Memory Usage (469444K) : graphmet1l_filler has 0 polygons
2026-07-01 16:44:35 +0200: Memory Usage (469444K) : graphmet1l_nofill has 0 polygons
2026-07-01 16:44:35 +0200: Memory Usage (469700K) : graphmet1l_slit has 0 polygons
2026-07-01 16:44:35 +0200: Memory Usage (469828K) : graphmet1l_OPC has 0 polygons
2026-07-01 16:44:35 +0200: Memory Usage (469956K) : extblock_drw has 0 polygons
2026-07-01 16:44:35 +0200: Memory Usage (470084K) : nldd_drw has 0 polygons
2026-07-01 16:44:35 +0200: Memory Usage (470212K) : pldd_drw has 0 polygons
2026-07-01 16:44:35 +0200: Memory Usage (470340K) : next_drw has 0 polygons
2026-07-01 16:44:35 +0200: Memory Usage (470468K) : pext_drw has 0 polygons
2026-07-01 16:44:35 +0200: Memory Usage (470596K) : nexthv_drw has 0 polygons
2026-07-01 16:44:35 +0200: Memory Usage (470724K) : pexthv_drw has 0 polygons
2026-07-01 16:44:35 +0200: Memory Usage (470980K) : graphgate_drw has 0 polygons
2026-07-01 16:44:35 +0200: Memory Usage (471108K) : sinwg_drw has 0 polygons
2026-07-01 16:44:35 +0200: Memory Usage (471108K) : sinwg_filler has 0 polygons
2026-07-01 16:44:35 +0200: Memory Usage (471108K) : sinwg_nofill has 0 polygons
2026-07-01 16:44:35 +0200: Memory Usage (471108K) : mempad_drw has 0 polygons
2026-07-01 16:44:35 +0200: Memory Usage (471108K) : topvia1_drw has 0 polygons
2026-07-01 16:44:35 +0200: Memory Usage (471108K) : topmetal1_drw has 0 polygons
2026-07-01 16:44:35 +0200: Memory Usage (471108K) : topmetal1_filler has 0 polygons
2026-07-01 16:44:35 +0200: Memory Usage (471108K) : topmetal1_slit has 0 polygons
2026-07-01 16:44:35 +0200: Memory Usage (471108K) : topmetal1 has 0 polygons
2026-07-01 16:44:35 +0200: Memory Usage (471108K) : topmetal1_pin has 0 polygons
2026-07-01 16:44:35 +0200: Memory Usage (471108K) : topmetal1_mask has 0 polygons
2026-07-01 16:44:35 +0200: Memory Usage (471108K) : topmetal1_nofill has 0 polygons
2026-07-01 16:44:35 +0200: Memory Usage (471108K) : topmetal1_text has 0 polygons
2026-07-01 16:44:35 +0200: Memory Usage (471108K) : topmetal1_noqrc has 0 polygons
2026-07-01 16:44:35 +0200: Memory Usage (471108K) : topmetal1_res has 0 polygons
2026-07-01 16:44:35 +0200: Memory Usage (471108K) : topmetal1_iprobe has 0 polygons
2026-07-01 16:44:35 +0200: Memory Usage (471108K) : topmetal1_diffprb has 0 polygons
2026-07-01 16:44:35 +0200: Memory Usage (471108K) : inldpwl_drw has 0 polygons
2026-07-01 16:44:35 +0200: Memory Usage (471108K) : polyres_drw has 0 polygons
2026-07-01 16:44:35 +0200: Memory Usage (471108K) : polyres_pin has 0 polygons
2026-07-01 16:44:35 +0200: Memory Usage (471108K) : vmim_drw has 0 polygons
2026-07-01 16:44:35 +0200: Memory Usage (471108K) : nbulaycut_drw has 0 polygons
2026-07-01 16:44:35 +0200: Memory Usage (471108K) : antmetal1_drw has 0 polygons
2026-07-01 16:44:35 +0200: Memory Usage (471108K) : topvia2_drw has 0 polygons
2026-07-01 16:44:35 +0200: Memory Usage (471108K) : topmetal2_drw has 0 polygons
2026-07-01 16:44:35 +0200: Memory Usage (471108K) : topmetal2_filler has 0 polygons
2026-07-01 16:44:35 +0200: Memory Usage (471108K) : topmetal2_slit has 0 polygons
2026-07-01 16:44:35 +0200: Memory Usage (471108K) : topmetal2 has 0 polygons
2026-07-01 16:44:35 +0200: Memory Usage (471108K) : topmetal2_pin has 0 polygons
2026-07-01 16:44:35 +0200: Memory Usage (471108K) : topmetal2_mask has 0 polygons
2026-07-01 16:44:35 +0200: Memory Usage (471108K) : topmetal2_nofill has 0 polygons
2026-07-01 16:44:35 +0200: Memory Usage (471108K) : topmetal2_text has 0 polygons
2026-07-01 16:44:35 +0200: Memory Usage (471108K) : topmetal2_noqrc has 0 polygons
2026-07-01 16:44:35 +0200: Memory Usage (471108K) : topmetal2_res has 0 polygons
2026-07-01 16:44:35 +0200: Memory Usage (471108K) : topmetal2_iprobe has 0 polygons
2026-07-01 16:44:35 +0200: Memory Usage (471108K) : topmetal2_diffprb has 0 polygons
2026-07-01 16:44:35 +0200: Memory Usage (471108K) : snsring_drw has 0 polygons
2026-07-01 16:44:35 +0200: Memory Usage (471108K) : sensor_drw has 0 polygons
2026-07-01 16:44:35 +0200: Memory Usage (471108K) : snsarms_drw has 0 polygons
2026-07-01 16:44:35 +0200: Memory Usage (471108K) : snscmosvia_drw has 0 polygons
2026-07-01 16:44:35 +0200: Memory Usage (471108K) : colwind_drw has 0 polygons
2026-07-01 16:44:35 +0200: Memory Usage (471108K) : flm_drw has 0 polygons
2026-07-01 16:44:35 +0200: Memory Usage (471108K) : hafniumox_drw has 0 polygons
2026-07-01 16:44:35 +0200: Memory Usage (471108K) : memvia_drw has 0 polygons
2026-07-01 16:44:35 +0200: Memory Usage (471108K) : thinfilmres_drw has 0 polygons
2026-07-01 16:44:35 +0200: Memory Usage (471108K) : rfmem_drw has 0 polygons
2026-07-01 16:44:35 +0200: Memory Usage (471108K) : norcx_drw has 0 polygons
2026-07-01 16:44:35 +0200: Memory Usage (471108K) : norcx_m2m3 has 0 polygons
2026-07-01 16:44:35 +0200: Memory Usage (471108K) : norcx_m2m4 has 0 polygons
2026-07-01 16:44:35 +0200: Memory Usage (471108K) : norcx_m2m5 has 0 polygons
2026-07-01 16:44:35 +0200: Memory Usage (471108K) : norcx_m2tm1 has 0 polygons
2026-07-01 16:44:35 +0200: Memory Usage (471108K) : norcx_m2tm2 has 0 polygons
2026-07-01 16:44:35 +0200: Memory Usage (471108K) : norcx_m3m4 has 0 polygons
2026-07-01 16:44:35 +0200: Memory Usage (471108K) : norcx_m3m5 has 0 polygons
2026-07-01 16:44:35 +0200: Memory Usage (471108K) : norcx_m3tm1 has 0 polygons
2026-07-01 16:44:35 +0200: Memory Usage (471108K) : norcx_m3tm2 has 0 polygons
2026-07-01 16:44:35 +0200: Memory Usage (471108K) : norcx_m4m5 has 0 polygons
2026-07-01 16:44:35 +0200: Memory Usage (471108K) : norcx_m4tm1 has 0 polygons
2026-07-01 16:44:35 +0200: Memory Usage (471108K) : norcx_m4tm2 has 0 polygons
2026-07-01 16:44:35 +0200: Memory Usage (471108K) : norcx_m5tm1 has 0 polygons
2026-07-01 16:44:35 +0200: Memory Usage (471108K) : norcx_m5tm2 has 0 polygons
2026-07-01 16:44:35 +0200: Memory Usage (471108K) : norcx_tm1tm2 has 0 polygons
2026-07-01 16:44:35 +0200: Memory Usage (471108K) : norcx_m1sub has 0 polygons
2026-07-01 16:44:35 +0200: Memory Usage (471108K) : norcx_m2sub has 0 polygons
2026-07-01 16:44:35 +0200: Memory Usage (471108K) : norcx_m3sub has 0 polygons
2026-07-01 16:44:35 +0200: Memory Usage (471108K) : norcx_m4sub has 0 polygons
2026-07-01 16:44:35 +0200: Memory Usage (471108K) : norcx_m5sub has 0 polygons
2026-07-01 16:44:35 +0200: Memory Usage (471108K) : norcx_tm1sub has 0 polygons
2026-07-01 16:44:35 +0200: Memory Usage (471108K) : norcx_tm2sub has 0 polygons
2026-07-01 16:44:35 +0200: Memory Usage (471108K) : snsbotvia_drw has 0 polygons
2026-07-01 16:44:35 +0200: Memory Usage (471108K) : snstopvia_drw has 0 polygons
2026-07-01 16:44:35 +0200: Memory Usage (471108K) : deepvia_drw has 0 polygons
2026-07-01 16:44:35 +0200: Memory Usage (471108K) : fgetch_drw has 0 polygons
2026-07-01 16:44:35 +0200: Memory Usage (471108K) : ctrgat_drw has 0 polygons
2026-07-01 16:44:35 +0200: Memory Usage (471108K) : fgimp_drw has 0 polygons
2026-07-01 16:44:35 +0200: Memory Usage (471108K) : emwihv_drw has 0 polygons
2026-07-01 16:44:35 +0200: Memory Usage (471108K) : lbe_drw has 0 polygons
2026-07-01 16:44:35 +0200: Memory Usage (471108K) : alcustop_drw has 0 polygons
2026-07-01 16:44:35 +0200: Memory Usage (471108K) : nometfiller_drw has 0 polygons
2026-07-01 16:44:35 +0200: Memory Usage (471108K) : prboundary_drw has 0 polygons
2026-07-01 16:44:35 +0200: Memory Usage (471108K) : exchange0_drw has 0 polygons
2026-07-01 16:44:35 +0200: Memory Usage (471108K) : exchange0_pin has 0 polygons
2026-07-01 16:44:35 +0200: Memory Usage (471108K) : exchange0_text has 0 polygons
2026-07-01 16:44:35 +0200: Memory Usage (471108K) : exchange1_drw has 0 polygons
2026-07-01 16:44:35 +0200: Memory Usage (471108K) : exchange1_pin has 0 polygons
2026-07-01 16:44:35 +0200: Memory Usage (471108K) : exchange1_text has 0 polygons
2026-07-01 16:44:35 +0200: Memory Usage (471108K) : exchange2_drw has 0 polygons
2026-07-01 16:44:35 +0200: Memory Usage (471108K) : exchange2_pin has 0 polygons
2026-07-01 16:44:35 +0200: Memory Usage (471108K) : exchange2_text has 0 polygons
2026-07-01 16:44:35 +0200: Memory Usage (471108K) : exchange3_drw has 0 polygons
2026-07-01 16:44:35 +0200: Memory Usage (471108K) : exchange3_pin has 0 polygons
2026-07-01 16:44:35 +0200: Memory Usage (471108K) : exchange3_text has 0 polygons
2026-07-01 16:44:35 +0200: Memory Usage (471108K) : exchange4_drw has 0 polygons
2026-07-01 16:44:35 +0200: Memory Usage (471108K) : exchange4_pin has 0 polygons
2026-07-01 16:44:35 +0200: Memory Usage (471108K) : exchange4_text has 0 polygons
2026-07-01 16:44:35 +0200: Memory Usage (471108K) : isonwell_drw has 0 polygons
2026-07-01 16:44:35 +0200: Memory Usage (471108K) : Total no. of polygons in the design is 1528
2026-07-01 16:44:35 +0200: Memory Usage (471108K) : Starting CMOS5L Forbidden Layer Check
2026-07-01 16:44:35 +0200: Memory Usage (471108K) : CMOS5L Forbidden Layer Check: PASSED - No forbidden layers found
2026-07-01 16:44:35 +0200: Memory Usage (471108K) : CMOS5L Forbidden Layer Check: PASSED
2026-07-01 16:44:35 +0200: Memory Usage (471108K) : Starting base layers derivations
2026-07-01 16:44:35 +0200: Memory Usage (471108K) : Starting general LVS derivations
2026-07-01 16:44:35 +0200: Memory Usage (472644K) : Starting MOSFET DERIVATIONS
2026-07-01 16:44:35 +0200: Memory Usage (472644K) : Starting NMOS DERIVATIONS
2026-07-01 16:44:35 +0200: Memory Usage (472644K) : Starting PMOS DERIVATIONS
2026-07-01 16:44:35 +0200: Memory Usage (472644K) : Starting RF-MOSFET DERIVATIONS
2026-07-01 16:44:35 +0200: Memory Usage (472644K) : Starting RF-NMOS DERIVATIONS
2026-07-01 16:44:35 +0200: Memory Usage (472644K) : Starting RF-PMOS DERIVATIONS
2026-07-01 16:44:35 +0200: Memory Usage (472644K) : Starting BJT DERIVATIONS
2026-07-01 16:44:35 +0200: Memory Usage (472644K) : Starting NPN-BJT DERIVATIONS
2026-07-01 16:44:35 +0200: Memory Usage (472644K) : Starting PNP-BJT DERIVATIONS
2026-07-01 16:44:35 +0200: Memory Usage (472644K) : Starting DIODE DERIVATIONS
2026-07-01 16:44:35 +0200: Memory Usage (472772K) : Starting RESISTOR DERIVATIONS
2026-07-01 16:44:35 +0200: Memory Usage (472772K) : Starting CAP DERIVATIONS
2026-07-01 16:44:35 +0200: Memory Usage (472772K) : Starting CAP_MFRINGE DERIVATIONS
2026-07-01 16:44:35 +0200: Memory Usage (472772K) : Starting ESD DERIVATIONS
2026-07-01 16:44:36 +0200: Memory Usage (473284K) : Starting Inductor DERIVATIONS
2026-07-01 16:44:36 +0200: Memory Usage (473284K) : Starting Taps DERIVATIONS
2026-07-01 16:44:36 +0200: Memory Usage (473284K) : Starting SG13G2 LVS connectivity setup
2026-07-01 16:44:36 +0200: Memory Usage (473284K) : Starting SG13G2 LVS connectivity setup (Inter-layer)
2026-07-01 16:44:36 +0200: Memory Usage (473924K) : Starting SG13G2 LVS connectivity setup (Global)
2026-07-01 16:44:36 +0200: Memory Usage (473924K) : Starting LVS MOSFET CONNECTIONS
2026-07-01 16:44:36 +0200: Memory Usage (473924K) : Starting LVS RF-MOSFET CONNECTIONS
2026-07-01 16:44:36 +0200: Memory Usage (473924K) : Starting LVS BJT CONNECTIONS
2026-07-01 16:44:36 +0200: Memory Usage (473924K) : Starting LVS DIODE CONNECTIONS
2026-07-01 16:44:36 +0200: Memory Usage (473924K) : Starting RESISTOR CONNECTIONS
2026-07-01 16:44:36 +0200: Memory Usage (473924K) : Starting LVS CAP CONNECTIONS
2026-07-01 16:44:36 +0200: Memory Usage (473924K) : Starting ESD CONNECTIONS
2026-07-01 16:44:36 +0200: Memory Usage (473924K) : Starting Inductor CONNECTIONS
2026-07-01 16:44:36 +0200: Memory Usage (473924K) : Starting LVS Taps CONNECTIONS
2026-07-01 16:44:36 +0200: Memory Usage (473924K) : Starting CAP_MFRINGE CONNECTIONS
2026-07-01 16:44:36 +0200: Memory Usage (473924K) : Starting SG13CMOS5L LVS DEVICES EXTRACTION
2026-07-01 16:44:36 +0200: Memory Usage (473924K) : Starting MOSFET EXTRACTION
2026-07-01 16:44:36 +0200: Memory Usage (473924K) : Starting NMOS EXTRACTION
2026-07-01 16:44:36 +0200: Memory Usage (473924K) : Extraction of NMOS-LV transistor
2026-07-01 16:44:36 +0200: Memory Usage (474436K) : Extraction of NMOS-HV transistor
2026-07-01 16:44:36 +0200: Memory Usage (474564K) : Starting PMOS EXTRACTION
2026-07-01 16:44:36 +0200: Memory Usage (474564K) : Extraction of PMOS-LV transistor
2026-07-01 16:44:36 +0200: Memory Usage (474564K) : Extraction of PMOS-HV transistor
2026-07-01 16:44:36 +0200: Memory Usage (474564K) : Starting RF-MOSFET EXTRACTION
2026-07-01 16:44:36 +0200: Memory Usage (474564K) : Extraction of RF-NMOS-LV transistor
2026-07-01 16:44:36 +0200: Memory Usage (474564K) : Extraction of RF-NMOS-HV transistor
2026-07-01 16:44:36 +0200: Memory Usage (474564K) : Extraction of RF-PMOS-LV transistor
2026-07-01 16:44:36 +0200: Memory Usage (474564K) : Extraction of RF-PMOS-HV transistor
2026-07-01 16:44:36 +0200: Memory Usage (474564K) : Starting BJT EXTRACTION
2026-07-01 16:44:36 +0200: Memory Usage (474564K) : Starting NPN-BJT EXTRACTION
2026-07-01 16:44:36 +0200: Memory Usage (474564K) : Extraction of npn13G2 BJT transistor
2026-07-01 16:44:36 +0200: Memory Usage (474564K) : Extraction of npn13G2L BJT transistor
2026-07-01 16:44:36 +0200: Memory Usage (474564K) : Extraction of npn13G2V BJT transistor
2026-07-01 16:44:36 +0200: Memory Usage (474564K) : Starting PNP-BJT EXTRACTION
2026-07-01 16:44:36 +0200: Memory Usage (474564K) : Extracting pnpMPA BJT
2026-07-01 16:44:36 +0200: Memory Usage (474564K) : Starting DIODE EXTRACTION
2026-07-01 16:44:36 +0200: Memory Usage (474564K) : Extracting dantenna diode
2026-07-01 16:44:36 +0200: Memory Usage (474564K) : Extracting dpantenna diode
2026-07-01 16:44:36 +0200: Memory Usage (474564K) : Extracting schottky_nbl1 diode
2026-07-01 16:44:36 +0200: Memory Usage (474564K) : Extracting isolbox diode
2026-07-01 16:44:36 +0200: Memory Usage (474564K) : Starting RESISTOR EXTRACTION
2026-07-01 16:44:36 +0200: Memory Usage (474564K) : Extracting rsil resistor
2026-07-01 16:44:36 +0200: Memory Usage (474564K) : Extracting rppd resistor
2026-07-01 16:44:36 +0200: Memory Usage (474564K) : Extracting rhigh resistor
2026-07-01 16:44:36 +0200: Memory Usage (474564K) : Extracting res_metal1 resistor
2026-07-01 16:44:36 +0200: Memory Usage (474564K) : Extracting res_metal2 resistor
2026-07-01 16:44:36 +0200: Memory Usage (474564K) : Extracting res_metal3 resistor
2026-07-01 16:44:36 +0200: Memory Usage (474564K) : Extracting res_metal4 resistor
2026-07-01 16:44:36 +0200: Memory Usage (474564K) : Extracting res_metal5 resistor
2026-07-01 16:44:36 +0200: Memory Usage (474564K) : Extracting res_topmetal1 resistor
2026-07-01 16:44:36 +0200: Memory Usage (474564K) : Extracting res_topmetal2 resistor
2026-07-01 16:44:36 +0200: Memory Usage (474564K) : Starting CAP EXTRACTION
2026-07-01 16:44:36 +0200: Memory Usage (474564K) : Extracting cap_cmim device
2026-07-01 16:44:36 +0200: Memory Usage (474564K) : Extracting rfcmim device
2026-07-01 16:44:36 +0200: Memory Usage (474564K) : Extracting sg13_hv_svaricap varactor
2026-07-01 16:44:36 +0200: Memory Usage (474564K) : Extracting cap_mfringe device
2026-07-01 16:44:36 +0200: Memory Usage (474564K) : Starting ESD EXTRACTION
2026-07-01 16:44:36 +0200: Memory Usage (474564K) : Extracting diodevdd_2kv ESD device
2026-07-01 16:44:36 +0200: Memory Usage (474564K) : Extracting diodevdd_4kv ESD device
2026-07-01 16:44:36 +0200: Memory Usage (474564K) : Extracting diodevss_2kv ESD device
2026-07-01 16:44:36 +0200: Memory Usage (474564K) : Extracting diodevss_4kv ESD device
2026-07-01 16:44:36 +0200: Memory Usage (474564K) : Extracting idiodevdd_2kv ESD device
2026-07-01 16:44:36 +0200: Memory Usage (474564K) : Extracting idiodevdd_4kv ESD device
2026-07-01 16:44:36 +0200: Memory Usage (474564K) : Extracting idiodevss_2kv ESD device
2026-07-01 16:44:36 +0200: Memory Usage (474564K) : Extracting idiodevss_4kv ESD device
2026-07-01 16:44:36 +0200: Memory Usage (474564K) : Extracting nmoscl_2 ESD device
2026-07-01 16:44:36 +0200: Memory Usage (474564K) : Extracting nmoscl_4 ESD device
2026-07-01 16:44:36 +0200: Memory Usage (474564K) : Starting Inductor EXTRACTION
2026-07-01 16:44:36 +0200: Memory Usage (474564K) : Extracting Inductor2 device
2026-07-01 16:44:36 +0200: Memory Usage (474564K) : Extracting Inductor3 device
2026-07-01 16:44:36 +0200: Memory Usage (474564K) : Starting Taps EXTRACTION
2026-07-01 16:44:36 +0200: Memory Usage (474564K) : Extracting ntap1 device
2026-07-01 16:44:36 +0200: Memory Usage (474564K) : Extracting ptap1 device
2026-07-01 16:44:36 +0200: Memory Usage (474564K) : Starting SG13CMOS5L LVS RF MOS Model Mapping
2026-07-01 16:44:36 +0200: Memory Usage (474692K) : [layout_netlist] Apply RF MOS model mapping and rfmode parameter.
2026-07-01 16:44:36 +0200: Memory Usage (474692K) : Starting SG13CMOS5L LVS Options Preparations
2026-07-01 16:44:36 +0200: Memory Usage (474692K) : SG13CMOS5L LVS flow: extraction -> alignment -> option preparation -> comparison.
2026-07-01 16:44:36 +0200: Memory Usage (474692K) : Starting SG13CMOS5L LVS Alignment
2026-07-01 16:44:36 +0200: Memory Usage (474820K) : Starting SG13CMOS5L LVS Simplification
2026-07-01 16:44:36 +0200: Memory Usage (474820K) : [layout_netlist] simplify: ENABLED
2026-07-01 16:44:36 +0200: Memory Usage (474820K) : [layout_netlist] make_top_level_pins: SKIPPED
2026-07-01 16:44:36 +0200: Memory Usage (474820K) : [layout_netlist] combine_devices: SKIPPED
2026-07-01 16:44:36 +0200: Memory Usage (474820K) : [layout_netlist] purge: SKIPPED
2026-07-01 16:44:36 +0200: Memory Usage (474820K) : [layout_netlist] purge_nets: SKIPPED
2026-07-01 16:44:36 +0200: Memory Usage (474820K) : [schematic_netlist] simplify: ENABLED
2026-07-01 16:44:36 +0200: Memory Usage (474820K) : [schematic_netlist] make_top_level_pins: SKIPPED
2026-07-01 16:44:36 +0200: Memory Usage (474820K) : [schematic_netlist] combine_devices: SKIPPED
2026-07-01 16:44:36 +0200: Memory Usage (474820K) : [schematic_netlist] purge: SKIPPED
2026-07-01 16:44:36 +0200: Memory Usage (474820K) : [schematic_netlist] purge_nets: SKIPPED
2026-07-01 16:44:36 +0200: Memory Usage (474820K) : Starting SG13CMOS5L LVS Comparison in strict port mode.
2026-07-01 16:44:36 +0200: Memory Usage (474820K) : flag_missing_ports enabled: missing/mislabeled top-level ports are treated as errors.
2026-07-01 16:44:36 +0200: Memory Usage (474948K) : ==========================================
2026-07-01 16:44:36 +0200: Memory Usage (474948K) : INFO : Congratulations! Netlists match.
2026-07-01 16:44:36 +0200: Memory Usage (474948K) : ==========================================
2026-07-01 16:44:36 +0200: Memory Usage (474948K) : LVS Total Run time 1.195238 seconds
