# Logfile created on 2026-07-02 01:09:52 +0200 by logger.rb/v1.5.3
2026-07-02 01:09:52 +0200: Memory Usage (441828K) : Starting running IHP-SG13CMOS5L KLayout DRC runset on /foss/designs/ihp_INI_project/INI_Block/INI_Block.klay.gds
2026-07-02 01:09:52 +0200: Memory Usage (441828K) : Ruby Version for klayout: 3.2.3
2026-07-02 01:09:52 +0200: Memory Usage (445924K) : Loading database to memory is complete.
2026-07-02 01:09:52 +0200: Memory Usage (445924K) : IHP-SG13CMOS5L KLayout DRC runset output at: /foss/designs/ihp_INI_project/INI_Block/drc_run_INI_Block/INI_Block.klay_INI_Block_main.lyrdb
2026-07-02 01:09:52 +0200: Memory Usage (446052K) : Evaluate switches.
2026-07-02 01:09:52 +0200: Memory Usage (446052K) : tables selected: main
2026-07-02 01:09:52 +0200: Memory Usage (446052K) : KLayout will use 1 thread(s) in tiled mode.
2026-07-02 01:09:52 +0200: Memory Usage (446052K) : deep mode is enabled.
2026-07-02 01:09:52 +0200: Memory Usage (446052K) : FEOL enabled: true
2026-07-02 01:09:52 +0200: Memory Usage (446052K) : BEOL enabled: true
2026-07-02 01:09:52 +0200: Memory Usage (446052K) : OFFGRID enabled: true
2026-07-02 01:09:52 +0200: Memory Usage (446052K) : ANGLE enabled: true
2026-07-02 01:09:52 +0200: Memory Usage (446052K) : PIN enabled: true
2026-07-02 01:09:52 +0200: Memory Usage (446052K) : FORBIDDEN enabled: true
2026-07-02 01:09:52 +0200: Memory Usage (446052K) : RECOMMENDED enabled: true
2026-07-02 01:09:52 +0200: Memory Usage (446052K) : PreCheck DRC enabled: false
2026-07-02 01:09:52 +0200: Memory Usage (446052K) : CONNECTIVITY_RULES enabled: true.
2026-07-02 01:09:52 +0200: Memory Usage (446052K) : Read in polygons from layers.
2026-07-02 01:09:52 +0200: Memory Usage (448100K) : activ_drw has 29826 polygons
2026-07-02 01:09:52 +0200: Memory Usage (448100K) : activ_pin has 0 polygons
2026-07-02 01:09:52 +0200: Memory Usage (448100K) : activ_mask has 0 polygons
2026-07-02 01:09:52 +0200: Memory Usage (448100K) : activ_filler has 0 polygons
2026-07-02 01:09:52 +0200: Memory Usage (448100K) : activ_nofill has 0 polygons
2026-07-02 01:09:52 +0200: Memory Usage (448100K) : activ_opc has 0 polygons
2026-07-02 01:09:52 +0200: Memory Usage (448228K) : activ_iopc has 0 polygons
2026-07-02 01:09:52 +0200: Memory Usage (448228K) : activ_noqrc has 0 polygons
2026-07-02 01:09:52 +0200: Memory Usage (448356K) : biwind_drw has 0 polygons
2026-07-02 01:09:52 +0200: Memory Usage (448356K) : biwind_opc has 0 polygons
2026-07-02 01:09:52 +0200: Memory Usage (448356K) : pemwind_drw has 0 polygons
2026-07-02 01:09:52 +0200: Memory Usage (448612K) : gatpoly_drw has 30187 polygons
2026-07-02 01:09:52 +0200: Memory Usage (448612K) : gatpoly_pin has 4301 polygons
2026-07-02 01:09:52 +0200: Memory Usage (448740K) : gatpoly_filler has 0 polygons
2026-07-02 01:09:52 +0200: Memory Usage (448740K) : gatpoly_nofill has 0 polygons
2026-07-02 01:09:52 +0200: Memory Usage (448740K) : gatpoly_opc has 0 polygons
2026-07-02 01:09:52 +0200: Memory Usage (448868K) : gatpoly_iopc has 0 polygons
2026-07-02 01:09:52 +0200: Memory Usage (448868K) : gatpoly_noqrc has 0 polygons
2026-07-02 01:09:52 +0200: Memory Usage (449380K) : cont_drw has 238483 polygons
2026-07-02 01:09:52 +0200: Memory Usage (449508K) : cont_opc has 0 polygons
2026-07-02 01:09:52 +0200: Memory Usage (449508K) : nsd_drw has 4 polygons
2026-07-02 01:09:52 +0200: Memory Usage (449508K) : nsd_block has 0 polygons
2026-07-02 01:09:52 +0200: Memory Usage (449892K) : metal1_drw has 65085 polygons
2026-07-02 01:09:52 +0200: Memory Usage (450020K) : metal1_pin has 22599 polygons
2026-07-02 01:09:52 +0200: Memory Usage (450020K) : metal1_mask has 0 polygons
2026-07-02 01:09:52 +0200: Memory Usage (450020K) : metal1_filler has 0 polygons
2026-07-02 01:09:52 +0200: Memory Usage (450020K) : metal1_nofill has 0 polygons
2026-07-02 01:09:52 +0200: Memory Usage (450148K) : metal1_slit has 0 polygons
2026-07-02 01:09:52 +0200: Memory Usage (450532K) : metal1_text has 13592 polygons
2026-07-02 01:09:52 +0200: Memory Usage (450532K) : metal1_opc has 0 polygons
2026-07-02 01:09:52 +0200: Memory Usage (450532K) : metal1_noqrc has 0 polygons
2026-07-02 01:09:52 +0200: Memory Usage (450532K) : metal1_res has 0 polygons
2026-07-02 01:09:52 +0200: Memory Usage (450660K) : metal1_iprobe has 0 polygons
2026-07-02 01:09:52 +0200: Memory Usage (450660K) : metal1_diffprb has 0 polygons
2026-07-02 01:09:52 +0200: Memory Usage (450788K) : passiv_drw has 0 polygons
2026-07-02 01:09:52 +0200: Memory Usage (450788K) : passiv_pin has 0 polygons
2026-07-02 01:09:52 +0200: Memory Usage (450916K) : passiv_sbump has 0 polygons
2026-07-02 01:09:52 +0200: Memory Usage (450916K) : passiv_pillar has 0 polygons
2026-07-02 01:09:52 +0200: Memory Usage (450916K) : passiv_pdl has 0 polygons
2026-07-02 01:09:52 +0200: Memory Usage (451556K) : metal2_drw has 33677 polygons
2026-07-02 01:09:52 +0200: Memory Usage (451556K) : metal2_pin has 196 polygons
2026-07-02 01:09:52 +0200: Memory Usage (451556K) : metal2_mask has 0 polygons
2026-07-02 01:09:52 +0200: Memory Usage (451556K) : metal2_filler has 0 polygons
2026-07-02 01:09:52 +0200: Memory Usage (451556K) : metal2_nofill has 0 polygons
2026-07-02 01:09:52 +0200: Memory Usage (451684K) : metal2_slit has 0 polygons
2026-07-02 01:09:52 +0200: Memory Usage (451684K) : metal2_text has 196 polygons
2026-07-02 01:09:52 +0200: Memory Usage (451812K) : metal2_opc has 0 polygons
2026-07-02 01:09:52 +0200: Memory Usage (451812K) : metal2_noqrc has 0 polygons
2026-07-02 01:09:52 +0200: Memory Usage (451940K) : metal2_res has 0 polygons
2026-07-02 01:09:52 +0200: Memory Usage (451940K) : metal2_iprobe has 0 polygons
2026-07-02 01:09:52 +0200: Memory Usage (451940K) : metal2_diffprb has 0 polygons
2026-07-02 01:09:52 +0200: Memory Usage (452068K) : baspoly_drw has 0 polygons
2026-07-02 01:09:52 +0200: Memory Usage (452068K) : baspoly_pin has 0 polygons
2026-07-02 01:09:52 +0200: Memory Usage (452324K) : psd_drw has 8674 polygons
2026-07-02 01:09:52 +0200: Memory Usage (452324K) : nldb_drw has 0 polygons
2026-07-02 01:09:52 +0200: Memory Usage (452324K) : digibnd_drw has 0 polygons
2026-07-02 01:09:52 +0200: Memory Usage (452580K) : via1_drw has 50066 polygons
2026-07-02 01:09:52 +0200: Memory Usage (452580K) : backmetal1_drw has 0 polygons
2026-07-02 01:09:52 +0200: Memory Usage (452580K) : backmetal1_pin has 0 polygons
2026-07-02 01:09:52 +0200: Memory Usage (452580K) : backmetal1_mask has 0 polygons
2026-07-02 01:09:52 +0200: Memory Usage (452708K) : backmetal1_filler has 0 polygons
2026-07-02 01:09:52 +0200: Memory Usage (452708K) : backmetal1_nofill has 0 polygons
2026-07-02 01:09:52 +0200: Memory Usage (452836K) : backmetal1_slit has 0 polygons
2026-07-02 01:09:52 +0200: Memory Usage (452836K) : backmetal1_text has 0 polygons
2026-07-02 01:09:52 +0200: Memory Usage (452836K) : backmetal1_opc has 0 polygons
2026-07-02 01:09:52 +0200: Memory Usage (452964K) : backmetal1_noqrc has 0 polygons
2026-07-02 01:09:52 +0200: Memory Usage (452964K) : backmetal1_res has 0 polygons
2026-07-02 01:09:52 +0200: Memory Usage (453092K) : backmetal1_iprobe has 0 polygons
2026-07-02 01:09:52 +0200: Memory Usage (453092K) : backmetal1_diffprb has 0 polygons
2026-07-02 01:09:52 +0200: Memory Usage (453092K) : backpassiv_drw has 0 polygons
2026-07-02 01:09:52 +0200: Memory Usage (453220K) : res_drw has 1 polygons
2026-07-02 01:09:52 +0200: Memory Usage (453348K) : sram_drw has 0 polygons
2026-07-02 01:09:52 +0200: Memory Usage (453348K) : trans_drw has 0 polygons
2026-07-02 01:09:52 +0200: Memory Usage (453476K) : ind_drw has 0 polygons
2026-07-02 01:09:52 +0200: Memory Usage (453476K) : ind_pin has 0 polygons
2026-07-02 01:09:52 +0200: Memory Usage (453604K) : ind_text has 0 polygons
2026-07-02 01:09:52 +0200: Memory Usage (453604K) : salblock_drw has 2 polygons
2026-07-02 01:09:52 +0200: Memory Usage (453860K) : via2_drw has 28304 polygons
2026-07-02 01:09:52 +0200: Memory Usage (454116K) : metal3_drw has 18098 polygons
2026-07-02 01:09:52 +0200: Memory Usage (454116K) : metal3_pin has 1726 polygons
2026-07-02 01:09:53 +0200: Memory Usage (454116K) : metal3_mask has 0 polygons
2026-07-02 01:09:53 +0200: Memory Usage (454244K) : metal3_filler has 0 polygons
2026-07-02 01:09:53 +0200: Memory Usage (454244K) : metal3_nofill has 0 polygons
2026-07-02 01:09:53 +0200: Memory Usage (454372K) : metal3_slit has 0 polygons
2026-07-02 01:09:53 +0200: Memory Usage (454372K) : metal3_text has 1730 polygons
2026-07-02 01:09:53 +0200: Memory Usage (454500K) : metal3_opc has 0 polygons
2026-07-02 01:09:53 +0200: Memory Usage (454500K) : metal3_noqrc has 0 polygons
2026-07-02 01:09:53 +0200: Memory Usage (454628K) : metal3_res has 0 polygons
2026-07-02 01:09:53 +0200: Memory Usage (454628K) : metal3_iprobe has 0 polygons
2026-07-02 01:09:53 +0200: Memory Usage (454628K) : metal3_diffprb has 0 polygons
2026-07-02 01:09:53 +0200: Memory Usage (454884K) : nwell_drw has 4989 polygons
2026-07-02 01:09:53 +0200: Memory Usage (454884K) : nwell_pin has 57 polygons
2026-07-02 01:09:53 +0200: Memory Usage (454884K) : nbulay_drw has 0 polygons
2026-07-02 01:09:53 +0200: Memory Usage (454884K) : nbulay_pin has 0 polygons
2026-07-02 01:09:53 +0200: Memory Usage (455012K) : nbulay_block has 0 polygons
2026-07-02 01:09:53 +0200: Memory Usage (455140K) : emwind_drw has 0 polygons
2026-07-02 01:09:53 +0200: Memory Usage (455268K) : emwind_opc has 0 polygons
2026-07-02 01:09:53 +0200: Memory Usage (455268K) : deepco_drw has 0 polygons
2026-07-02 01:09:53 +0200: Memory Usage (455268K) : deepco_drw has 0 polygons
2026-07-02 01:09:53 +0200: Memory Usage (455396K) : mim_drw has 0 polygons
2026-07-02 01:09:53 +0200: Memory Usage (455396K) : edgeseal_drw has 0 polygons
2026-07-02 01:09:53 +0200: Memory Usage (455524K) : edgeseal_bound has 0 polygons
2026-07-02 01:09:53 +0200: Memory Usage (455524K) : substrate_drw has 1480 polygons
2026-07-02 01:09:53 +0200: Memory Usage (455652K) : substrate_text has 0 polygons
2026-07-02 01:09:53 +0200: Memory Usage (455652K) : dfpad_drw has 0 polygons
2026-07-02 01:09:53 +0200: Memory Usage (455780K) : dfpad_pillar has 0 polygons
2026-07-02 01:09:53 +0200: Memory Usage (455780K) : dfpad_sbump has 0 polygons
2026-07-02 01:09:53 +0200: Memory Usage (455780K) : thickgateox_drw has 4470 polygons
2026-07-02 01:09:53 +0200: Memory Usage (455908K) : pldb_drw has 0 polygons
2026-07-02 01:09:53 +0200: Memory Usage (455908K) : pwell_drw has 0 polygons
2026-07-02 01:09:53 +0200: Memory Usage (455908K) : pwell_pin has 0 polygons
2026-07-02 01:09:53 +0200: Memory Usage (455908K) : pwell_block has 0 polygons
2026-07-02 01:09:53 +0200: Memory Usage (455908K) : ic_drw has 0 polygons
2026-07-02 01:09:53 +0200: Memory Usage (456036K) : via3_drw has 19615 polygons
2026-07-02 01:09:53 +0200: Memory Usage (456036K) : metal4_drw has 6424 polygons
2026-07-02 01:09:53 +0200: Memory Usage (456036K) : metal4_pin has 170 polygons
2026-07-02 01:09:53 +0200: Memory Usage (456036K) : metal4_mask has 0 polygons
2026-07-02 01:09:53 +0200: Memory Usage (456036K) : metal4_filler has 0 polygons
2026-07-02 01:09:53 +0200: Memory Usage (456036K) : metal4_nofill has 0 polygons
2026-07-02 01:09:53 +0200: Memory Usage (456036K) : metal4_slit has 0 polygons
2026-07-02 01:09:53 +0200: Memory Usage (456036K) : metal4_text has 38 polygons
2026-07-02 01:09:53 +0200: Memory Usage (456036K) : metal4_opc has 0 polygons
2026-07-02 01:09:53 +0200: Memory Usage (456036K) : metal4_noqrc has 0 polygons
2026-07-02 01:09:53 +0200: Memory Usage (456036K) : metal4_res has 0 polygons
2026-07-02 01:09:53 +0200: Memory Usage (456036K) : metal4_iprobe has 0 polygons
2026-07-02 01:09:53 +0200: Memory Usage (456036K) : metal4_diffprb has 0 polygons
2026-07-02 01:09:53 +0200: Memory Usage (456036K) : heattrans_drw has 5410 polygons
2026-07-02 01:09:53 +0200: Memory Usage (456036K) : heatres_drw has 3 polygons
2026-07-02 01:09:53 +0200: Memory Usage (456036K) : pempoly_drw has 0 polygons
2026-07-02 01:09:53 +0200: Memory Usage (456036K) : fbe_drw has 0 polygons
2026-07-02 01:09:53 +0200: Memory Usage (456036K) : empoly_drw has 0 polygons
2026-07-02 01:09:53 +0200: Memory Usage (456036K) : ldmos_drw has 0 polygons
2026-07-02 01:09:53 +0200: Memory Usage (456036K) : pbiwind_drw has 0 polygons
2026-07-02 01:09:53 +0200: Memory Usage (456036K) : digisub_drw has 0 polygons
2026-07-02 01:09:53 +0200: Memory Usage (456036K) : nodrc_drw has 0 polygons
2026-07-02 01:09:53 +0200: Memory Usage (456036K) : text_drw has 4512 polygons
2026-07-02 01:09:53 +0200: Memory Usage (456036K) : via4_drw has 0 polygons
2026-07-02 01:09:53 +0200: Memory Usage (456036K) : metal5_drw has 0 polygons
2026-07-02 01:09:53 +0200: Memory Usage (456036K) : metal5_pin has 0 polygons
2026-07-02 01:09:53 +0200: Memory Usage (456036K) : metal5_mask has 0 polygons
2026-07-02 01:09:53 +0200: Memory Usage (456036K) : metal5_filler has 0 polygons
2026-07-02 01:09:53 +0200: Memory Usage (456036K) : metal5_nofill has 0 polygons
2026-07-02 01:09:53 +0200: Memory Usage (456036K) : metal5_slit has 0 polygons
2026-07-02 01:09:53 +0200: Memory Usage (456036K) : metal5_text has 0 polygons
2026-07-02 01:09:53 +0200: Memory Usage (456036K) : metal5_opc has 0 polygons
2026-07-02 01:09:53 +0200: Memory Usage (456036K) : metal5_noqrc has 0 polygons
2026-07-02 01:09:53 +0200: Memory Usage (456036K) : metal5_res has 0 polygons
2026-07-02 01:09:53 +0200: Memory Usage (456036K) : metal5_iprobe has 0 polygons
2026-07-02 01:09:53 +0200: Memory Usage (456036K) : metal5_diffprb has 0 polygons
2026-07-02 01:09:53 +0200: Memory Usage (456036K) : radhard_drw has 0 polygons
2026-07-02 01:09:53 +0200: Memory Usage (456036K) : memcap_drw has 0 polygons
2026-07-02 01:09:53 +0200: Memory Usage (456036K) : varicap_drw has 0 polygons
2026-07-02 01:09:53 +0200: Memory Usage (456036K) : flash_drw has 0 polygons
2026-07-02 01:09:53 +0200: Memory Usage (456036K) : intbondvia_drw has 0 polygons
2026-07-02 01:09:53 +0200: Memory Usage (456036K) : intbondmet_drw has 0 polygons
2026-07-02 01:09:53 +0200: Memory Usage (456036K) : devbondvia_drw has 0 polygons
2026-07-02 01:09:53 +0200: Memory Usage (456036K) : devbondmet_drw has 0 polygons
2026-07-02 01:09:53 +0200: Memory Usage (456036K) : devtrench_drw has 0 polygons
2026-07-02 01:09:53 +0200: Memory Usage (456036K) : redist_drw has 0 polygons
2026-07-02 01:09:53 +0200: Memory Usage (456036K) : graphbot_drw has 0 polygons
2026-07-02 01:09:53 +0200: Memory Usage (456036K) : graphtop_drw has 0 polygons
2026-07-02 01:09:53 +0200: Memory Usage (456036K) : antvia1_drw has 0 polygons
2026-07-02 01:09:53 +0200: Memory Usage (456036K) : antmetal2_drw has 0 polygons
2026-07-02 01:09:53 +0200: Memory Usage (456036K) : graphcont_drw has 0 polygons
2026-07-02 01:09:53 +0200: Memory Usage (456036K) : siwg_drw has 0 polygons
2026-07-02 01:09:53 +0200: Memory Usage (456036K) : siwg_filler has 0 polygons
2026-07-02 01:09:53 +0200: Memory Usage (456036K) : siwg_nofill has 0 polygons
2026-07-02 01:09:53 +0200: Memory Usage (456036K) : sigrating_drw has 0 polygons
2026-07-02 01:09:53 +0200: Memory Usage (456036K) : singrating_drw has 0 polygons
2026-07-02 01:09:53 +0200: Memory Usage (456036K) : graphpas_drw has 0 polygons
2026-07-02 01:09:53 +0200: Memory Usage (456036K) : emwind3_drw has 0 polygons
2026-07-02 01:09:53 +0200: Memory Usage (456036K) : emwihv3_drw has 0 polygons
2026-07-02 01:09:53 +0200: Memory Usage (456036K) : redbulay_drw has 0 polygons
2026-07-02 01:09:53 +0200: Memory Usage (456036K) : smos_drw has 0 polygons
2026-07-02 01:09:53 +0200: Memory Usage (456036K) : graphpad_drw has 0 polygons
2026-07-02 01:09:53 +0200: Memory Usage (456036K) : polimide_drw has 0 polygons
2026-07-02 01:09:53 +0200: Memory Usage (456036K) : polimide_pin has 0 polygons
2026-07-02 01:09:53 +0200: Memory Usage (456036K) : recog_drw has 0 polygons
2026-07-02 01:09:53 +0200: Memory Usage (456036K) : recog_pin has 0 polygons
2026-07-02 01:09:53 +0200: Memory Usage (456036K) : recog_esd has 0 polygons
2026-07-02 01:09:53 +0200: Memory Usage (456036K) : recog_diode has 0 polygons
2026-07-02 01:09:53 +0200: Memory Usage (456036K) : recog_tsv has 0 polygons
2026-07-02 01:09:53 +0200: Memory Usage (456036K) : recog_iprobe has 0 polygons
2026-07-02 01:09:53 +0200: Memory Usage (456036K) : recog_diffprb has 0 polygons
2026-07-02 01:09:53 +0200: Memory Usage (456036K) : recog_pillar has 0 polygons
2026-07-02 01:09:53 +0200: Memory Usage (456036K) : recog_sbump has 0 polygons
2026-07-02 01:09:53 +0200: Memory Usage (456036K) : recog_otp has 0 polygons
2026-07-02 01:09:53 +0200: Memory Usage (456036K) : recog_pdiode has 0 polygons
2026-07-02 01:09:53 +0200: Memory Usage (456036K) : recog_mom has 66 polygons
2026-07-02 01:09:53 +0200: Memory Usage (456036K) : recog_pcm has 0 polygons
2026-07-02 01:09:53 +0200: Memory Usage (456036K) : colopen_drw has 0 polygons
2026-07-02 01:09:53 +0200: Memory Usage (456036K) : graphmetal1_drw has 0 polygons
2026-07-02 01:09:53 +0200: Memory Usage (456036K) : graphmetal1_filler has 0 polygons
2026-07-02 01:09:53 +0200: Memory Usage (456036K) : graphmetal1_nofill has 0 polygons
2026-07-02 01:09:53 +0200: Memory Usage (456036K) : graphmetal1_slit has 0 polygons
2026-07-02 01:09:53 +0200: Memory Usage (456036K) : graphmetal1_opc has 0 polygons
2026-07-02 01:09:53 +0200: Memory Usage (456036K) : graphmet1l_drw has 0 polygons
2026-07-02 01:09:53 +0200: Memory Usage (456036K) : graphmet1l_filler has 0 polygons
2026-07-02 01:09:53 +0200: Memory Usage (456036K) : graphmet1l_nofill has 0 polygons
2026-07-02 01:09:53 +0200: Memory Usage (456036K) : graphmet1l_slit has 0 polygons
2026-07-02 01:09:53 +0200: Memory Usage (456036K) : graphmet1l_opc has 0 polygons
2026-07-02 01:09:53 +0200: Memory Usage (456036K) : extblock_drw has 9 polygons
2026-07-02 01:09:53 +0200: Memory Usage (456036K) : nldd_drw has 0 polygons
2026-07-02 01:09:53 +0200: Memory Usage (456036K) : pldd_drw has 0 polygons
2026-07-02 01:09:53 +0200: Memory Usage (456036K) : next_drw has 0 polygons
2026-07-02 01:09:53 +0200: Memory Usage (456036K) : pext_drw has 0 polygons
2026-07-02 01:09:53 +0200: Memory Usage (456036K) : nexthv_drw has 0 polygons
2026-07-02 01:09:53 +0200: Memory Usage (456036K) : pexthv_drw has 0 polygons
2026-07-02 01:09:53 +0200: Memory Usage (456036K) : graphgate_drw has 0 polygons
2026-07-02 01:09:53 +0200: Memory Usage (456036K) : sinwg_drw has 0 polygons
2026-07-02 01:09:53 +0200: Memory Usage (456036K) : sinwg_filler has 0 polygons
2026-07-02 01:09:53 +0200: Memory Usage (456036K) : sinwg_nofill has 0 polygons
2026-07-02 01:09:53 +0200: Memory Usage (456036K) : mempad_drw has 0 polygons
2026-07-02 01:09:53 +0200: Memory Usage (456036K) : topvia1_drw has 1298 polygons
2026-07-02 01:09:53 +0200: Memory Usage (456036K) : topmetal1_drw has 113 polygons
2026-07-02 01:09:53 +0200: Memory Usage (456036K) : topmetal1_pin has 0 polygons
2026-07-02 01:09:53 +0200: Memory Usage (456036K) : topmetal1_mask has 0 polygons
2026-07-02 01:09:53 +0200: Memory Usage (456036K) : topmetal1_filler has 0 polygons
2026-07-02 01:09:53 +0200: Memory Usage (456036K) : topmetal1_nofill has 0 polygons
2026-07-02 01:09:53 +0200: Memory Usage (456036K) : topmetal1_slit has 0 polygons
2026-07-02 01:09:53 +0200: Memory Usage (456036K) : topmetal1_text has 6 polygons
2026-07-02 01:09:53 +0200: Memory Usage (456036K) : topmetal1_noqrc has 0 polygons
2026-07-02 01:09:53 +0200: Memory Usage (456036K) : topmetal1_res has 0 polygons
2026-07-02 01:09:53 +0200: Memory Usage (456036K) : topmetal1_iprobe has 0 polygons
2026-07-02 01:09:53 +0200: Memory Usage (456036K) : topmetal1_diffprb has 0 polygons
2026-07-02 01:09:53 +0200: Memory Usage (456036K) : inldpwl_drw has 0 polygons
2026-07-02 01:09:53 +0200: Memory Usage (456036K) : polyres_drw has 3 polygons
2026-07-02 01:09:53 +0200: Memory Usage (456036K) : polyres_pin has 0 polygons
2026-07-02 01:09:53 +0200: Memory Usage (456036K) : vmim_drw has 0 polygons
2026-07-02 01:09:53 +0200: Memory Usage (456036K) : nbulaycut_drw has 0 polygons
2026-07-02 01:09:53 +0200: Memory Usage (456036K) : antmetal1_drw has 0 polygons
2026-07-02 01:09:53 +0200: Memory Usage (456036K) : topvia2_drw has 0 polygons
2026-07-02 01:09:53 +0200: Memory Usage (456036K) : topmetal2_drw has 0 polygons
2026-07-02 01:09:53 +0200: Memory Usage (456036K) : topmetal2_pin has 0 polygons
2026-07-02 01:09:53 +0200: Memory Usage (456036K) : topmetal2_mask has 0 polygons
2026-07-02 01:09:53 +0200: Memory Usage (456036K) : topmetal2_filler has 0 polygons
2026-07-02 01:09:53 +0200: Memory Usage (456036K) : topmetal2_nofill has 0 polygons
2026-07-02 01:09:53 +0200: Memory Usage (456036K) : topmetal2_slit has 0 polygons
2026-07-02 01:09:53 +0200: Memory Usage (456036K) : topmetal2_text has 0 polygons
2026-07-02 01:09:53 +0200: Memory Usage (456036K) : topmetal2_noqrc has 0 polygons
2026-07-02 01:09:53 +0200: Memory Usage (456036K) : topmetal2_res has 0 polygons
2026-07-02 01:09:53 +0200: Memory Usage (456164K) : topmetal2_iprobe has 0 polygons
2026-07-02 01:09:53 +0200: Memory Usage (456164K) : topmetal2_diffprb has 0 polygons
2026-07-02 01:09:53 +0200: Memory Usage (456164K) : snsring_drw has 0 polygons
2026-07-02 01:09:53 +0200: Memory Usage (456164K) : sensor_drw has 0 polygons
2026-07-02 01:09:53 +0200: Memory Usage (456292K) : snsarms_drw has 0 polygons
2026-07-02 01:09:53 +0200: Memory Usage (456292K) : snscmosvia_drw has 0 polygons
2026-07-02 01:09:53 +0200: Memory Usage (456420K) : colwind_drw has 0 polygons
2026-07-02 01:09:53 +0200: Memory Usage (456420K) : flm_drw has 0 polygons
2026-07-02 01:09:53 +0200: Memory Usage (456420K) : hafniumox_drw has 0 polygons
2026-07-02 01:09:53 +0200: Memory Usage (456548K) : memvia_drw has 0 polygons
2026-07-02 01:09:53 +0200: Memory Usage (456548K) : thinfilmres_drw has 0 polygons
2026-07-02 01:09:53 +0200: Memory Usage (456676K) : rfmem_drw has 0 polygons
2026-07-02 01:09:53 +0200: Memory Usage (456676K) : norcx_drw has 0 polygons
2026-07-02 01:09:53 +0200: Memory Usage (456676K) : norcx_m2m3 has 0 polygons
2026-07-02 01:09:53 +0200: Memory Usage (456804K) : norcx_m2m4 has 0 polygons
2026-07-02 01:09:53 +0200: Memory Usage (456804K) : norcx_m2m5 has 0 polygons
2026-07-02 01:09:53 +0200: Memory Usage (456932K) : norcx_m2tm1 has 0 polygons
2026-07-02 01:09:53 +0200: Memory Usage (456932K) : norcx_m2tm2 has 0 polygons
2026-07-02 01:09:53 +0200: Memory Usage (456932K) : norcx_m3m4 has 0 polygons
2026-07-02 01:09:53 +0200: Memory Usage (457060K) : norcx_m3m5 has 0 polygons
2026-07-02 01:09:53 +0200: Memory Usage (457060K) : norcx_m3tm1 has 0 polygons
2026-07-02 01:09:53 +0200: Memory Usage (457188K) : norcx_m3tm2 has 0 polygons
2026-07-02 01:09:53 +0200: Memory Usage (457188K) : norcx_m4m5 has 0 polygons
2026-07-02 01:09:53 +0200: Memory Usage (457188K) : norcx_m4tm1 has 0 polygons
2026-07-02 01:09:53 +0200: Memory Usage (457316K) : norcx_m4tm2 has 0 polygons
2026-07-02 01:09:53 +0200: Memory Usage (457316K) : norcx_m5tm1 has 0 polygons
2026-07-02 01:09:53 +0200: Memory Usage (457316K) : norcx_m5tm2 has 0 polygons
2026-07-02 01:09:53 +0200: Memory Usage (457444K) : norcx_tm1tm2 has 0 polygons
2026-07-02 01:09:53 +0200: Memory Usage (457444K) : norcx_m1sub has 0 polygons
2026-07-02 01:09:53 +0200: Memory Usage (457572K) : norcx_m2sub has 0 polygons
2026-07-02 01:09:53 +0200: Memory Usage (457572K) : norcx_m3sub has 0 polygons
2026-07-02 01:09:53 +0200: Memory Usage (457572K) : norcx_m4sub has 0 polygons
2026-07-02 01:09:53 +0200: Memory Usage (457700K) : norcx_m5sub has 0 polygons
2026-07-02 01:09:53 +0200: Memory Usage (457700K) : norcx_tm1sub has 0 polygons
2026-07-02 01:09:53 +0200: Memory Usage (457828K) : norcx_tm2sub has 0 polygons
2026-07-02 01:09:53 +0200: Memory Usage (457828K) : snsbotvia_drw has 0 polygons
2026-07-02 01:09:53 +0200: Memory Usage (457828K) : snstopvia_drw has 0 polygons
2026-07-02 01:09:53 +0200: Memory Usage (457956K) : deepvia_drw has 0 polygons
2026-07-02 01:09:53 +0200: Memory Usage (457956K) : fgetch_drw has 0 polygons
2026-07-02 01:09:53 +0200: Memory Usage (458084K) : ctrgat_drw has 0 polygons
2026-07-02 01:09:53 +0200: Memory Usage (458084K) : fgimp_drw has 0 polygons
2026-07-02 01:09:53 +0200: Memory Usage (458084K) : emwihv_drw has 0 polygons
2026-07-02 01:09:53 +0200: Memory Usage (458212K) : lbe_drw has 0 polygons
2026-07-02 01:09:53 +0200: Memory Usage (458212K) : alcustop_drw has 0 polygons
2026-07-02 01:09:53 +0200: Memory Usage (458212K) : nometfiller_drw has 0 polygons
2026-07-02 01:09:53 +0200: Memory Usage (458340K) : prboundary_drw has 0 polygons
2026-07-02 01:09:53 +0200: Memory Usage (458340K) : exchange0_drw has 0 polygons
2026-07-02 01:09:53 +0200: Memory Usage (458468K) : exchange0_pin has 0 polygons
2026-07-02 01:09:53 +0200: Memory Usage (458468K) : exchange0_text has 0 polygons
2026-07-02 01:09:53 +0200: Memory Usage (458468K) : exchange1_drw has 0 polygons
2026-07-02 01:09:53 +0200: Memory Usage (458596K) : exchange1_pin has 0 polygons
2026-07-02 01:09:53 +0200: Memory Usage (458596K) : exchange1_text has 0 polygons
2026-07-02 01:09:53 +0200: Memory Usage (458724K) : exchange2_drw has 0 polygons
2026-07-02 01:09:53 +0200: Memory Usage (458724K) : exchange2_pin has 0 polygons
2026-07-02 01:09:53 +0200: Memory Usage (458724K) : exchange2_text has 0 polygons
2026-07-02 01:09:53 +0200: Memory Usage (458852K) : exchange3_drw has 0 polygons
2026-07-02 01:09:53 +0200: Memory Usage (458852K) : exchange3_pin has 0 polygons
2026-07-02 01:09:53 +0200: Memory Usage (458980K) : exchange3_text has 0 polygons
2026-07-02 01:09:53 +0200: Memory Usage (458980K) : exchange4_drw has 0 polygons
2026-07-02 01:09:53 +0200: Memory Usage (458980K) : exchange4_pin has 0 polygons
2026-07-02 01:09:53 +0200: Memory Usage (459108K) : exchange4_text has 0 polygons
2026-07-02 01:09:53 +0200: Memory Usage (459108K) : isonwell_drw has 0 polygons
2026-07-02 01:09:53 +0200: Memory Usage (459108K) : Total no. of polygons in the design is 595410
2026-07-02 01:09:53 +0200: Memory Usage (459108K) : Loaded TECH DRC rules values from /foss/pdks/ihp-sg13cmos5l/libs.tech/klayout/python/sg13cmos5l_pycell_lib/sg13cmos5l_tech_mod.json
2026-07-02 01:09:53 +0200: Memory Usage (459108K) : Loaded default DRC rules values from /foss/pdks/ihp-sg13cmos5l/libs.tech/klayout/tech/drc/rule_decks/sg13cmos5l_tech_default.json
2026-07-02 01:09:53 +0200: Memory Usage (461540K) : Total area of the design is 550788.3153 um^2.
2026-07-02 01:09:53 +0200: Memory Usage (461540K) : The design dimensions are 898.74 um * 612.845 um.
2026-07-02 01:09:53 +0200: Memory Usage (461540K) : Starting general IHP-SG13CMOS5L derivations.
2026-07-02 01:09:53 +0200: Memory Usage (461540K) : Starting Pwell derivations
2026-07-02 01:09:53 +0200: Memory Usage (466404K) : Starting n-Activ derivations
2026-07-02 01:09:53 +0200: Memory Usage (470116K) : Starting p-Activ derivations
2026-07-02 01:09:53 +0200: Memory Usage (470116K) : Starting ptap derivations
2026-07-02 01:09:54 +0200: Memory Usage (470116K) : Starting ntap derivations
2026-07-02 01:09:54 +0200: Memory Usage (470116K) : Starting pact FET derivations
2026-07-02 01:09:54 +0200: Memory Usage (470116K) : Starting nact FET derivations
2026-07-02 01:09:54 +0200: Memory Usage (470116K) : Starting Gate derivations
2026-07-02 01:09:54 +0200: Memory Usage (470116K) : Starting cont/contbar general derivations
2026-07-02 01:09:55 +0200: Memory Usage (485860K) : Starting pad general derivations (TM1 top)
2026-07-02 01:09:55 +0200: Memory Usage (485860K) : Starting IHP-SG13CMOS5L DRC connectivity related derivations.
2026-07-02 01:09:55 +0200: Memory Usage (485860K) : Starting IHP-SG13CMOS5L DRC connectivity setup
2026-07-02 01:09:55 +0200: Memory Usage (486116K) : Starting IHP-SG13CMOS5L DRC rules.
2026-07-02 01:09:55 +0200: Memory Usage (486116K) : Running all FEOL rules
2026-07-02 01:09:55 +0200: Memory Usage (486116K) : Running all BEOL rules
2026-07-02 01:09:55 +0200: Memory Usage (486116K) : Running all PIN rules
2026-07-02 01:09:55 +0200: Memory Usage (486116K) : Running all FORBIDDEN rules
2026-07-02 01:09:55 +0200: Memory Usage (486116K) : Starting 5.1 NWell table
2026-07-02 01:09:55 +0200: Memory Usage (486116K) : Executing rule NW.b
2026-07-02 01:09:56 +0200: Memory Usage (486756K) : Executing rule NW.b1
2026-07-02 01:09:56 +0200: Memory Usage (486756K) : Executing rule NW.f1
2026-07-02 01:09:56 +0200: Memory Usage (486884K) : Executing rule NW.f1.digibnd
2026-07-02 01:09:56 +0200: Memory Usage (486884K) : Starting 5.2 PWell:block
2026-07-02 01:09:56 +0200: Memory Usage (486884K) : Executing rule PWB.e
2026-07-02 01:09:56 +0200: Memory Usage (486884K) : Executing rule PWB.e1
2026-07-02 01:09:56 +0200: Memory Usage (486884K) : Executing rule PWB.f
2026-07-02 01:09:56 +0200: Memory Usage (486884K) : Executing rule PWB.f1
2026-07-02 01:09:56 +0200: Memory Usage (486884K) : Starting 5.3 nBuLay table
2026-07-02 01:09:56 +0200: Memory Usage (486884K) : nBuLay (32/0) is a FORBIDDEN layer in CMOS5L - skipping NBL rules
2026-07-02 01:09:56 +0200: Memory Usage (486884K) : Starting 5.5. Activ table
2026-07-02 01:09:56 +0200: Memory Usage (486884K) : Executing rule Act.a
2026-07-02 01:09:56 +0200: Memory Usage (487012K) : Executing rule Act.b
2026-07-02 01:09:56 +0200: Memory Usage (488036K) : Starting 5.6 Activ:filler table
2026-07-02 01:09:56 +0200: Memory Usage (488036K) : Executing rule AFil.c1
2026-07-02 01:09:56 +0200: Memory Usage (488036K) : Executing rule AFil.c
2026-07-02 01:09:57 +0200: Memory Usage (488036K) : Executing rule AFil.d
2026-07-02 01:09:57 +0200: Memory Usage (488036K) : Skipping rule AFil.e (TRANS is forbidden in CMOS5L)
2026-07-02 01:09:57 +0200: Memory Usage (488036K) : Executing rule AFil.j
2026-07-02 01:09:57 +0200: Memory Usage (488036K) : Starting 5.7. ThickGateOx table
2026-07-02 01:09:57 +0200: Memory Usage (488036K) : Executing rule TGO.f
2026-07-02 01:09:57 +0200: Memory Usage (488036K) : Starting 5.8. GatPoly table
2026-07-02 01:09:57 +0200: Memory Usage (488036K) : Executing rule Gat.a
2026-07-02 01:09:57 +0200: Memory Usage (488036K) : Executing rule Gat.b
2026-07-02 01:09:57 +0200: Memory Usage (488036K) : Executing rule Gat.d
2026-07-02 01:09:57 +0200: Memory Usage (488036K) : Executing rule Gat.a1
2026-07-02 01:09:57 +0200: Memory Usage (488420K) : Executing rule Gat.a2
2026-07-02 01:09:57 +0200: Memory Usage (488420K) : Executing rule Gat.g
2026-07-02 01:09:57 +0200: Memory Usage (488420K) : Starting 5.9 GatPoly:filler
2026-07-02 01:09:57 +0200: Memory Usage (488420K) : Executing rule GFil.d
2026-07-02 01:09:57 +0200: Memory Usage (488420K) : Executing rule GFil.e
2026-07-02 01:09:57 +0200: Memory Usage (488420K) : Executing rule GFil.i
2026-07-02 01:09:57 +0200: Memory Usage (488420K) : Starting 5.10 pSD table
2026-07-02 01:09:57 +0200: Memory Usage (488420K) : Executing rule pSD.c1
2026-07-02 01:09:57 +0200: Memory Usage (491236K) : Starting 5.14. Cont table
2026-07-02 01:09:57 +0200: Memory Usage (491236K) : Executing rule Cnt.a
2026-07-02 01:09:58 +0200: Memory Usage (514788K) : Executing rule Cnt.b
2026-07-02 01:09:59 +0200: Memory Usage (514788K) : Executing rule Cnt.c
2026-07-02 01:09:59 +0200: Memory Usage (515300K) : Executing rule Cnt.c.digibnd
2026-07-02 01:09:59 +0200: Memory Usage (515300K) : Executing rule Cnt.c.SRAM
2026-07-02 01:09:59 +0200: Memory Usage (515300K) : Executing rule Cnt.d
2026-07-02 01:09:59 +0200: Memory Usage (515300K) : Executing rule Cnt.e
2026-07-02 01:09:59 +0200: Memory Usage (515300K) : Executing rule Cnt.g1
2026-07-02 01:10:00 +0200: Memory Usage (515300K) : Executing rule Cnt.g2
2026-07-02 01:10:00 +0200: Memory Usage (515300K) : Starting 5.15. ContBar table
2026-07-02 01:10:00 +0200: Memory Usage (515300K) : Executing rule CntB.b1
2026-07-02 01:10:00 +0200: Memory Usage (515300K) : Executing rule CntB.h1
2026-07-02 01:10:00 +0200: Memory Usage (515300K) : Starting 7.2 Latch-up table
2026-07-02 01:10:00 +0200: Memory Usage (515300K) : Executing rule LU.b
2026-07-02 01:10:02 +0200: Memory Usage (515300K) : Starting 5.16. Metal1 table
2026-07-02 01:10:02 +0200: Memory Usage (515300K) : Executing rule M1.a
2026-07-02 01:10:02 +0200: Memory Usage (515300K) : Executing rule M1.b
2026-07-02 01:10:04 +0200: Memory Usage (520420K) : Executing rule M1.e
2026-07-02 01:10:05 +0200: Memory Usage (520420K) : Executing rule M1.f
2026-07-02 01:10:05 +0200: Memory Usage (520420K) : Executing rule M1.g
2026-07-02 01:10:05 +0200: Memory Usage (522852K) : Executing rule M1.i
2026-07-02 01:10:05 +0200: Memory Usage (525668K) : Starting 5.17 Metaln table
2026-07-02 01:10:05 +0200: Memory Usage (525668K) : Executing rule M2.a
2026-07-02 01:10:05 +0200: Memory Usage (525668K) : Executing rule M2.b
2026-07-02 01:10:06 +0200: Memory Usage (525668K) : Executing rule M2.e
2026-07-02 01:10:06 +0200: Memory Usage (525668K) : Executing rule M2.f
2026-07-02 01:10:06 +0200: Memory Usage (525668K) : Executing rule M2.g
2026-07-02 01:10:06 +0200: Memory Usage (525668K) : Executing rule M2.i
2026-07-02 01:10:06 +0200: Memory Usage (525668K) : Executing rule M3.a
2026-07-02 01:10:06 +0200: Memory Usage (525668K) : Executing rule M3.b
2026-07-02 01:10:06 +0200: Memory Usage (525668K) : Executing rule M3.e
2026-07-02 01:10:06 +0200: Memory Usage (525668K) : Executing rule M3.f
2026-07-02 01:10:06 +0200: Memory Usage (525668K) : Executing rule M3.g
2026-07-02 01:10:06 +0200: Memory Usage (525668K) : Executing rule M3.i
2026-07-02 01:10:07 +0200: Memory Usage (525668K) : Executing rule M4.a
2026-07-02 01:10:07 +0200: Memory Usage (525668K) : Executing rule M4.b
2026-07-02 01:10:07 +0200: Memory Usage (525668K) : Executing rule M4.e
2026-07-02 01:10:07 +0200: Memory Usage (525668K) : Executing rule M4.f
2026-07-02 01:10:07 +0200: Memory Usage (525668K) : Executing rule M4.g
2026-07-02 01:10:07 +0200: Memory Usage (525668K) : Executing rule M4.i
2026-07-02 01:10:07 +0200: Memory Usage (525668K) : Starting 5.18 Metaln:filler table
2026-07-02 01:10:07 +0200: Memory Usage (525668K) : Executing rule M1Fil.c
2026-07-02 01:10:07 +0200: Memory Usage (525668K) : Executing rule M1Fil.a2
2026-07-02 01:10:07 +0200: Memory Usage (525668K) : Executing rule M2Fil.c
2026-07-02 01:10:07 +0200: Memory Usage (525668K) : Executing rule M2Fil.a2
2026-07-02 01:10:07 +0200: Memory Usage (525668K) : Executing rule M3Fil.c
2026-07-02 01:10:07 +0200: Memory Usage (525668K) : Executing rule M3Fil.a2
2026-07-02 01:10:07 +0200: Memory Usage (525668K) : Executing rule M4Fil.c
2026-07-02 01:10:07 +0200: Memory Usage (525668K) : Executing rule M4Fil.a2
2026-07-02 01:10:07 +0200: Memory Usage (525668K) : Starting 5.19. Via1 table
2026-07-02 01:10:07 +0200: Memory Usage (525668K) : Starting 5.19. Via1 table derivations
2026-07-02 01:10:07 +0200: Memory Usage (525668K) : Executing rule V1.a
2026-07-02 01:10:07 +0200: Memory Usage (525668K) : Executing rule V1.b
2026-07-02 01:10:07 +0200: Memory Usage (525668K) : Executing rule V1.c
2026-07-02 01:10:07 +0200: Memory Usage (525668K) : Starting 5.20. Vian table
2026-07-02 01:10:07 +0200: Memory Usage (525668K) : Executing rule V2.a
2026-07-02 01:10:07 +0200: Memory Usage (525668K) : Executing rule V2.b
2026-07-02 01:10:07 +0200: Memory Usage (525668K) : Executing rule V2.c
2026-07-02 01:10:07 +0200: Memory Usage (525668K) : Executing rule V3.a
2026-07-02 01:10:07 +0200: Memory Usage (525668K) : Executing rule V3.b
2026-07-02 01:10:07 +0200: Memory Usage (525668K) : Executing rule V3.c
2026-07-02 01:10:07 +0200: Memory Usage (525668K) : Starting 5.21. TopVia1 table
2026-07-02 01:10:07 +0200: Memory Usage (525668K) : Executing rule TV1.a
2026-07-02 01:10:08 +0200: Memory Usage (525668K) : Executing rule TV1.b
2026-07-02 01:10:08 +0200: Memory Usage (525668K) : Executing rule TV1.c
2026-07-02 01:10:08 +0200: Memory Usage (525668K) : Executing rule TV1.d
2026-07-02 01:10:08 +0200: Memory Usage (525668K) : Starting 5.22. TopMetal1 table
2026-07-02 01:10:08 +0200: Memory Usage (525668K) : Executing rule TM1.a
2026-07-02 01:10:08 +0200: Memory Usage (525668K) : Executing rule TM1.b
2026-07-02 01:10:08 +0200: Memory Usage (525668K) : Starting 5.23 TopMetal1:filler table
2026-07-02 01:10:08 +0200: Memory Usage (525668K) : Executing rule TM1Fil.c
2026-07-02 01:10:08 +0200: Memory Usage (525668K) : Executing rule TM1Fil.a1
2026-07-02 01:10:08 +0200: Memory Usage (525668K) : Starting 5.27. Passiv table
2026-07-02 01:10:08 +0200: Memory Usage (525668K) : Executing rule Pas.a
2026-07-02 01:10:08 +0200: Memory Usage (525668K) : Executing rule Pas.b
2026-07-02 01:10:08 +0200: Memory Usage (525668K) : Executing rule Pas.c
2026-07-02 01:10:08 +0200: Memory Usage (525668K) : Starting 6.9 Pad table
2026-07-02 01:10:08 +0200: Memory Usage (525668K) : Executing rule Pad.m
2026-07-02 01:10:08 +0200: Memory Usage (525668K) : Executing rule Pad.fR_M1
2026-07-02 01:10:08 +0200: Memory Usage (525668K) : Executing rule Pad.fR_M2
2026-07-02 01:10:08 +0200: Memory Usage (525668K) : Executing rule Pad.fR_M3
2026-07-02 01:10:08 +0200: Memory Usage (525668K) : Executing rule Pad.fR_M4
2026-07-02 01:10:08 +0200: Memory Usage (525668K) : Executing rule Pad.fR_TM1
2026-07-02 01:10:08 +0200: Memory Usage (525668K) : Executing rule Pad.i
2026-07-02 01:10:08 +0200: Memory Usage (525668K) : Starting 6.10 Sealring table
2026-07-02 01:10:08 +0200: Memory Usage (525668K) : Executing rule Seal.l
2026-07-02 01:10:08 +0200: Memory Usage (525668K) : Executing rule Seal.n
2026-07-02 01:10:08 +0200: Memory Usage (525668K) : Executing rule seal.b_metal1
2026-07-02 01:10:08 +0200: Memory Usage (525668K) : Executing rule seal.b_metal2
2026-07-02 01:10:08 +0200: Memory Usage (525668K) : Executing rule seal.b_metal3
2026-07-02 01:10:08 +0200: Memory Usage (525668K) : Executing rule seal.b_metal4
2026-07-02 01:10:08 +0200: Memory Usage (525668K) : Executing rule seal.b_topmetal1
2026-07-02 01:10:08 +0200: Memory Usage (525668K) : Executing rule seal.b_activ
2026-07-02 01:10:08 +0200: Memory Usage (525668K) : Executing rule seal.b_psd
2026-07-02 01:10:08 +0200: Memory Usage (525668K) : Executing rule Seal.k
2026-07-02 01:10:08 +0200: Memory Usage (525668K) : Executing rule Seal.m
2026-07-02 01:10:08 +0200: Memory Usage (525668K) : Starting 7.3 Metal Slits table
2026-07-02 01:10:08 +0200: Memory Usage (525668K) : Executing rule Slt.e1_M1
2026-07-02 01:10:08 +0200: Memory Usage (525668K) : Executing rule Slt.e1_M2
2026-07-02 01:10:08 +0200: Memory Usage (525668K) : Executing rule Slt.e1_M3
2026-07-02 01:10:08 +0200: Memory Usage (525668K) : Executing rule Slt.e1_M4
2026-07-02 01:10:08 +0200: Memory Usage (525668K) : Executing rule Slt.e1_TM1
2026-07-02 01:10:08 +0200: Memory Usage (525668K) : Starting 9.1. LBE table
2026-07-02 01:10:08 +0200: Memory Usage (525668K) : Executing rule LBE.a
2026-07-02 01:10:08 +0200: Memory Usage (525668K) : Executing rule LBE.b
2026-07-02 01:10:08 +0200: Memory Usage (525668K) : Executing rule LBE.b1
2026-07-02 01:10:08 +0200: Memory Usage (525668K) : Executing rule LBE.c
2026-07-02 01:10:08 +0200: Memory Usage (525668K) : Executing rule LBE.d
2026-07-02 01:10:08 +0200: Memory Usage (525668K) : Executing rule LBE.h
2026-07-02 01:10:08 +0200: Memory Usage (525668K) : Starting 7.4. PIN table
2026-07-02 01:10:08 +0200: Memory Usage (525668K) : Executing rule Pin.a
2026-07-02 01:10:08 +0200: Memory Usage (525668K) : Executing rule Pin.b
2026-07-02 01:10:08 +0200: Memory Usage (525668K) : Executing rule Pin.e
2026-07-02 01:10:08 +0200: Memory Usage (525668K) : Executing rule Pin.f_M2
2026-07-02 01:10:08 +0200: Memory Usage (525668K) : Executing rule Pin.f_M3
2026-07-02 01:10:08 +0200: Memory Usage (525668K) : Executing rule Pin.f_M4
2026-07-02 01:10:08 +0200: Memory Usage (525668K) : Executing rule Pin.g
2026-07-02 01:10:08 +0200: Memory Usage (525668K) : Starting 3.1. offgrid table
2026-07-02 01:10:08 +0200: Memory Usage (525668K) : Executing rule activ_drw_Offgrid
2026-07-02 01:10:08 +0200: Memory Usage (525668K) : Executing rule activ_pin_Offgrid
2026-07-02 01:10:08 +0200: Memory Usage (525668K) : Executing rule activ_mask_Offgrid
2026-07-02 01:10:08 +0200: Memory Usage (525668K) : Executing rule activ_filler_Offgrid
2026-07-02 01:10:08 +0200: Memory Usage (525668K) : Executing rule activ_nofill_Offgrid
2026-07-02 01:10:08 +0200: Memory Usage (525668K) : Executing rule activ_opc_Offgrid
2026-07-02 01:10:08 +0200: Memory Usage (525668K) : Executing rule activ_iopc_Offgrid
2026-07-02 01:10:08 +0200: Memory Usage (525668K) : Executing rule activ_noqrc_Offgrid
2026-07-02 01:10:08 +0200: Memory Usage (525668K) : Executing rule gatpoly_drw_Offgrid
2026-07-02 01:10:08 +0200: Memory Usage (525668K) : Executing rule gatpoly_pin_Offgrid
2026-07-02 01:10:08 +0200: Memory Usage (525668K) : Executing rule gatpoly_filler_Offgrid
2026-07-02 01:10:08 +0200: Memory Usage (525668K) : Executing rule gatpoly_nofill_Offgrid
2026-07-02 01:10:08 +0200: Memory Usage (525668K) : Executing rule gatpoly_opc_Offgrid
2026-07-02 01:10:08 +0200: Memory Usage (525668K) : Executing rule gatpoly_iopc_Offgrid
2026-07-02 01:10:08 +0200: Memory Usage (525668K) : Executing rule gatpoly_noqrc_Offgrid
2026-07-02 01:10:09 +0200: Memory Usage (525668K) : Executing rule cont_drw_Offgrid
2026-07-02 01:10:10 +0200: Memory Usage (575076K) : Executing rule cont_opc_Offgrid
2026-07-02 01:10:10 +0200: Memory Usage (575076K) : Executing rule nsd_drw_Offgrid
2026-07-02 01:10:10 +0200: Memory Usage (575076K) : Executing rule nsd_block_Offgrid
2026-07-02 01:10:10 +0200: Memory Usage (575076K) : Executing rule metal1_drw_Offgrid
2026-07-02 01:10:10 +0200: Memory Usage (575076K) : Executing rule metal1_pin_Offgrid
2026-07-02 01:10:11 +0200: Memory Usage (575076K) : Executing rule metal1_mask_Offgrid
2026-07-02 01:10:11 +0200: Memory Usage (575076K) : Executing rule metal1_filler_Offgrid
2026-07-02 01:10:11 +0200: Memory Usage (575076K) : Executing rule metal1_nofill_Offgrid
2026-07-02 01:10:11 +0200: Memory Usage (575076K) : Executing rule metal1_slit_Offgrid
2026-07-02 01:10:11 +0200: Memory Usage (575076K) : Executing rule metal1_opc_Offgrid
2026-07-02 01:10:11 +0200: Memory Usage (575076K) : Executing rule metal1_noqrc_Offgrid
2026-07-02 01:10:11 +0200: Memory Usage (575076K) : Executing rule metal1_res_Offgrid
2026-07-02 01:10:11 +0200: Memory Usage (575076K) : Executing rule metal1_iprobe_Offgrid
2026-07-02 01:10:11 +0200: Memory Usage (575076K) : Executing rule metal1_diffprb_Offgrid
2026-07-02 01:10:11 +0200: Memory Usage (575076K) : Executing rule passiv_drw_Offgrid
2026-07-02 01:10:11 +0200: Memory Usage (575076K) : Executing rule passiv_pin_Offgrid
2026-07-02 01:10:11 +0200: Memory Usage (575076K) : Executing rule passiv_pillar_Offgrid
2026-07-02 01:10:11 +0200: Memory Usage (575076K) : Executing rule passiv_sbump_Offgrid
2026-07-02 01:10:11 +0200: Memory Usage (575076K) : Executing rule passiv_pdl_Offgrid
2026-07-02 01:10:11 +0200: Memory Usage (575076K) : Executing rule metal2_drw_Offgrid
2026-07-02 01:10:11 +0200: Memory Usage (575076K) : Executing rule metal2_pin_Offgrid
2026-07-02 01:10:11 +0200: Memory Usage (575076K) : Executing rule metal2_mask_Offgrid
2026-07-02 01:10:11 +0200: Memory Usage (575076K) : Executing rule metal2_filler_Offgrid
2026-07-02 01:10:11 +0200: Memory Usage (575076K) : Executing rule metal2_nofill_Offgrid
2026-07-02 01:10:11 +0200: Memory Usage (575076K) : Executing rule metal2_slit_Offgrid
2026-07-02 01:10:11 +0200: Memory Usage (575076K) : Executing rule metal2_opc_Offgrid
2026-07-02 01:10:11 +0200: Memory Usage (575076K) : Executing rule metal2_noqrc_Offgrid
2026-07-02 01:10:11 +0200: Memory Usage (575076K) : Executing rule metal2_res_Offgrid
2026-07-02 01:10:11 +0200: Memory Usage (575076K) : Executing rule metal2_iprobe_Offgrid
2026-07-02 01:10:11 +0200: Memory Usage (575076K) : Executing rule metal2_diffprb_Offgrid
2026-07-02 01:10:11 +0200: Memory Usage (575076K) : Executing rule psd_drw_Offgrid
2026-07-02 01:10:12 +0200: Memory Usage (575076K) : Executing rule via1_drw_Offgrid
2026-07-02 01:10:12 +0200: Memory Usage (575076K) : Executing rule salblock_drw_Offgrid
2026-07-02 01:10:12 +0200: Memory Usage (575076K) : Executing rule via2_drw_Offgrid
2026-07-02 01:10:12 +0200: Memory Usage (575076K) : Executing rule metal3_drw_Offgrid
2026-07-02 01:10:12 +0200: Memory Usage (575076K) : Executing rule metal3_pin_Offgrid
2026-07-02 01:10:12 +0200: Memory Usage (575076K) : Executing rule metal3_mask_Offgrid
2026-07-02 01:10:12 +0200: Memory Usage (575076K) : Executing rule metal3_filler_Offgrid
2026-07-02 01:10:12 +0200: Memory Usage (575076K) : Executing rule metal3_nofill_Offgrid
2026-07-02 01:10:12 +0200: Memory Usage (575076K) : Executing rule metal3_slit_Offgrid
2026-07-02 01:10:12 +0200: Memory Usage (575076K) : Executing rule metal3_opc_Offgrid
2026-07-02 01:10:12 +0200: Memory Usage (575076K) : Executing rule metal3_noqrc_Offgrid
2026-07-02 01:10:12 +0200: Memory Usage (575076K) : Executing rule metal3_res_Offgrid
2026-07-02 01:10:12 +0200: Memory Usage (575076K) : Executing rule metal3_iprobe_Offgrid
2026-07-02 01:10:12 +0200: Memory Usage (575076K) : Executing rule metal3_diffprb_Offgrid
2026-07-02 01:10:12 +0200: Memory Usage (575076K) : Executing rule nwell_drw_Offgrid
2026-07-02 01:10:12 +0200: Memory Usage (575076K) : Executing rule nwell_pin_Offgrid
2026-07-02 01:10:13 +0200: Memory Usage (575076K) : Executing rule pwell_drw_Offgrid
2026-07-02 01:10:13 +0200: Memory Usage (575076K) : Executing rule pwell_pin_Offgrid
2026-07-02 01:10:13 +0200: Memory Usage (575076K) : Executing rule pwell_block_Offgrid
2026-07-02 01:10:13 +0200: Memory Usage (575076K) : Executing rule substrate_drw_Offgrid
2026-07-02 01:10:13 +0200: Memory Usage (575076K) : Executing rule via3_drw_Offgrid
2026-07-02 01:10:13 +0200: Memory Usage (575076K) : Executing rule metal4_drw_Offgrid
2026-07-02 01:10:13 +0200: Memory Usage (575076K) : Executing rule metal4_pin_Offgrid
2026-07-02 01:10:13 +0200: Memory Usage (575076K) : Executing rule metal4_mask_Offgrid
2026-07-02 01:10:13 +0200: Memory Usage (575076K) : Executing rule metal4_filler_Offgrid
2026-07-02 01:10:13 +0200: Memory Usage (575076K) : Executing rule metal4_nofill_Offgrid
2026-07-02 01:10:13 +0200: Memory Usage (575076K) : Executing rule metal4_slit_Offgrid
2026-07-02 01:10:13 +0200: Memory Usage (575076K) : Executing rule metal4_opc_Offgrid
2026-07-02 01:10:13 +0200: Memory Usage (575076K) : Executing rule metal4_noqrc_Offgrid
2026-07-02 01:10:13 +0200: Memory Usage (575076K) : Executing rule metal4_res_Offgrid
2026-07-02 01:10:13 +0200: Memory Usage (575076K) : Executing rule metal4_iprobe_Offgrid
2026-07-02 01:10:13 +0200: Memory Usage (575076K) : Executing rule metal4_diffprb_Offgrid
2026-07-02 01:10:13 +0200: Memory Usage (575076K) : Executing rule topvia1_drw_Offgrid
2026-07-02 01:10:13 +0200: Memory Usage (575076K) : Executing rule topmetal1_drw_Offgrid
2026-07-02 01:10:13 +0200: Memory Usage (575076K) : Executing rule topmetal1_pin_Offgrid
2026-07-02 01:10:13 +0200: Memory Usage (575076K) : Executing rule topmetal1_mask_Offgrid
2026-07-02 01:10:13 +0200: Memory Usage (575076K) : Executing rule topmetal1_filler_Offgrid
2026-07-02 01:10:13 +0200: Memory Usage (575076K) : Executing rule topmetal1_nofill_Offgrid
2026-07-02 01:10:13 +0200: Memory Usage (575076K) : Executing rule topmetal1_slit_Offgrid
2026-07-02 01:10:13 +0200: Memory Usage (575076K) : Executing rule topmetal1_noqrc_Offgrid
2026-07-02 01:10:13 +0200: Memory Usage (575076K) : Executing rule topmetal1_res_Offgrid
2026-07-02 01:10:13 +0200: Memory Usage (575076K) : Executing rule topmetal1_iprobe_Offgrid
2026-07-02 01:10:13 +0200: Memory Usage (575076K) : Executing rule topmetal1_diffprb_Offgrid
2026-07-02 01:10:13 +0200: Memory Usage (575076K) : Executing rule thickgateox_drw_Offgrid
2026-07-02 01:10:13 +0200: Memory Usage (575076K) : Executing rule polyres_drw_Offgrid
2026-07-02 01:10:14 +0200: Memory Usage (575076K) : Executing rule polyres_pin_Offgrid
2026-07-02 01:10:14 +0200: Memory Usage (575076K) : Executing rule antmetal1_drw_Offgrid
2026-07-02 01:10:14 +0200: Memory Usage (575076K) : Executing rule thinfilmres_drw_Offgrid
2026-07-02 01:10:14 +0200: Memory Usage (575076K) : Executing rule lbe_drw_Offgrid
2026-07-02 01:10:14 +0200: Memory Usage (575076K) : Executing rule prboundary_drw_Offgrid
2026-07-02 01:10:14 +0200: Memory Usage (575076K) : Starting 3.2. angle table
2026-07-02 01:10:14 +0200: Memory Usage (575076K) : Executing rule activ_drw_Acute
2026-07-02 01:10:14 +0200: Memory Usage (575076K) : Executing rule activ_pin_Acute
2026-07-02 01:10:14 +0200: Memory Usage (575076K) : Executing rule activ_mask_Acute
2026-07-02 01:10:14 +0200: Memory Usage (575076K) : Executing rule activ_filler_Acute
2026-07-02 01:10:14 +0200: Memory Usage (575076K) : Executing rule activ_nofill_Acute
2026-07-02 01:10:14 +0200: Memory Usage (575076K) : Executing rule activ_opc_Acute
2026-07-02 01:10:14 +0200: Memory Usage (575076K) : Executing rule activ_iopc_Acute
2026-07-02 01:10:14 +0200: Memory Usage (575076K) : Executing rule activ_noqrc_Acute
2026-07-02 01:10:14 +0200: Memory Usage (575076K) : Executing rule gatpoly_drw_Acute
2026-07-02 01:10:14 +0200: Memory Usage (575076K) : Executing rule gatpoly_pin_Acute
2026-07-02 01:10:14 +0200: Memory Usage (575076K) : Executing rule gatpoly_filler_Acute
2026-07-02 01:10:14 +0200: Memory Usage (575076K) : Executing rule gatpoly_nofill_Acute
2026-07-02 01:10:14 +0200: Memory Usage (575076K) : Executing rule gatpoly_opc_Acute
2026-07-02 01:10:14 +0200: Memory Usage (575076K) : Executing rule gatpoly_iopc_Acute
2026-07-02 01:10:14 +0200: Memory Usage (575076K) : Executing rule gatpoly_noqrc_Acute
2026-07-02 01:10:14 +0200: Memory Usage (575076K) : Executing rule cont_drw_Acute
2026-07-02 01:10:15 +0200: Memory Usage (564628K) : Executing rule cont_opc_Acute
2026-07-02 01:10:15 +0200: Memory Usage (562324K) : Executing rule nsd_drw_Acute
2026-07-02 01:10:15 +0200: Memory Usage (562324K) : Executing rule nsd_block_Acute
2026-07-02 01:10:15 +0200: Memory Usage (562324K) : Executing rule metal1_drw_Acute
2026-07-02 01:10:16 +0200: Memory Usage (562324K) : Executing rule metal1_pin_Acute
2026-07-02 01:10:16 +0200: Memory Usage (560788K) : Executing rule metal1_mask_Acute
2026-07-02 01:10:16 +0200: Memory Usage (560788K) : Executing rule metal1_filler_Acute
2026-07-02 01:10:16 +0200: Memory Usage (560788K) : Executing rule metal1_nofill_Acute
2026-07-02 01:10:16 +0200: Memory Usage (560788K) : Executing rule metal1_slit_Acute
2026-07-02 01:10:16 +0200: Memory Usage (560788K) : Executing rule metal1_opc_Acute
2026-07-02 01:10:16 +0200: Memory Usage (560788K) : Executing rule metal1_noqrc_Acute
2026-07-02 01:10:16 +0200: Memory Usage (560788K) : Executing rule metal1_res_Acute
2026-07-02 01:10:16 +0200: Memory Usage (560788K) : Executing rule metal1_iprobe_Acute
2026-07-02 01:10:16 +0200: Memory Usage (560788K) : Executing rule metal1_diffprb_Acute
2026-07-02 01:10:16 +0200: Memory Usage (560788K) : Executing rule passiv_drw_Acute
2026-07-02 01:10:16 +0200: Memory Usage (560788K) : Executing rule passiv_pin_Acute
2026-07-02 01:10:16 +0200: Memory Usage (560788K) : Executing rule passiv_pillar_Acute
2026-07-02 01:10:16 +0200: Memory Usage (560788K) : Executing rule passiv_sbump_Acute
2026-07-02 01:10:16 +0200: Memory Usage (560788K) : Executing rule passiv_pdl_Acute
2026-07-02 01:10:16 +0200: Memory Usage (560788K) : Executing rule metal2_drw_Acute
2026-07-02 01:10:16 +0200: Memory Usage (560788K) : Executing rule metal2_pin_Acute
2026-07-02 01:10:16 +0200: Memory Usage (560788K) : Executing rule metal2_mask_Acute
2026-07-02 01:10:16 +0200: Memory Usage (560788K) : Executing rule metal2_filler_Acute
2026-07-02 01:10:16 +0200: Memory Usage (560788K) : Executing rule metal2_nofill_Acute
2026-07-02 01:10:16 +0200: Memory Usage (559764K) : Executing rule metal2_slit_Acute
2026-07-02 01:10:16 +0200: Memory Usage (559764K) : Executing rule metal2_opc_Acute
2026-07-02 01:10:16 +0200: Memory Usage (559764K) : Executing rule metal2_noqrc_Acute
2026-07-02 01:10:16 +0200: Memory Usage (559764K) : Executing rule metal2_res_Acute
2026-07-02 01:10:16 +0200: Memory Usage (559764K) : Executing rule metal2_iprobe_Acute
2026-07-02 01:10:16 +0200: Memory Usage (559764K) : Executing rule metal2_diffprb_Acute
2026-07-02 01:10:16 +0200: Memory Usage (559764K) : Executing rule psd_drw_Acute
2026-07-02 01:10:16 +0200: Memory Usage (559764K) : Executing rule via1_drw_Acute
2026-07-02 01:10:17 +0200: Memory Usage (559764K) : Executing rule salblock_drw_Acute
2026-07-02 01:10:17 +0200: Memory Usage (559764K) : Executing rule via2_drw_Acute
2026-07-02 01:10:17 +0200: Memory Usage (559764K) : Executing rule metal3_drw_Acute
2026-07-02 01:10:17 +0200: Memory Usage (559764K) : Executing rule metal3_pin_Acute
2026-07-02 01:10:17 +0200: Memory Usage (559764K) : Executing rule metal3_mask_Acute
2026-07-02 01:10:17 +0200: Memory Usage (559764K) : Executing rule metal3_filler_Acute
2026-07-02 01:10:17 +0200: Memory Usage (559764K) : Executing rule metal3_nofill_Acute
2026-07-02 01:10:17 +0200: Memory Usage (559764K) : Executing rule metal3_slit_Acute
2026-07-02 01:10:17 +0200: Memory Usage (559764K) : Executing rule metal3_opc_Acute
2026-07-02 01:10:17 +0200: Memory Usage (559764K) : Executing rule metal3_noqrc_Acute
2026-07-02 01:10:17 +0200: Memory Usage (559764K) : Executing rule metal3_res_Acute
2026-07-02 01:10:17 +0200: Memory Usage (559764K) : Executing rule metal3_iprobe_Acute
2026-07-02 01:10:17 +0200: Memory Usage (559764K) : Executing rule metal3_diffprb_Acute
2026-07-02 01:10:17 +0200: Memory Usage (559764K) : Executing rule nwell_drw_Acute
2026-07-02 01:10:17 +0200: Memory Usage (558356K) : Executing rule nwell_pin_Acute
2026-07-02 01:10:17 +0200: Memory Usage (558356K) : Executing rule pwell_drw_Acute
2026-07-02 01:10:18 +0200: Memory Usage (558356K) : Executing rule pwell_pin_Acute
2026-07-02 01:10:18 +0200: Memory Usage (558356K) : Executing rule pwell_block_Acute
2026-07-02 01:10:18 +0200: Memory Usage (558356K) : Executing rule substrate_drw_Acute
2026-07-02 01:10:18 +0200: Memory Usage (558356K) : Executing rule via3_drw_Acute
2026-07-02 01:10:18 +0200: Memory Usage (558356K) : Executing rule metal4_drw_Acute
2026-07-02 01:10:18 +0200: Memory Usage (558356K) : Executing rule metal4_pin_Acute
2026-07-02 01:10:18 +0200: Memory Usage (558356K) : Executing rule metal4_mask_Acute
2026-07-02 01:10:18 +0200: Memory Usage (558356K) : Executing rule metal4_filler_Acute
2026-07-02 01:10:18 +0200: Memory Usage (558356K) : Executing rule metal4_nofill_Acute
2026-07-02 01:10:18 +0200: Memory Usage (558356K) : Executing rule metal4_slit_Acute
2026-07-02 01:10:18 +0200: Memory Usage (558356K) : Executing rule metal4_opc_Acute
2026-07-02 01:10:18 +0200: Memory Usage (558356K) : Executing rule metal4_noqrc_Acute
2026-07-02 01:10:18 +0200: Memory Usage (558356K) : Executing rule metal4_res_Acute
2026-07-02 01:10:18 +0200: Memory Usage (557972K) : Executing rule metal4_iprobe_Acute
2026-07-02 01:10:18 +0200: Memory Usage (557972K) : Executing rule metal4_diffprb_Acute
2026-07-02 01:10:18 +0200: Memory Usage (557972K) : Executing rule topvia1_drw_Acute
2026-07-02 01:10:18 +0200: Memory Usage (557972K) : Executing rule topmetal1_drw_Acute
2026-07-02 01:10:18 +0200: Memory Usage (557972K) : Executing rule topmetal1_pin_Acute
2026-07-02 01:10:18 +0200: Memory Usage (557972K) : Executing rule topmetal1_mask_Acute
2026-07-02 01:10:18 +0200: Memory Usage (557972K) : Executing rule topmetal1_filler_Acute
2026-07-02 01:10:18 +0200: Memory Usage (557972K) : Executing rule topmetal1_nofill_Acute
2026-07-02 01:10:18 +0200: Memory Usage (557972K) : Executing rule topmetal1_slit_Acute
2026-07-02 01:10:18 +0200: Memory Usage (557972K) : Executing rule topmetal1_noqrc_Acute
2026-07-02 01:10:18 +0200: Memory Usage (557972K) : Executing rule topmetal1_res_Acute
2026-07-02 01:10:18 +0200: Memory Usage (557972K) : Executing rule topmetal1_iprobe_Acute
2026-07-02 01:10:18 +0200: Memory Usage (557972K) : Executing rule topmetal1_diffprb_Acute
2026-07-02 01:10:18 +0200: Memory Usage (557972K) : Executing rule thickgateox_drw_Acute
2026-07-02 01:10:18 +0200: Memory Usage (557972K) : Executing rule polyres_drw_Acute
2026-07-02 01:10:18 +0200: Memory Usage (557972K) : Executing rule polyres_pin_Acute
2026-07-02 01:10:18 +0200: Memory Usage (557972K) : Executing rule antmetal1_drw_Acute
2026-07-02 01:10:18 +0200: Memory Usage (557972K) : Executing rule thinfilmres_drw_Acute
2026-07-02 01:10:18 +0200: Memory Usage (557972K) : Executing rule lbe_drw_Acute
2026-07-02 01:10:18 +0200: Memory Usage (557972K) : Executing rule prboundary_drw_Acute
2026-07-02 01:10:18 +0200: Memory Usage (557972K) : Executing rule cont_drw_Angle90
2026-07-02 01:10:21 +0200: Memory Usage (613424K) : Executing rule via1_drw_Angle90
2026-07-02 01:10:21 +0200: Memory Usage (613424K) : Executing rule via2_drw_Angle90
2026-07-02 01:10:22 +0200: Memory Usage (613424K) : Executing rule via3_drw_Angle90
2026-07-02 01:10:22 +0200: Memory Usage (613168K) : Executing rule topvia1_drw_Angle90
2026-07-02 01:10:22 +0200: Memory Usage (613168K) : Executing rule gatpoly_drw_Angle45
2026-07-02 01:10:22 +0200: Memory Usage (613168K) : Executing rule activ_drw_Angle45
2026-07-02 01:10:23 +0200: Memory Usage (613040K) : Executing rule metal1_drw_Angle45
2026-07-02 01:10:26 +0200: Memory Usage (617008K) : Executing rule metal2_drw_Angle45
2026-07-02 01:10:27 +0200: Memory Usage (617984K) : Executing rule metal3_drw_Angle45
2026-07-02 01:10:27 +0200: Memory Usage (617984K) : Executing rule metal4_drw_Angle45
2026-07-02 01:10:28 +0200: Memory Usage (617984K) : Executing rule topmetal1_drw_Angle45
2026-07-02 01:10:28 +0200: Memory Usage (617984K) : Starting 3.2. FORBIDDEN table
2026-07-02 01:10:28 +0200: Memory Usage (617984K) : Executing rule forbidden.biwind
2026-07-02 01:10:28 +0200: Memory Usage (617984K) : Executing rule forbidden.pemwind
2026-07-02 01:10:28 +0200: Memory Usage (617984K) : Executing rule forbidden.baspoly
2026-07-02 01:10:28 +0200: Memory Usage (617984K) : Executing rule forbidden.deepco
2026-07-02 01:10:28 +0200: Memory Usage (617984K) : Executing rule forbidden.pempoly
2026-07-02 01:10:28 +0200: Memory Usage (617984K) : Executing rule forbidden.empoly
2026-07-02 01:10:28 +0200: Memory Usage (617984K) : Executing rule forbidden.ldmos
2026-07-02 01:10:28 +0200: Memory Usage (617984K) : Executing rule forbidden.pbiwind
2026-07-02 01:10:28 +0200: Memory Usage (617984K) : Executing rule forbidden.nodrc
2026-07-02 01:10:28 +0200: Memory Usage (617984K) : Executing rule forbidden.flash
2026-07-02 01:10:28 +0200: Memory Usage (617984K) : Executing rule forbidden.colwind
2026-07-02 01:10:28 +0200: Memory Usage (617984K) : Starting 3.2. CMOS5L FORBIDDEN layers check
2026-07-02 01:10:28 +0200: Memory Usage (617984K) : Executing rule CMOS5L.FORB.Metal5
2026-07-02 01:10:28 +0200: Memory Usage (617984K) : Executing rule CMOS5L.FORB.Metal5.filler
2026-07-02 01:10:28 +0200: Memory Usage (617984K) : Executing rule CMOS5L.FORB.Via4
2026-07-02 01:10:28 +0200: Memory Usage (617984K) : Executing rule CMOS5L.FORB.TopMetal2
2026-07-02 01:10:28 +0200: Memory Usage (617984K) : Executing rule CMOS5L.FORB.TopMetal2.filler
2026-07-02 01:10:28 +0200: Memory Usage (617984K) : Executing rule CMOS5L.FORB.TopVia2
2026-07-02 01:10:28 +0200: Memory Usage (617984K) : Executing rule CMOS5L.FORB.TRANS
2026-07-02 01:10:28 +0200: Memory Usage (617984K) : Executing rule CMOS5L.FORB.nBuLay
2026-07-02 01:10:28 +0200: Memory Usage (617984K) : Executing rule CMOS5L.FORB.MIM
2026-07-02 01:10:28 +0200: Memory Usage (617984K) : Executing rule CMOS5L.FORB.Vmim
2026-07-02 01:10:28 +0200: Memory Usage (617984K) : KLayout DRC run for tables 'main' completed in 35.63 seconds
